Log file open, 07/01/19 11:09:46
LogWindows: Failed to load 'aqProf.dll' (GetLastError=126)
LogWindows: File 'aqProf.dll' does not exist
LogWindows: Failed to load 'VSPerf140.dll' (GetLastError=126)
LogWindows: File 'VSPerf140.dll' does not exist
LogWindows: Failed to load 'VtuneApi.dll' (GetLastError=126)
LogWindows: File 'VtuneApi.dll' does not exist
LogWindows: Failed to load 'VtuneApi32e.dll' (GetLastError=126)
LogWindows: File 'VtuneApi32e.dll' does not exist
LogInit: Display: Running engine for game: 멀티플레이어슈팅
LogPlatformFile: Not using cached read wrapper
LogTaskGraph: Started task graph with 5 named threads and 23 total threads with 3 sets of task threads.
LogStats: Stats thread started at 0.296034
LogD3D11RHI: Loaded GFSDK_Aftermath_Lib.x64.dll
LogICUInternationalization: Display: ICU TimeZone Detection - Raw Offset: +9:00, Platform Override: ''
LogPluginManager: Mounting plugin Paper2D
LogPluginManager: Mounting plugin AISupport
LogPluginManager: Mounting plugin LightPropagationVolume
LogPluginManager: Mounting plugin CLionSourceCodeAccess
LogPluginManager: Mounting plugin CodeLiteSourceCodeAccess
LogPluginManager: Mounting plugin GitSourceControl
LogPluginManager: Mounting plugin KDevelopSourceCodeAccess
LogPluginManager: Mounting plugin NullSourceCodeAccess
LogPluginManager: Mounting plugin PerforceSourceControl
LogPluginManager: Mounting plugin SubversionSourceControl
LogPluginManager: Mounting plugin UObjectPlugin
LogPluginManager: Mounting plugin VisualStudioCodeSourceCodeAccess
LogPluginManager: Mounting plugin VisualStudioSourceCodeAccess
LogPluginManager: Mounting plugin XCodeSourceCodeAccess
LogPluginManager: Mounting plugin AssetManagerEditor
LogPluginManager: Mounting plugin CryptoKeys
LogPluginManager: Mounting plugin DataValidation
LogPluginManager: Mounting plugin FacialAnimation
LogPluginManager: Mounting plugin GameplayTagsEditor
LogPluginManager: Mounting plugin MacGraphicsSwitching
LogPluginManager: Mounting plugin MeshEditor
LogPluginManager: Mounting plugin MobileLauncherProfileWizard
LogPluginManager: Mounting plugin PluginBrowser
LogPluginManager: Mounting plugin SpeedTreeImporter
LogPluginManager: Mounting plugin DatasmithContent
LogPluginManager: Mounting plugin AlembicImporter
LogPluginManager: Mounting plugin AppleImageUtils
LogPluginManager: Mounting plugin AppleVision
LogPluginManager: Mounting plugin BackChannel
LogPluginManager: Mounting plugin CharacterAI
LogPluginManager: Mounting plugin GeometryCache
LogPluginManager: Mounting plugin HTML5Networking
LogPluginManager: Mounting plugin ProxyLODPlugin
LogPluginManager: Mounting plugin MagicLeap
LogPluginManager: Mounting plugin MagicLeapEmulator
LogPluginManager: Mounting plugin MagicLeapMedia
LogPluginManager: Mounting plugin AndroidMedia
LogPluginManager: Mounting plugin AvfMedia
LogPluginManager: Mounting plugin ImgMedia
LogPluginManager: Mounting plugin LinearTimecode
LogPluginManager: Mounting plugin MediaCompositing
LogPluginManager: Mounting plugin MediaPlayerEditor
LogPluginManager: Mounting plugin WmfMedia
LogPluginManager: Mounting plugin TcpMessaging
LogPluginManager: Mounting plugin UdpMessaging
LogPluginManager: Mounting plugin ActorSequence
LogPluginManager: Mounting plugin LevelSequenceEditor
LogPluginManager: Mounting plugin MatineeToLevelSequence
LogPluginManager: Mounting plugin NetcodeUnitTest
LogPluginManager: Mounting plugin NUTUnrealEngine4
LogPluginManager: Mounting plugin OnlineSubsystemGooglePlay
LogPluginManager: Mounting plugin OnlineSubsystemIOS
LogPluginManager: Mounting plugin OnlineSubsystem
LogPluginManager: Mounting plugin OnlineSubsystemNull
LogPluginManager: Mounting plugin OnlineSubsystemUtils
LogPluginManager: Mounting plugin LauncherChunkInstaller
LogPluginManager: Mounting plugin AndroidDeviceProfileSelector
LogPluginManager: Mounting plugin AndroidMoviePlayer
LogPluginManager: Mounting plugin AndroidPermission
LogPluginManager: Mounting plugin AppleMoviePlayer
LogPluginManager: Mounting plugin ArchVisCharacter
LogPluginManager: Mounting plugin AudioCapture
LogPluginManager: Mounting plugin CableComponent
LogPluginManager: Mounting plugin CustomMeshComponent
LogPluginManager: Mounting plugin EditableMesh
LogPluginManager: Mounting plugin ExampleDeviceProfileSelector
LogPluginManager: Mounting plugin GoogleCloudMessaging
LogPluginManager: Mounting plugin ImmediatePhysics
LogPluginManager: Mounting plugin IOSDeviceProfileSelector
LogPluginManager: Mounting plugin LinuxDeviceProfileSelector
LogPluginManager: Mounting plugin LocationServicesBPLibrary
LogPluginManager: Mounting plugin MobilePatchingUtils
LogPluginManager: Mounting plugin OculusVR
LogPluginManager: Plugin shader directory ../../../Engine/Plugins/Runtime/Oculus/OculusVR/Shaders found
LogPluginManager: Mapping shader source directory ../../../Engine/Plugins/Runtime/Oculus/OculusVR/Shaders to virtual directory /Plugin/OculusVR
LogPluginManager: Mounting plugin PhysXVehicles
LogPluginManager: Mounting plugin ProceduralMeshComponent
LogPluginManager: Mounting plugin RuntimePhysXCooking
LogPluginManager: Mounting plugin SteamVR
LogPluginManager: Mounting plugin WindowsMoviePlayer
LogStreaming: Display: Took  0.045s to configure plugins.
LogInit: Using libcurl 7.55.1-DEV
LogInit:  - built for x86_64-pc-win32
LogInit:  - supports SSL with OpenSSL/1.0.2h
LogInit:  - supports HTTP deflate (compression) using libz 1.2.8
LogInit:  - other features:
LogInit:      CURL_VERSION_SSL
LogInit:      CURL_VERSION_LIBZ
LogInit:      CURL_VERSION_IPV6
LogInit:      CURL_VERSION_ASYNCHDNS
LogInit:      CURL_VERSION_LARGEFILE
LogInit:      CURL_VERSION_IDN
LogInit:  CurlRequestOptions (configurable via config and command line):
LogInit:  - bVerifyPeer = false  - Libcurl will NOT verify peer certificate
LogInit:  - bUseHttpProxy = false  - Libcurl will NOT use HTTP proxy
LogInit:  - bDontReuseConnections = false  - Libcurl will reuse connections
LogInit:  - CertBundlePath = nullptr  - Libcurl will use whatever was configured at build time.
LogInit:  - MaxHostConnections = 16  - Libcurl will limit the number of connections to a host
LogInit:  - LocalHostAddr = Default
LogInit:  - BufferSize = 65536
LogModuleManager: Warning: ModuleManager: Unable to load module 'OnlineSubsystemSteam'  - 0 instances of that module name found.
LogInit: WinSock: version 1.1 (2.2), MaxSocks=32767, MaxUdp=65467
LogInit: Build: ++UE4+Release-4.20-CL-4302132
LogInit: Engine Version: 4.20.2-4302132+++UE4+Release-4.20
LogInit: Compatible Engine Version: 4.20.0-4212847+++UE4+Release-4.20
LogInit: Net CL: 4212847
LogInit: OS: Windows 10 (), CPU: Intel(R) Core(TM) i7-4790 CPU @ 3.60GHz, GPU: NVIDIA GeForce GTX 960
LogInit: Compiled (64-bit): Aug 21 2018 02:06:06
LogInit: Compiled with Visual C++: 19.13.26129.00
LogInit: Build Configuration: Development
LogInit: Branch Name: ++UE4+Release-4.20
LogInit: Command Line:  /Game/Maps/Level_01 -game -PIEVIACONSOLE -ResX=1280 -ResY=720  -Multiprocess -messaging -SessionName="Play in Standalone Game" -windowed 
LogInit: Base Directory: C:/Program Files/Epic Games/UE_4.20/Engine/Binaries/Win64/
LogInit: Installed Engine Build: 1
LogDevObjectVersion: Number of dev versions registered: 20
LogDevObjectVersion:   Dev-Blueprints (B0D832E4-1F89-4F0D-ACCF-7EB736FD4AA2): 10
LogDevObjectVersion:   Dev-Build (E1C64328-A22C-4D53-A36C-8E866417BD8C): 0
LogDevObjectVersion:   Dev-Core (375EC13C-06E4-48FB-B500-84F0262A717E): 2
LogDevObjectVersion:   Dev-Editor (E4B068ED-F494-42E9-A231-DA0B2E46BB41): 24
LogDevObjectVersion:   Dev-Framework (CFFC743F-43B0-4480-9391-14DF171D2073): 34
LogDevObjectVersion:   Dev-Mobile (B02B49B5-BB20-44E9-A304-32B752E40360): 2
LogDevObjectVersion:   Dev-Networking (A4E4105C-59A1-49B5-A7C5-40C4547EDFEE): 0
LogDevObjectVersion:   Dev-Online (39C831C9-5AE6-47DC-9A44-9C173E1C8E7C): 0
LogDevObjectVersion:   Dev-Physics (78F01B33-EBEA-4F98-B9B4-84EACCB95AA2): 0
LogDevObjectVersion:   Dev-Platform (6631380F-2D4D-43E0-8009-CF276956A95A): 0
LogDevObjectVersion:   Dev-Rendering (12F88B9F-8875-4AFC-A67C-D90C383ABD29): 26
LogDevObjectVersion:   Dev-Sequencer (7B5AE74C-D270-4C10-A958-57980B212A5A): 9
LogDevObjectVersion:   Dev-VR (D7296918-1DD6-4BDD-9DE2-64A83CC13884): 2
LogDevObjectVersion:   Dev-LoadTimes (C2A15278-BFE7-4AFE-6C17-90FF531DF755): 1
LogDevObjectVersion:   Private-Geometry (6EACA3D4-40EC-4CC1-B786-8BED09428FC5): 3
LogDevObjectVersion:   Dev-AnimPhys (29E575DD-E0A3-4627-9D10-D276232CDCEA): 17
LogDevObjectVersion:   Dev-ReflectionCapture (6B266CEC-1EC7-4B8F-A30B-E4D90942FC07): 1
LogDevObjectVersion:   Dev-Automation (0DF73D61-A23F-47EA-B727-89E90C41499A): 1
LogDevObjectVersion:   FortniteMain (601D1886-AC64-4F84-AA16-D3DE0DEAC7D6): 12
LogDevObjectVersion:   Dev-Enterprise (9DFFBCD6-494F-0158-E221-12823C92A888): 1
LogStreaming: Display: Took  0.000s to delete old logs.
LogInit: Presizing for max 8388607 objects, including 0 objects not considered by GC, pre-allocating 0 bytes for permanent pool.
LogInit: Object subsystem initialized
[2019.07.01-02.09.46:454][  0]LogInit: Selected Device Profile: [Windows]
[2019.07.01-02.09.46:454][  0]LogInit: Applying CVar settings loaded from the selected device profile: [Windows]
[2019.07.01-02.09.46:458][  0]LogHAL: Display: Platform has ~ 16 GB [17111818240 / 17179869184 / 16], which maps to Larger [LargestMinGB=32, LargerMinGB=12, DefaultMinGB=8, SmallerMinGB=6, SmallestMinGB=0)
[2019.07.01-02.09.46:458][  0]LogInit: Setting Device Profile CVar: [[r.Vulkan.UseRealUBs:1]]
[2019.07.01-02.09.46:458][  0]LogInit: Going up to parent DeviceProfile []
[2019.07.01-02.09.46:458][  0]LogInit: Computer: DESKTOP-6CMJAGG
[2019.07.01-02.09.46:458][  0]LogInit: User: clove
[2019.07.01-02.09.46:458][  0]LogInit: CPU Page size=4096, Cores=4
[2019.07.01-02.09.46:458][  0]LogInit: High frequency timer resolution =3.507506 MHz
[2019.07.01-02.09.46:459][  0]LogMemory: Memory total: Physical=15.9GB (16GB approx)
[2019.07.01-02.09.46:459][  0]LogMemory: Platform Memory Stats for Windows
[2019.07.01-02.09.46:459][  0]LogMemory: Process Physical Memory: 100.18 MB used, 100.18 MB peak
[2019.07.01-02.09.46:459][  0]LogMemory: Process Virtual Memory: 89.46 MB used, 89.46 MB peak
[2019.07.01-02.09.46:459][  0]LogMemory: Physical Memory: 7805.61 MB used,  8513.49 MB free, 16319.10 MB total
[2019.07.01-02.09.46:459][  0]LogMemory: Virtual Memory: 4643.69 MB used,  8513.49 MB free, 134217728.00 MB total
[2019.07.01-02.09.46:475][  0]LogInit: Using OS detected language (ko-KR).
[2019.07.01-02.09.46:475][  0]LogInit: Using OS detected locale (ko-KR).
[2019.07.01-02.09.46:476][  0]LogTextLocalizationManager: No specific localization for 'ko-KR' exists, so the 'ko' localization will be used.
[2019.07.01-02.09.46:829][  0]LogStreaming: Display: Took  0.354s to InitEngineTextLocalization.
[2019.07.01-02.09.46:855][  0]LogSlate: New Slate User Created.  User Index 0, Is Virtual User: 0
[2019.07.01-02.09.46:855][  0]LogSlate: Slate User Registered.  User Index 0, Is Virtual User: 0
[2019.07.01-02.09.46:861][  0]LogHMD: Failed to initialize OpenVR with code 110
[2019.07.01-02.09.46:861][  0]LogD3D11RHI: D3D11 adapters:
[2019.07.01-02.09.46:908][  0]LogD3D11RHI:    0. 'NVIDIA GeForce GTX 960' (Feature Level 11_0)
[2019.07.01-02.09.46:908][  0]LogD3D11RHI:       2007/0/8159 MB DedicatedVideo/DedicatedSystem/SharedSystem, Outputs:2, VendorId:0x10de
[2019.07.01-02.09.46:909][  0]LogD3D11RHI:    1. 'Microsoft Basic Render Driver' (Feature Level 11_0)
[2019.07.01-02.09.46:909][  0]LogD3D11RHI:       0/0/8159 MB DedicatedVideo/DedicatedSystem/SharedSystem, Outputs:0, VendorId:0x1414
[2019.07.01-02.09.46:909][  0]LogD3D11RHI: Chosen D3D11 Adapter: 0
[2019.07.01-02.09.46:916][  0]LogD3D11RHI: Creating new Direct3DDevice
[2019.07.01-02.09.46:916][  0]LogD3D11RHI:     GPU DeviceId: 0x1401 (for the marketing name, search the web for "GPU Device Id")
[2019.07.01-02.09.46:916][  0]LogWindows: EnumDisplayDevices:
[2019.07.01-02.09.46:916][  0]LogWindows:    0. 'NVIDIA GeForce GTX 960' (P:0 D:1)
[2019.07.01-02.09.46:916][  0]LogWindows:    1. 'NVIDIA GeForce GTX 960' (P:1 D:1)
[2019.07.01-02.09.46:916][  0]LogWindows:    2. 'NVIDIA GeForce GTX 960' (P:0 D:0)
[2019.07.01-02.09.46:916][  0]LogWindows:    3. 'NVIDIA GeForce GTX 960' (P:0 D:0)
[2019.07.01-02.09.46:917][  0]LogWindows: DebugString: FoundDriverCount:4 
[2019.07.01-02.09.46:917][  0]LogD3D11RHI:     Adapter Name: NVIDIA GeForce GTX 960
[2019.07.01-02.09.46:917][  0]LogD3D11RHI:   Driver Version: 419.67 (internal:25.21.14.1967, unified:419.67)
[2019.07.01-02.09.46:917][  0]LogD3D11RHI:      Driver Date: 3-17-2019
[2019.07.01-02.09.46:917][  0]LogRHI: Texture pool is 1405 MB (70% of 2007 MB)
[2019.07.01-02.09.46:956][  0]LogD3D11RHI: Async texture creation enabled
[2019.07.01-02.09.46:967][  0]LogD3D11RHI: GPU Timing Frequency: 1000.000000 (Debug: 2 1)
[2019.07.01-02.09.47:018][  0]LogShaderCompilers: Guid format shader working directory is 6 characters bigger than the processId version (D:/Work/Unreal Projects/Sample/멀티플레이어슈팅/Intermediate/Shaders/WorkingDirectory/18464/).
[2019.07.01-02.09.47:018][  0]LogShaderCompilers: Cleaned the shader compiler working directory 'C:/Users/clove/AppData/Local/Temp/UnrealShaderWorkingDir/8ADD223D4A430DB04BAB9A9024BC41E5/'.
[2019.07.01-02.09.47:242][  0]LogTemp: Display: Loaded TP WindowsClientTargetPlatform
[2019.07.01-02.09.47:254][  0]LogTemp: Display: Loaded TP WindowsNoEditorTargetPlatform
[2019.07.01-02.09.47:267][  0]LogTemp: Display: Loaded TP WindowsServerTargetPlatform
[2019.07.01-02.09.47:272][  0]LogTemp: Display: Loaded TP WindowsTargetPlatform
[2019.07.01-02.09.47:272][  0]LogTargetPlatformManager: Display: Building Assets For Windows
[2019.07.01-02.09.47:323][  0]LogXGEController: Cannot use XGE Controller as Incredibuild is not installed on this machine.
[2019.07.01-02.09.47:323][  0]LogShaderCompilers: Cannot use XGE Shader Compiler as Incredibuild is not installed on this machine.
[2019.07.01-02.09.47:323][  0]LogShaderCompilers: Display: Using Local Shader Compiler.
[2019.07.01-02.09.48:019][  0]LogDerivedDataCache: Display: Max Cache Size: 512 MB
[2019.07.01-02.09.48:079][  0]LogDerivedDataCache: Loaded boot cache 0.06s 88MB C:/Users/clove/AppData/Local/UnrealEngine/4.20/DerivedDataCache/Boot.ddc.
[2019.07.01-02.09.48:079][  0]LogDerivedDataCache: Display: Loaded Boot cache: C:/Users/clove/AppData/Local/UnrealEngine/4.20/DerivedDataCache/Boot.ddc
[2019.07.01-02.09.48:079][  0]LogDerivedDataCache: FDerivedDataBackendGraph:  Pak pak cache file D:/Work/Unreal Projects/Sample/멀티플레이어슈팅/DerivedDataCache/DDC.ddp not found, will not use a pak cache.
[2019.07.01-02.09.48:079][  0]LogDerivedDataCache: Unable to find inner node Pak for hierarchical cache Hierarchy.
[2019.07.01-02.09.48:079][  0]LogDerivedDataCache: FDerivedDataBackendGraph:  CompressedPak pak cache file D:/Work/Unreal Projects/Sample/멀티플레이어슈팅/DerivedDataCache/Compressed.ddp not found, will not use a pak cache.
[2019.07.01-02.09.48:079][  0]LogDerivedDataCache: Unable to find inner node CompressedPak for hierarchical cache Hierarchy.
[2019.07.01-02.09.48:094][  0]LogDerivedDataCache: Display: Pak cache opened for reading ../../../Engine/DerivedDataCache/Compressed.ddp.
[2019.07.01-02.09.48:107][  0]LogDerivedDataCache: Using Local data cache path C:/Users/clove/AppData/Local/UnrealEngine/Common/DerivedDataCache: Writable
[2019.07.01-02.09.48:107][  0]LogDerivedDataCache: Shared data cache path not found in *engine.ini, will not use an Shared cache.
[2019.07.01-02.09.48:107][  0]LogDerivedDataCache: Unable to find inner node Shared for hierarchical cache Hierarchy.
[2019.07.01-02.09.48:127][  0]LogMaterial: Verifying Global Shaders for PCD3D_SM5
[2019.07.01-02.09.48:128][  0]LogSlate: Using FreeType 2.6.0
[2019.07.01-02.09.48:129][  0]LogSlate: SlateFontServices - WITH_FREETYPE: 1, WITH_HARFBUZZ: 1
[2019.07.01-02.09.48:164][  0]LogInit: Using OS detected language (ko-KR).
[2019.07.01-02.09.48:164][  0]LogInit: Using OS detected locale (ko-KR).
[2019.07.01-02.09.48:164][  0]LogTextLocalizationManager: No localization for 'ko-KR' exists, so 'en' will be used for the language.
[2019.07.01-02.09.48:164][  0]LogTextLocalizationManager: No localization for 'ko-KR' exists, so 'en' will be used for the locale.
[2019.07.01-02.09.48:461][  0]LogStreaming: Display: Took  0.296s to InitGameTextLocalization.
[2019.07.01-02.09.48:467][  0]LogAssetRegistry: FAssetRegistry took 0.0040 seconds to start up
[2019.07.01-02.09.48:655][  0]LogPackageLocalizationCache: Processed 11 localized package path(s) for 1 prioritized culture(s) in 0.013461 seconds
[2019.07.01-02.09.48:743][  0]LogInit: Selected Device Profile: [Windows]
[2019.07.01-02.09.48:859][  0]LogSimplygon: Simplygon DLL not present - disabling.
[2019.07.01-02.09.48:862][  0]LogMeshReduction: Using SimplygonSwarm for distributed automatic mesh merging
[2019.07.01-02.09.48:862][  0]LogMeshReduction: Using ProxyLODMeshReduction for automatic mesh merging
[2019.07.01-02.09.48:862][  0]LogMeshReduction: Using QuadricMeshReduction for automatic static mesh reduction
[2019.07.01-02.09.48:862][  0]LogMeshReduction: No automatic skeletal mesh reduction module available
[2019.07.01-02.09.48:876][  0]LogNetVersion: 멀티플레이어슈팅 1.0.0, NetCL: 4212847, EngineNetVer: 5, GameNetVer: 0 (Checksum: 3157699648)
[2019.07.01-02.09.48:947][  0]Warning: Missing opening '"' in string property value: ThirdParty/Steamworks)
[2019.07.01-02.09.49:306][  0]LogMoviePlayer: Initializing movie player
[2019.07.01-02.09.49:455][  0]LogTcpMessaging: Initializing TcpMessaging bridge
[2019.07.01-02.09.49:468][  0]LogUdpMessaging: Initializing bridge on interface 0.0.0.0:0 to multicast group 230.0.0.1:6666.
[2019.07.01-02.09.49:550][  0]SourceControl: Source control is disabled
[2019.07.01-02.09.49:550][  0]SourceControl: Source control is disabled
[2019.07.01-02.09.49:551][  0]SourceControl: Source control is disabled
[2019.07.01-02.09.49:667][  0]LogAndroidPermission: UAndroidPermissionCallbackProxy::GetInstance
[2019.07.01-02.09.49:715][  0]LogOcInput: OculusInput pre-init called
[2019.07.01-02.09.49:723][  0]LogUObjectArray: 42168 objects as part of root set at end of initial load.
[2019.07.01-02.09.49:723][  0]LogUObjectAllocator: 7432344 out of 0 bytes used by permanent object pool.
[2019.07.01-02.09.49:723][  0]LogUObjectArray: CloseDisregardForGC: 0/0 objects in disregard for GC pool
[2019.07.01-02.09.49:773][  0]LogEngine: Initializing Engine...
[2019.07.01-02.09.49:774][  0]LogHMD: Failed to initialize OpenVR with code 110
[2019.07.01-02.09.49:787][  0]LogStats: UGameplayTagsManager::ConstructGameplayTagTree: ImportINI prefixes -  0.000 s
[2019.07.01-02.09.49:787][  0]LogStats: UGameplayTagsManager::ConstructGameplayTagTree: Construct from data asset -  0.000 s
[2019.07.01-02.09.49:787][  0]LogStats: UGameplayTagsManager::ConstructGameplayTagTree: ImportINI -  0.000 s
[2019.07.01-02.09.49:787][  0]LogStats: UGameplayTagsManager::ConstructGameplayTagTree: GameplayTagTreeChangedEvent.Broadcast -  0.000 s
[2019.07.01-02.09.49:945][  0]LogInit: Initializing FReadOnlyCVARCache
[2019.07.01-02.09.49:955][  0]LogInit: XAudio2 using '스피커(Realtek High Definition Audio)' : 2 channels at 48 kHz using 32 bits per sample (channel mask 0x3)
[2019.07.01-02.09.49:970][  0]LogInit: FAudioDevice initialized.
[2019.07.01-02.09.49:981][  0]LogNetVersion: Set ProjectVersion to 1.0.0.0. Version Checksum will be recalculated on next use.
[2019.07.01-02.09.49:991][  0]LogInit: Texture streaming: Enabled
[2019.07.01-02.09.50:253][  0]LogSlate: Updating window title bar state: overlay mode, drag disabled, window buttons hidden, title bar hidden
[2019.07.01-02.09.50:253][  0]LogInit: Display: Game Engine Initialized.
[2019.07.01-02.09.50:253][  0]LogGameplayTags: Display: UGameplayTagsManager::DoneAddingNativeTags. DelegateIsBound: 0
[2019.07.01-02.09.50:253][  0]LogStats: UGameplayTagsManager::ConstructGameplayTagTree: ImportINI prefixes -  0.000 s
[2019.07.01-02.09.50:253][  0]LogStats: UGameplayTagsManager::ConstructGameplayTagTree: Construct from data asset -  0.000 s
[2019.07.01-02.09.50:254][  0]LogStats: UGameplayTagsManager::ConstructGameplayTagTree: ImportINI -  0.000 s
[2019.07.01-02.09.50:254][  0]LogStats: UGameplayTagsManager::ConstructGameplayTagTree: GameplayTagTreeChangedEvent.Broadcast -  0.000 s
[2019.07.01-02.09.50:266][  0]LogInit: Display: Starting Game.
[2019.07.01-02.09.50:266][  0]LogNet: Browse: /Game/Maps/Level_01?Name=Player
[2019.07.01-02.09.50:266][  0]LogLoad: LoadMap: /Game/Maps/Level_01?Name=Player
[2019.07.01-02.09.50:441][  0]LogBlueprint: Warning: [Compiler BP_Projectile] Set Physics Angular Velocity  is deprecated; Use SetPhysicsAngularVelocityInDegrees instead
[2019.07.01-02.09.50:507][  0]LogBlueprint: Warning: [Compiler BP_Projectile] [0005.57] Compile of BP_Projectile successful, but with 1 Warning(s) [in 88 ms] (/Game/Blueprints/BP_Projectile.BP_Projectile)
[2019.07.01-02.09.50:623][  0]LogAIModule: Creating AISystem for world Level_01
[2019.07.01-02.09.50:623][  0]LogLoad: Game class is 'MyGameMode_C'
[2019.07.01-02.09.50:629][  0]LogWorld: Bringing World /Game/Maps/Level_01.Level_01 up for play (max tick rate 0) at 2019.07.01-11.09.50
[2019.07.01-02.09.50:629][  0]LogWorld: Bringing up level for play took: 0.003679
[2019.07.01-02.09.50:636][  0]LogGameMode: Display: Match State Changed from EnteringMap to WaitingToStart
[2019.07.01-02.09.50:636][  0]LogGameState: Match State Changed from EnteringMap to WaitingToStart
[2019.07.01-02.09.50:636][  0]LogGameMode: Display: Match State Changed from WaitingToStart to InProgress
[2019.07.01-02.09.50:637][  0]LogGameState: Match State Changed from WaitingToStart to InProgress
[2019.07.01-02.09.50:637][  0]LogLoad: Took 0.371549 seconds to LoadMap(/Game/Maps/Level_01)
[2019.07.01-02.09.50:703][  0]LogRenderer: Reallocating scene render targets to support 1280x720 Format 10 NumSamples 1 (Frame:1).
[2019.07.01-02.09.50:703][  0]LogLoad: (Engine Initialization) Total time: 5.77 seconds
[2019.07.01-02.09.50:703][  0]LogLoad: (Engine Initialization) Total Blueprint compile time: 0.00 seconds
[2019.07.01-02.09.50:723][  0]LogWindowsTextInputMethodSystem: Display: IME system now activated using TSF (Microsoft 입력기).
[2019.07.01-02.09.50:728][  0]LogContentStreaming: Texture pool size now 1000 MB
[2019.07.01-02.09.50:784][  1]LogStaticMesh: Allocated 497x64x64 distance field atlas = 3.9Mb, with 31 objects containing 2.9Mb backing data
[2019.07.01-02.10.57:903][ 47]LogSlate: Window '멀티플레이어슈팅 (64-bit Development PCD3D_SM5) ' being destroyed
[2019.07.01-02.10.57:905][ 47]LogWindowsTextInputMethodSystem: Display: IME system now activated using TSF (Microsoft 입력기).
[2019.07.01-02.10.57:908][ 47]LogSlate: Updating window title bar state: overlay mode, drag disabled, window buttons hidden, title bar hidden
[2019.07.01-02.10.57:908][ 47]LogEngine: All Windows Closed
[2019.07.01-02.10.57:908][ 47]LogWindows: FPlatformMisc::RequestExit(0)
[2019.07.01-02.10.58:816][ 48]LogExit: Preparing to exit.
[2019.07.01-02.10.58:816][ 48]LogMoviePlayer: Shutting down movie player
[2019.07.01-02.10.59:527][ 48]LogSlate: Updating window title bar state: overlay mode, drag disabled, window buttons hidden, title bar hidden
[2019.07.01-02.10.59:534][ 48]LogExit: Game engine shut down
[2019.07.01-02.10.59:828][ 48]LogExit: Object subsystem successfully closed.
[2019.07.01-02.10.59:846][ 48]LogShaderCompilers: Display: Shaders left to compile 0
[2019.07.01-02.10.59:849][ 48]LogD3D11RHI: Shutdown
[2019.07.01-02.10.59:849][ 48]LogD3D11RHI: CleanupD3DDevice
[2019.07.01-02.10.59:851][ 48]LogD3D11RHI: ~FD3D11DynamicRHI
[2019.07.01-02.10.59:865][ 48]LogModuleManager: Shutting down and abandoning module SequenceRecorderSections (377)
[2019.07.01-02.10.59:865][ 48]LogModuleManager: Shutting down and abandoning module SequenceRecorder (375)
[2019.07.01-02.10.59:865][ 48]LogModuleManager: Shutting down and abandoning module AutomationController (373)
[2019.07.01-02.10.59:865][ 48]LogModuleManager: Shutting down and abandoning module AutomationWorker (371)
[2019.07.01-02.10.59:865][ 48]LogModuleManager: Shutting down and abandoning module Voice (369)
[2019.07.01-02.10.59:865][ 48]LogModuleManager: Shutting down and abandoning module AIModule (367)
[2019.07.01-02.10.59:865][ 48]LogModuleManager: Shutting down and abandoning module GameplayDebugger (366)
[2019.07.01-02.10.59:865][ 48]LogModuleManager: Shutting down and abandoning module AITestSuite (364)
[2019.07.01-02.10.59:865][ 48]LogModuleManager: Shutting down and abandoning module NavigationSystem (362)
[2019.07.01-02.10.59:865][ 48]LogModuleManager: Shutting down and abandoning module WmfMediaFactory (359)
[2019.07.01-02.10.59:865][ 48]LogModuleManager: Shutting down and abandoning module OpenExrWrapper (357)
[2019.07.01-02.10.59:865][ 48]LogModuleManager: Shutting down and abandoning module ImgMediaFactory (355)
[2019.07.01-02.10.59:865][ 48]LogModuleManager: Shutting down and abandoning module AvfMediaFactory (353)
[2019.07.01-02.10.59:865][ 48]LogModuleManager: Shutting down and abandoning module MagicLeapCameraPreviewFactory (351)
[2019.07.01-02.10.59:865][ 48]LogModuleManager: Shutting down and abandoning module MagicLeapMediaFactory (349)
[2019.07.01-02.10.59:865][ 48]LogModuleManager: Shutting down and abandoning module CharacterAI (347)
[2019.07.01-02.10.59:865][ 48]LogModuleManager: Shutting down and abandoning module SessionServices (345)
[2019.07.01-02.10.59:865][ 48]LogModuleManager: Shutting down and abandoning module MovieSceneCapture (343)
[2019.07.01-02.10.59:865][ 48]LogModuleManager: Shutting down and abandoning module MovieSceneTracks (341)
[2019.07.01-02.10.59:865][ 48]LogModuleManager: Shutting down and abandoning module MovieScene (339)
[2019.07.01-02.10.59:865][ 48]LogModuleManager: Shutting down and abandoning module StreamingPauseRendering (337)
[2019.07.01-02.10.59:865][ 48]LogModuleManager: Shutting down and abandoning module PortalServices (335)
[2019.07.01-02.10.59:865][ 48]LogModuleManager: Shutting down and abandoning module PortalRpc (333)
[2019.07.01-02.10.59:865][ 48]LogModuleManager: Shutting down and abandoning module MessagingRpc (331)
[2019.07.01-02.10.59:865][ 48]LogModuleManager: Shutting down and abandoning module ProfilerService (329)
[2019.07.01-02.10.59:945][ 48]LogModuleManager: Shutting down and abandoning module TaskGraph (327)
[2019.07.01-02.10.59:945][ 48]LogModuleManager: Shutting down and abandoning module SteamVRController (325)
[2019.07.01-02.10.59:945][ 48]LogModuleManager: Shutting down and abandoning module ProceduralMeshComponent (323)
[2019.07.01-02.10.59:945][ 48]LogModuleManager: Shutting down and abandoning module OculusInput (321)
[2019.07.01-02.10.59:945][ 48]LogModuleManager: Shutting down and abandoning module MobilePatchingUtils (319)
[2019.07.01-02.10.59:945][ 48]LogModuleManager: Shutting down and abandoning module EditableMesh (317)
[2019.07.01-02.10.59:945][ 48]LogModuleManager: Shutting down and abandoning module CustomMeshComponent (315)
[2019.07.01-02.10.59:945][ 48]LogModuleManager: Shutting down and abandoning module CableComponent (313)
[2019.07.01-02.10.59:945][ 48]LogModuleManager: Shutting down and abandoning module AudioCapture (311)
[2019.07.01-02.10.59:945][ 48]LogModuleManager: Shutting down and abandoning module ArchVisCharacter (309)
[2019.07.01-02.10.59:945][ 48]LogModuleManager: Shutting down and abandoning module AndroidPermission (307)
[2019.07.01-02.10.59:945][ 48]LogModuleManager: Shutting down and abandoning module NUTUnrealEngine4 (305)
[2019.07.01-02.10.59:945][ 48]LogModuleManager: Shutting down and abandoning module NetcodeUnitTest (303)
[2019.07.01-02.10.59:945][ 48]LogModuleManager: Shutting down and abandoning module MediaCompositing (301)
[2019.07.01-02.10.59:945][ 48]LogModuleManager: Shutting down and abandoning module LinearTimecode (299)
[2019.07.01-02.10.59:945][ 48]LogModuleManager: Shutting down and abandoning module ImgMedia (297)
[2019.07.01-02.10.59:948][ 48]LogModuleManager: Shutting down and abandoning module HTML5Networking (295)
[2019.07.01-02.10.59:948][ 48]LogModuleManager: Shutting down and abandoning module GeometryCacheTracks (293)
[2019.07.01-02.10.59:948][ 48]LogModuleManager: Shutting down and abandoning module GeometryCacheSequencer (292)
[2019.07.01-02.10.59:948][ 48]LogModuleManager: Shutting down and abandoning module GeometryCache (289)
[2019.07.01-02.10.59:948][ 48]LogModuleManager: Shutting down and abandoning module GeometryCacheEd (288)
[2019.07.01-02.10.59:948][ 48]LogModuleManager: Shutting down and abandoning module BackChannel (285)
[2019.07.01-02.10.59:948][ 48]LogModuleManager: Shutting down and abandoning module AppleVision (283)
[2019.07.01-02.10.59:948][ 48]LogModuleManager: Shutting down and abandoning module AppleImageUtils (281)
[2019.07.01-02.10.59:948][ 48]LogModuleManager: Shutting down and abandoning module DatasmithContent (279)
[2019.07.01-02.10.59:948][ 48]LogModuleManager: Shutting down and abandoning module CryptoKeysOpenSSL (277)
[2019.07.01-02.10.59:948][ 48]LogModuleManager: Shutting down and abandoning module CryptoKeys (275)
[2019.07.01-02.10.59:948][ 48]LogModuleManager: Shutting down and abandoning module VisualStudioSourceCodeAccess (273)
[2019.07.01-02.10.59:948][ 48]LogModuleManager: Shutting down and abandoning module HotReload (272)
[2019.07.01-02.10.59:948][ 48]LogModuleManager: Shutting down and abandoning module DirectoryWatcher (271)
[2019.07.01-02.10.59:948][ 48]LogModuleManager: Shutting down and abandoning module VisualStudioCodeSourceCodeAccess (267)
[2019.07.01-02.10.59:948][ 48]LogModuleManager: Shutting down and abandoning module UObjectPlugin (265)
[2019.07.01-02.10.59:948][ 48]LogModuleManager: Shutting down and abandoning module SubversionSourceControl (263)
[2019.07.01-02.10.59:948][ 48]LogModuleManager: Shutting down and abandoning module PerforceSourceControl (261)
[2019.07.01-02.10.59:948][ 48]LogModuleManager: Shutting down and abandoning module SourceControl (260)
[2019.07.01-02.10.59:948][ 48]LogModuleManager: Shutting down and abandoning module CLionSourceCodeAccess (257)
[2019.07.01-02.10.59:948][ 48]LogModuleManager: Shutting down and abandoning module RuntimePhysXCooking (255)
[2019.07.01-02.10.59:948][ 48]LogModuleManager: Shutting down and abandoning module PhysXVehiclesEditor (253)
[2019.07.01-02.10.59:948][ 48]LogModuleManager: Shutting down and abandoning module PhysXVehicles (251)
[2019.07.01-02.10.59:948][ 48]LogModuleManager: Shutting down and abandoning module LocationServicesBPLibrary (249)
[2019.07.01-02.10.59:948][ 48]LogModuleManager: Shutting down and abandoning module ImmediatePhysicsEditor (247)
[2019.07.01-02.10.59:948][ 48]LogModuleManager: Shutting down and abandoning module ImmediatePhysics (245)
[2019.07.01-02.10.59:948][ 48]LogModuleManager: Shutting down and abandoning module ActorSequence (243)
[2019.07.01-02.10.59:948][ 48]LogModuleManager: Shutting down and abandoning module UdpMessaging (241)
[2019.07.01-02.11.00:048][ 48]LogModuleManager: Shutting down and abandoning module TcpMessaging (239)
[2019.07.01-02.11.00:499][ 48]LogModuleManager: Shutting down and abandoning module MagicLeapAudio (237)
[2019.07.01-02.11.00:499][ 48]LogModuleManager: Shutting down and abandoning module GameplayTagsEditor (235)
[2019.07.01-02.11.00:499][ 48]LogModuleManager: Shutting down and abandoning module FacialAnimation (233)
[2019.07.01-02.11.00:499][ 48]LogModuleManager: Shutting down and abandoning module DataValidation (231)
[2019.07.01-02.11.00:499][ 48]LogModuleManager: Shutting down and abandoning module AssetManagerEditor (229)
[2019.07.01-02.11.00:499][ 48]LogModuleManager: Shutting down and abandoning module TreeMap (228)
[2019.07.01-02.11.00:499][ 48]LogModuleManager: Shutting down and abandoning module LightPropagationVolumeRuntime (225)
[2019.07.01-02.11.00:499][ 48]LogModuleManager: Shutting down and abandoning module AISupportModule (223)
[2019.07.01-02.11.00:499][ 48]LogModuleManager: Shutting down and abandoning module Paper2D (221)
[2019.07.01-02.11.00:499][ 48]LogModuleManager: Shutting down and abandoning module PIEPreviewDeviceProfileSelector (219)
[2019.07.01-02.11.00:499][ 48]LogModuleManager: Shutting down and abandoning module WindowsMoviePlayer (217)
[2019.07.01-02.11.00:499][ 48]LogModuleManager: Shutting down and abandoning module WmfMedia (215)
[2019.07.01-02.11.00:500][ 48]LogModuleManager: Shutting down and abandoning module Media (214)
[2019.07.01-02.11.00:506][ 48]LogModuleManager: Shutting down and abandoning module PacketHandler (211)
[2019.07.01-02.11.00:506][ 48]LogModuleManager: Shutting down and abandoning module ClothingSystemEditor (209)
[2019.07.01-02.11.00:506][ 48]LogModuleManager: Shutting down and abandoning module ClothingSystemRuntime (207)
[2019.07.01-02.11.00:506][ 48]LogModuleManager: Shutting down and abandoning module MediaAssets (205)
[2019.07.01-02.11.00:506][ 48]LogModuleManager: Shutting down and abandoning module Overlay (203)
[2019.07.01-02.11.00:506][ 48]LogModuleManager: Shutting down and abandoning module OverlayEditor (202)
[2019.07.01-02.11.00:506][ 48]LogModuleManager: Shutting down and abandoning module VREditor (199)
[2019.07.01-02.11.00:506][ 48]LogModuleManager: Shutting down and abandoning module StringTableEditor (197)
[2019.07.01-02.11.00:506][ 48]LogModuleManager: Shutting down and abandoning module GameplayTasksEditor (195)
[2019.07.01-02.11.00:506][ 48]LogModuleManager: Shutting down and abandoning module BehaviorTreeEditor (193)
[2019.07.01-02.11.00:506][ 48]LogModuleManager: Shutting down and abandoning module FunctionalTesting (191)
[2019.07.01-02.11.00:506][ 48]LogModuleManager: Shutting down and abandoning module CollisionAnalyzer (189)
[2019.07.01-02.11.00:506][ 48]LogModuleManager: Shutting down and abandoning module WorkspaceMenuStructure (188)
[2019.07.01-02.11.00:506][ 48]LogModuleManager: Shutting down and abandoning module UMG (185)
[2019.07.01-02.11.00:506][ 48]LogModuleManager: Shutting down and abandoning module UMGEditor (184)
[2019.07.01-02.11.00:506][ 48]LogModuleManager: Shutting down and abandoning module Sequencer (183)
[2019.07.01-02.11.00:506][ 48]LogModuleManager: Shutting down and abandoning module MessageLog (180)
[2019.07.01-02.11.00:506][ 48]LogModuleManager: Shutting down and abandoning module SlateReflector (175)
[2019.07.01-02.11.00:506][ 48]LogModuleManager: Shutting down and abandoning module Slate (173)
[2019.07.01-02.11.00:506][ 48]LogModuleManager: Shutting down and abandoning module EditorStyle (171)
[2019.07.01-02.11.00:508][ 48]LogModuleManager: Shutting down and abandoning module MRMesh (169)
[2019.07.01-02.11.00:508][ 48]LogModuleManager: Shutting down and abandoning module Messaging (167)
[2019.07.01-02.11.00:508][ 48]LogModuleManager: Shutting down and abandoning module SourceCodeAccess (165)
[2019.07.01-02.11.00:508][ 48]LogModuleManager: Shutting down and abandoning module HeadMountedDisplay (163)
[2019.07.01-02.11.00:508][ 48]LogModuleManager: Shutting down and abandoning module XAudio2 (161)
[2019.07.01-02.11.00:508][ 48]LogModuleManager: Shutting down and abandoning module Networking (159)
[2019.07.01-02.11.00:508][ 48]LogModuleManager: Shutting down and abandoning module Core (157)
[2019.07.01-02.11.00:508][ 48]LogModuleManager: Shutting down and abandoning module LevelSequence (155)
[2019.07.01-02.11.00:508][ 48]LogModuleManager: Shutting down and abandoning module KismetCompiler (153)
[2019.07.01-02.11.00:508][ 48]LogModuleManager: Shutting down and abandoning module MeshUtilities (151)
[2019.07.01-02.11.00:508][ 48]LogModuleManager: Shutting down and abandoning module MeshMergeUtilities (150)
[2019.07.01-02.11.00:508][ 48]LogModuleManager: Shutting down and abandoning module MeshReductionInterface (149)
[2019.07.01-02.11.00:508][ 48]LogModuleManager: Shutting down and abandoning module SimplygonSwarm (148)
[2019.07.01-02.11.00:508][ 48]LogModuleManager: Shutting down and abandoning module ProxyLODMeshReduction (146)
[2019.07.01-02.11.00:508][ 48]LogModuleManager: Shutting down and abandoning module SimplygonMeshReduction (144)
[2019.07.01-02.11.00:508][ 48]LogModuleManager: Shutting down and abandoning module QuadricMeshReduction (142)
[2019.07.01-02.11.00:508][ 48]LogModuleManager: Shutting down and abandoning module MaterialBaking (138)
[2019.07.01-02.11.00:508][ 48]LogModuleManager: Shutting down and abandoning module DerivedDataCache (133)
[2019.07.01-02.11.00:702][ 48]LogDerivedDataCache: Shutdown
[2019.07.01-02.11.00:702][ 48]LogModuleManager: Shutting down and abandoning module XGEController (131)
[2019.07.01-02.11.00:702][ 48]LogModuleManager: Shutting down and abandoning module TargetPlatform (129)
[2019.07.01-02.11.00:702][ 48]LogModuleManager: Shutting down and abandoning module VulkanShaderFormat (128)
[2019.07.01-02.11.00:702][ 48]LogModuleManager: Shutting down and abandoning module ShaderFormatVectorVM (126)
[2019.07.01-02.11.00:702][ 48]LogModuleManager: Shutting down and abandoning module ShaderFormatOpenGL (124)
[2019.07.01-02.11.00:702][ 48]LogModuleManager: Shutting down and abandoning module ShaderFormatD3D (122)
[2019.07.01-02.11.00:702][ 48]LogModuleManager: Shutting down and abandoning module MetalShaderFormat (120)
[2019.07.01-02.11.00:702][ 48]LogModuleManager: Shutting down and abandoning module TextureFormatUncompressed (118)
[2019.07.01-02.11.00:702][ 48]LogModuleManager: Shutting down and abandoning module TextureFormatPVR (116)
[2019.07.01-02.11.00:702][ 48]LogModuleManager: Shutting down and abandoning module TextureFormatDXT (114)
[2019.07.01-02.11.00:702][ 48]LogModuleManager: Shutting down and abandoning module TextureFormatIntelISPCTexComp (112)
[2019.07.01-02.11.00:703][ 48]LogModuleManager: Shutting down and abandoning module TextureFormatASTC (110)
[2019.07.01-02.11.00:703][ 48]LogModuleManager: Shutting down and abandoning module ImageWrapper (109)
[2019.07.01-02.11.00:703][ 48]LogModuleManager: Shutting down and abandoning module TextureFormatAndroid (106)
[2019.07.01-02.11.00:703][ 48]LogModuleManager: Shutting down and abandoning module AudioFormatOpus (104)
[2019.07.01-02.11.00:703][ 48]LogModuleManager: Shutting down and abandoning module AudioFormatOgg (102)
[2019.07.01-02.11.00:703][ 48]LogModuleManager: Shutting down and abandoning module AudioFormatADPCM (100)
[2019.07.01-02.11.00:703][ 48]LogModuleManager: Shutting down and abandoning module WindowsTargetPlatform (98)
[2019.07.01-02.11.00:703][ 48]LogModuleManager: Shutting down and abandoning module WindowsServerTargetPlatform (96)
[2019.07.01-02.11.00:703][ 48]LogModuleManager: Shutting down and abandoning module WindowsNoEditorTargetPlatform (94)
[2019.07.01-02.11.00:703][ 48]LogModuleManager: Shutting down and abandoning module WindowsClientTargetPlatform (92)
[2019.07.01-02.11.00:703][ 48]LogModuleManager: Shutting down and abandoning module InputCore (89)
[2019.07.01-02.11.00:703][ 48]LogModuleManager: Shutting down and abandoning module Settings (87)
[2019.07.01-02.11.00:703][ 48]LogModuleManager: Shutting down and abandoning module PhysXCooking (85)
[2019.07.01-02.11.00:703][ 48]LogModuleManager: Shutting down and abandoning module SteamVR (83)
[2019.07.01-02.11.00:703][ 48]LogModuleManager: Shutting down and abandoning module OculusHMD (81)
[2019.07.01-02.11.00:703][ 48]LogModuleManager: Shutting down and abandoning module ExampleDeviceProfileSelector (79)
[2019.07.01-02.11.00:703][ 48]LogModuleManager: Shutting down and abandoning module LauncherChunkInstaller (77)
[2019.07.01-02.11.00:703][ 48]LogModuleManager: Shutting down and abandoning module OnlineBlueprintSupport (75)
[2019.07.01-02.11.00:703][ 48]LogModuleManager: Shutting down and abandoning module OnlineSubsystem (71)
[2019.07.01-02.11.00:703][ 48]LogModuleManager: Shutting down and abandoning module XMPP (65)
[2019.07.01-02.11.00:703][ 48]LogModuleManager: Shutting down and abandoning module WebSockets (64)
[2019.07.01-02.11.00:727][ 48]LogModuleManager: Shutting down and abandoning module HTTP (61)
[2019.07.01-02.11.00:755][ 48]LogModuleManager: Shutting down and abandoning module SSL (60)
[2019.07.01-02.11.00:756][ 48]LogModuleManager: Shutting down and abandoning module MagicLeapEmulator (56)
[2019.07.01-02.11.00:756][ 48]LogModuleManager: Shutting down and abandoning module MagicLeapPrivileges (54)
[2019.07.01-02.11.00:756][ 48]LogModuleManager: Shutting down and abandoning module MagicLeapIdentity (52)
[2019.07.01-02.11.00:756][ 48]LogModuleManager: Shutting down and abandoning module MagicLeapHelperVulkan (50)
[2019.07.01-02.11.00:756][ 48]LogModuleManager: Shutting down and abandoning module MagicLeapHelperOpenGL (48)
[2019.07.01-02.11.00:756][ 48]LogModuleManager: Shutting down and abandoning module MagicLeapSecureStorage (46)
[2019.07.01-02.11.00:756][ 48]LogModuleManager: Shutting down and abandoning module MagicLeapGestures (44)
[2019.07.01-02.11.00:756][ 48]LogModuleManager: Shutting down and abandoning module MagicLeapEyeTracker (42)
[2019.07.01-02.11.00:756][ 48]LogModuleManager: Shutting down and abandoning module MagicLeapController (40)
[2019.07.01-02.11.00:757][ 48]LogSlate: Slate User Destroyed.  User Index 0, Is Virtual User: 0
[2019.07.01-02.11.00:757][ 48]LogModuleManager: Shutting down and abandoning module MagicLeap (38)
[2019.07.01-02.11.00:757][ 48]LogModuleManager: Shutting down and abandoning module AnimationModifiers (36)
[2019.07.01-02.11.00:757][ 48]LogModuleManager: Shutting down and abandoning module PropertyEditor (35)
[2019.07.01-02.11.00:757][ 48]LogModuleManager: Shutting down and abandoning module AudioEditor (32)
[2019.07.01-02.11.00:757][ 48]LogModuleManager: Shutting down and abandoning module TextureCompressor (30)
[2019.07.01-02.11.00:757][ 48]LogModuleManager: Shutting down and abandoning module ShaderCore (28)
[2019.07.01-02.11.00:757][ 48]LogModuleManager: Shutting down and abandoning module Landscape (26)
[2019.07.01-02.11.00:757][ 48]LogModuleManager: Shutting down and abandoning module SlateRHIRenderer (24)
[2019.07.01-02.11.00:757][ 48]LogModuleManager: Shutting down and abandoning module OpenGLDrv (22)
[2019.07.01-02.11.00:757][ 48]LogModuleManager: Shutting down and abandoning module D3D11RHI (20)
[2019.07.01-02.11.00:757][ 48]LogModuleManager: Shutting down and abandoning module AnimGraphRuntime (18)
[2019.07.01-02.11.00:757][ 48]LogModuleManager: Shutting down and abandoning module Renderer (16)
[2019.07.01-02.11.00:757][ 48]LogModuleManager: Shutting down and abandoning module Engine (14)
[2019.07.01-02.11.00:757][ 48]LogModuleManager: Shutting down and abandoning module CoreUObject (12)
[2019.07.01-02.11.00:757][ 48]LogModuleManager: Shutting down and abandoning module NetworkFile (10)
[2019.07.01-02.11.00:757][ 48]LogModuleManager: Shutting down and abandoning module CookedIterativeFile (8)
[2019.07.01-02.11.00:757][ 48]LogModuleManager: Shutting down and abandoning module StreamingFile (6)
[2019.07.01-02.11.00:757][ 48]LogModuleManager: Shutting down and abandoning module SandboxFile (4)
[2019.07.01-02.11.00:757][ 48]LogModuleManager: Shutting down and abandoning module PakFile (2)
[2019.07.01-02.11.00:761][ 48]LogExit: Exiting.
[2019.07.01-02.11.00:770][ 48]Log file closed, 07/01/19 11:11:00
