Log file open, 07/19/19 09:18:18
LogWindows: Failed to load 'aqProf.dll' (GetLastError=126)
LogWindows: File 'aqProf.dll' does not exist
LogWindows: Failed to load 'VtuneApi.dll' (GetLastError=126)
LogWindows: File 'VtuneApi.dll' does not exist
LogWindows: Failed to load 'VtuneApi32e.dll' (GetLastError=126)
LogWindows: File 'VtuneApi32e.dll' does not exist
LogConsoleResponse: Display: Failed to find resolution value strings in scalability ini. Falling back to default.
LogInit: Display: Running engine for game: Demo_Lan
LogPakFile: Registered encryption key '00000000000000000000000000000000': 0 pak files mounted, 0 remain pending
LogPlatformFile: Not using cached read wrapper
LogTaskGraph: Started task graph with 5 named threads and 23 total threads with 3 sets of task threads.
LogStats: Stats thread started at 0.306405
LogD3D11RHI: Loaded GFSDK_Aftermath_Lib.x64.dll
LogICUInternationalization: ICU TimeZone Detection - Raw Offset: +9:00, Platform Override: ''
LogPluginManager: Mounting plugin Paper2D
LogPluginManager: Mounting plugin AISupport
LogPluginManager: Mounting plugin LightPropagationVolume
LogPluginManager: Mounting plugin ActorLayerUtilities
LogPluginManager: Mounting plugin AnimationSharing
LogPluginManager: Mounting plugin CLionSourceCodeAccess
LogPluginManager: Mounting plugin CodeLiteSourceCodeAccess
LogPluginManager: Mounting plugin GitSourceControl
LogPluginManager: Mounting plugin KDevelopSourceCodeAccess
LogPluginManager: Mounting plugin NullSourceCodeAccess
LogPluginManager: Mounting plugin PerforceSourceControl
LogPluginManager: Mounting plugin SubversionSourceControl
LogPluginManager: Mounting plugin UObjectPlugin
LogPluginManager: Mounting plugin VisualStudioCodeSourceCodeAccess
LogPluginManager: Mounting plugin VisualStudioSourceCodeAccess
LogPluginManager: Mounting plugin XCodeSourceCodeAccess
LogPluginManager: Mounting plugin AssetManagerEditor
LogPluginManager: Mounting plugin CryptoKeys
LogPluginManager: Mounting plugin DataValidation
LogPluginManager: Mounting plugin FacialAnimation
LogPluginManager: Mounting plugin GameplayTagsEditor
LogPluginManager: Mounting plugin MacGraphicsSwitching
LogPluginManager: Mounting plugin MaterialAnalyzer
LogPluginManager: Mounting plugin MobileLauncherProfileWizard
LogPluginManager: Mounting plugin PluginBrowser
LogPluginManager: Mounting plugin SpeedTreeImporter
LogPluginManager: Mounting plugin DatasmithContent
LogPluginManager: Mounting plugin VariantManagerContent
LogPluginManager: Mounting plugin AlembicImporter
LogPluginManager: Mounting plugin AppleImageUtils
LogPluginManager: Mounting plugin AppleVision
LogPluginManager: Mounting plugin BackChannel
LogPluginManager: Mounting plugin CharacterAI
LogPluginManager: Mounting plugin GeometryCache
LogPluginManager: Mounting plugin HTML5Networking
LogPluginManager: Mounting plugin ProxyLODPlugin
LogPluginManager: Mounting plugin SkeletalReduction
LogPluginManager: Mounting plugin MagicLeap
LogPluginManager: Mounting plugin MagicLeapMedia
LogPluginManager: Mounting plugin AndroidMedia
LogPluginManager: Mounting plugin AvfMedia
LogPluginManager: Mounting plugin ImgMedia
LogPluginManager: Mounting plugin LinearTimecode
LogPluginManager: Mounting plugin MediaCompositing
LogPluginManager: Mounting plugin MediaPlayerEditor
LogPluginManager: Mounting plugin WebMMedia
LogPluginManager: Mounting plugin WmfMedia
LogPluginManager: Mounting plugin TcpMessaging
LogPluginManager: Mounting plugin UdpMessaging
LogPluginManager: Mounting plugin ActorSequence
LogPluginManager: Mounting plugin LevelSequenceEditor
LogPluginManager: Mounting plugin MatineeToLevelSequence
LogPluginManager: Mounting plugin NetcodeUnitTest
LogPluginManager: Mounting plugin NUTUnrealEngine4
LogPluginManager: Mounting plugin OnlineSubsystemGooglePlay
LogPluginManager: Mounting plugin OnlineSubsystemIOS
LogPluginManager: Mounting plugin OnlineSubsystem
LogPluginManager: Mounting plugin OnlineSubsystemNull
LogPluginManager: Mounting plugin OnlineSubsystemUtils
LogPluginManager: Mounting plugin LauncherChunkInstaller
LogPluginManager: Mounting plugin AndroidDeviceProfileSelector
LogPluginManager: Mounting plugin AndroidMoviePlayer
LogPluginManager: Mounting plugin AndroidPermission
LogPluginManager: Mounting plugin AppleMoviePlayer
LogPluginManager: Mounting plugin ArchVisCharacter
LogPluginManager: Mounting plugin AudioCapture
LogPluginManager: Mounting plugin CableComponent
LogPluginManager: Mounting plugin CustomMeshComponent
LogPluginManager: Mounting plugin EditableMesh
LogPluginManager: Mounting plugin ExampleDeviceProfileSelector
LogPluginManager: Mounting plugin Firebase
LogPluginManager: Mounting plugin GoogleCloudMessaging
LogPluginManager: Mounting plugin IOSDeviceProfileSelector
LogPluginManager: Mounting plugin LinuxDeviceProfileSelector
LogPluginManager: Mounting plugin LocationServicesBPLibrary
LogPluginManager: Mounting plugin MobilePatchingUtils
LogPluginManager: Mounting plugin OculusVR
LogPluginManager: Mounting plugin PhysXVehicles
LogPluginManager: Mounting plugin ProceduralMeshComponent
LogPluginManager: Mounting plugin RuntimePhysXCooking
LogPluginManager: Mounting plugin SignificanceManager
LogPluginManager: Mounting plugin SteamVR
LogPluginManager: Mounting plugin WebMMoviePlayer
LogPluginManager: Mounting plugin WindowsMoviePlayer
LogInit: Using libcurl 7.55.1-DEV
LogInit:  - built for x86_64-pc-win32
LogInit:  - supports SSL with OpenSSL/1.1.1
LogInit:  - supports HTTP deflate (compression) using libz 1.2.8
LogInit:  - other features:
LogInit:      CURL_VERSION_SSL
LogInit:      CURL_VERSION_LIBZ
LogInit:      CURL_VERSION_IPV6
LogInit:      CURL_VERSION_ASYNCHDNS
LogInit:      CURL_VERSION_LARGEFILE
LogInit:      CURL_VERSION_IDN
LogInit:  CurlRequestOptions (configurable via config and command line):
LogInit:  - bVerifyPeer = true  - Libcurl will verify peer certificate
LogInit:  - bUseHttpProxy = false  - Libcurl will NOT use HTTP proxy
LogInit:  - bDontReuseConnections = false  - Libcurl will reuse connections
LogInit:  - MaxHostConnections = 16  - Libcurl will limit the number of connections to a host
LogInit:  - LocalHostAddr = Default
LogInit:  - BufferSize = 65536
LogModuleManager: Warning: ModuleManager: Unable to load module 'OnlineSubsystemLAN'  - 0 instances of that module name found.
LogInit: WinSock: version 1.1 (2.2), MaxSocks=32767, MaxUdp=65467
LogInit: Build: ++UE4+Release-4.22-CL-7053642
LogInit: Engine Version: 4.22.3-7053642+++UE4+Release-4.22
LogInit: Compatible Engine Version: 4.22.0-5660361+++UE4+Release-4.22
LogInit: Net CL: 5660361
LogInit: OS: Windows 10 (Release 1803) (), CPU: Intel(R) Core(TM) i7-4790 CPU @ 3.60GHz, GPU: NVIDIA GeForce GTX 960
LogInit: Compiled (64-bit): Jun 18 2019 03:09:11
LogInit: Compiled with Visual C++: 19.16.27025.01
LogInit: Build Configuration: Development
LogInit: Branch Name: ++UE4+Release-4.22
LogInit: Command Line: 
LogInit: Base Directory: C:/Program Files/Epic Games/UE_4.22/Engine/Binaries/Win64/
LogInit: Installed Engine Build: 1
LogDevObjectVersion: Number of dev versions registered: 23
LogDevObjectVersion:   Dev-Blueprints (B0D832E4-1F89-4F0D-ACCF-7EB736FD4AA2): 10
LogDevObjectVersion:   Dev-Build (E1C64328-A22C-4D53-A36C-8E866417BD8C): 0
LogDevObjectVersion:   Dev-Core (375EC13C-06E4-48FB-B500-84F0262A717E): 3
LogDevObjectVersion:   Dev-Editor (E4B068ED-F494-42E9-A231-DA0B2E46BB41): 30
LogDevObjectVersion:   Dev-Framework (CFFC743F-43B0-4480-9391-14DF171D2073): 35
LogDevObjectVersion:   Dev-Mobile (B02B49B5-BB20-44E9-A304-32B752E40360): 2
LogDevObjectVersion:   Dev-Networking (A4E4105C-59A1-49B5-A7C5-40C4547EDFEE): 0
LogDevObjectVersion:   Dev-Online (39C831C9-5AE6-47DC-9A44-9C173E1C8E7C): 0
LogDevObjectVersion:   Dev-Physics (78F01B33-EBEA-4F98-B9B4-84EACCB95AA2): 0
LogDevObjectVersion:   Dev-Platform (6631380F-2D4D-43E0-8009-CF276956A95A): 0
LogDevObjectVersion:   Dev-Rendering (12F88B9F-8875-4AFC-A67C-D90C383ABD29): 28
LogDevObjectVersion:   Dev-Sequencer (7B5AE74C-D270-4C10-A958-57980B212A5A): 11
LogDevObjectVersion:   Dev-VR (D7296918-1DD6-4BDD-9DE2-64A83CC13884): 2
LogDevObjectVersion:   Dev-LoadTimes (C2A15278-BFE7-4AFE-6C17-90FF531DF755): 1
LogDevObjectVersion:   Private-Geometry (6EACA3D4-40EC-4CC1-B786-8BED09428FC5): 3
LogDevObjectVersion:   Dev-AnimPhys (29E575DD-E0A3-4627-9D10-D276232CDCEA): 17
LogDevObjectVersion:   Dev-Anim (AF43A65D-7FD3-4947-9873-3E8ED9C1BB05): 2
LogDevObjectVersion:   Dev-ReflectionCapture (6B266CEC-1EC7-4B8F-A30B-E4D90942FC07): 1
LogDevObjectVersion:   Dev-Automation (0DF73D61-A23F-47EA-B727-89E90C41499A): 1
LogDevObjectVersion:   FortniteMain (601D1886-AC64-4F84-AA16-D3DE0DEAC7D6): 25
LogDevObjectVersion:   Dev-Enterprise (9DFFBCD6-494F-0158-E221-12823C92A888): 6
LogDevObjectVersion:   Dev-Niagara (F2AED0AC-9AFE-416F-8664-AA7FFA26D6FC): 1
LogDevObjectVersion:   Dev-Destruction (174F1F0B-B4C6-45A5-B13F-2EE8D0FB917D): 2
LogInit: Presizing for max 16777216 objects, including 0 objects not considered by GC, pre-allocating 0 bytes for permanent pool.
LogInit: Object subsystem initialized
LogConfig: Setting CVar [[con.DebugEarlyDefault:1]]
LogConfig: Setting CVar [[r.setres:1280x720]]
[2019.07.19-00.18.19:154][  0]LogConfig: Setting CVar [[r.VSync:0]]
[2019.07.19-00.18.19:154][  0]LogConfig: Setting CVar [[r.RHICmdBypass:0]]
[2019.07.19-00.18.19:154][  0]LogConfig: Applying CVar settings from Section [/Script/Engine.RendererSettings] File [D:/Work/Unreal Projects/Sample/Demo1/Demo_Lan/Saved/Config/Windows/Engine.ini]
[2019.07.19-00.18.19:154][  0]LogConfig: Setting CVar [[r.GPUCrashDebugging:0]]
[2019.07.19-00.18.19:155][  0]LogConfig: Applying CVar settings from Section [/Script/Engine.RendererOverrideSettings] File [D:/Work/Unreal Projects/Sample/Demo1/Demo_Lan/Saved/Config/Windows/Engine.ini]
[2019.07.19-00.18.19:155][  0]LogConfig: Applying CVar settings from Section [/Script/Engine.StreamingSettings] File [D:/Work/Unreal Projects/Sample/Demo1/Demo_Lan/Saved/Config/Windows/Engine.ini]
[2019.07.19-00.18.19:155][  0]LogConfig: Setting CVar [[s.MinBulkDataSizeForAsyncLoading:131072]]
[2019.07.19-00.18.19:155][  0]LogConfig: Setting CVar [[s.AsyncLoadingThreadEnabled:0]]
[2019.07.19-00.18.19:155][  0]LogConfig: Setting CVar [[s.EventDrivenLoaderEnabled:1]]
[2019.07.19-00.18.19:155][  0]LogConfig: Setting CVar [[s.WarnIfTimeLimitExceeded:0]]
[2019.07.19-00.18.19:155][  0]LogConfig: Setting CVar [[s.TimeLimitExceededMultiplier:1.5]]
[2019.07.19-00.18.19:155][  0]LogConfig: Setting CVar [[s.TimeLimitExceededMinTime:0.005]]
[2019.07.19-00.18.19:155][  0]LogConfig: Setting CVar [[s.UseBackgroundLevelStreaming:1]]
[2019.07.19-00.18.19:155][  0]LogConfig: Setting CVar [[s.PriorityAsyncLoadingExtraTime:15.0]]
[2019.07.19-00.18.19:155][  0]LogConfig: Setting CVar [[s.LevelStreamingActorsUpdateTimeLimit:5.0]]
[2019.07.19-00.18.19:155][  0]LogConfig: Setting CVar [[s.PriorityLevelStreamingActorsUpdateExtraTime:5.0]]
[2019.07.19-00.18.19:155][  0]LogConfig: Setting CVar [[s.LevelStreamingComponentsRegistrationGranularity:10]]
[2019.07.19-00.18.19:155][  0]LogConfig: Setting CVar [[s.UnregisterComponentsTimeLimit:1.0]]
[2019.07.19-00.18.19:155][  0]LogConfig: Setting CVar [[s.LevelStreamingComponentsUnregistrationGranularity:5]]
[2019.07.19-00.18.19:155][  0]LogConfig: Applying CVar settings from Section [/Script/Engine.GarbageCollectionSettings] File [D:/Work/Unreal Projects/Sample/Demo1/Demo_Lan/Saved/Config/Windows/Engine.ini]
[2019.07.19-00.18.19:155][  0]LogConfig: Setting CVar [[gc.MaxObjectsNotConsideredByGC:1]]
[2019.07.19-00.18.19:155][  0]LogConfig: Setting CVar [[gc.SizeOfPermanentObjectPool:0]]
[2019.07.19-00.18.19:155][  0]LogConfig: Setting CVar [[gc.FlushStreamingOnGC:0]]
[2019.07.19-00.18.19:155][  0]LogConfig: Setting CVar [[gc.NumRetriesBeforeForcingGC:10]]
[2019.07.19-00.18.19:155][  0]LogConfig: Setting CVar [[gc.AllowParallelGC:1]]
[2019.07.19-00.18.19:155][  0]LogConfig: Setting CVar [[gc.TimeBetweenPurgingPendingKillObjects:61.1]]
[2019.07.19-00.18.19:155][  0]LogConfig: Setting CVar [[gc.MaxObjectsInEditor:16777216]]
[2019.07.19-00.18.19:155][  0]LogConfig: Setting CVar [[gc.IncrementalBeginDestroyEnabled:1]]
[2019.07.19-00.18.19:155][  0]LogConfig: Setting CVar [[gc.CreateGCClusters:1]]
[2019.07.19-00.18.19:155][  0]LogConfig: Setting CVar [[gc.MinGCClusterSize:5]]
[2019.07.19-00.18.19:155][  0]LogConfig: Setting CVar [[gc.ActorClusteringEnabled:0]]
[2019.07.19-00.18.19:155][  0]LogConfig: Setting CVar [[gc.BlueprintClusteringEnabled:0]]
[2019.07.19-00.18.19:155][  0]LogConfig: Setting CVar [[gc.UseDisregardForGCOnDedicatedServers:0]]
[2019.07.19-00.18.19:155][  0]LogConfig: Applying CVar settings from Section [/Script/Engine.NetworkSettings] File [D:/Work/Unreal Projects/Sample/Demo1/Demo_Lan/Saved/Config/Windows/Engine.ini]
[2019.07.19-00.18.19:155][  0]LogConfig: Applying CVar settings from Section [/Script/UnrealEd.CookerSettings] File [D:/Work/Unreal Projects/Sample/Demo1/Demo_Lan/Saved/Config/Windows/Engine.ini]
[2019.07.19-00.18.19:162][  0]LogConfig: Applying CVar settings from Section [ViewDistanceQuality@3] File [D:/Work/Unreal Projects/Sample/Demo1/Demo_Lan/Saved/Config/Windows/Scalability.ini]
[2019.07.19-00.18.19:162][  0]LogConfig: Setting CVar [[r.SkeletalMeshLODBias:0]]
[2019.07.19-00.18.19:162][  0]LogConfig: Setting CVar [[r.ViewDistanceScale:1.0]]
[2019.07.19-00.18.19:162][  0]LogConfig: Applying CVar settings from Section [AntiAliasingQuality@3] File [D:/Work/Unreal Projects/Sample/Demo1/Demo_Lan/Saved/Config/Windows/Scalability.ini]
[2019.07.19-00.18.19:162][  0]LogConfig: Setting CVar [[r.PostProcessAAQuality:4]]
[2019.07.19-00.18.19:162][  0]LogConfig: Applying CVar settings from Section [ShadowQuality@3] File [D:/Work/Unreal Projects/Sample/Demo1/Demo_Lan/Saved/Config/Windows/Scalability.ini]
[2019.07.19-00.18.19:162][  0]LogConfig: Setting CVar [[r.LightFunctionQuality:1]]
[2019.07.19-00.18.19:162][  0]LogConfig: Setting CVar [[r.ShadowQuality:5]]
[2019.07.19-00.18.19:162][  0]LogConfig: Setting CVar [[r.Shadow.CSM.MaxCascades:10]]
[2019.07.19-00.18.19:162][  0]LogConfig: Setting CVar [[r.Shadow.MaxResolution:2048]]
[2019.07.19-00.18.19:162][  0]LogConfig: Setting CVar [[r.Shadow.MaxCSMResolution:2048]]
[2019.07.19-00.18.19:162][  0]LogConfig: Setting CVar [[r.Shadow.RadiusThreshold:0.01]]
[2019.07.19-00.18.19:162][  0]LogConfig: Setting CVar [[r.Shadow.DistanceScale:1.0]]
[2019.07.19-00.18.19:162][  0]LogConfig: Setting CVar [[r.Shadow.CSM.TransitionScale:1.0]]
[2019.07.19-00.18.19:162][  0]LogConfig: Setting CVar [[r.Shadow.PreShadowResolutionFactor:1.0]]
[2019.07.19-00.18.19:162][  0]LogConfig: Setting CVar [[r.DistanceFieldShadowing:1]]
[2019.07.19-00.18.19:162][  0]LogConfig: Setting CVar [[r.DistanceFieldAO:1]]
[2019.07.19-00.18.19:162][  0]LogConfig: Setting CVar [[r.AOQuality:2]]
[2019.07.19-00.18.19:162][  0]LogConfig: Setting CVar [[r.VolumetricFog:1]]
[2019.07.19-00.18.19:162][  0]LogConfig: Setting CVar [[r.VolumetricFog.GridPixelSize:8]]
[2019.07.19-00.18.19:162][  0]LogConfig: Setting CVar [[r.VolumetricFog.GridSizeZ:128]]
[2019.07.19-00.18.19:162][  0]LogConfig: Setting CVar [[r.VolumetricFog.HistoryMissSupersampleCount:4]]
[2019.07.19-00.18.19:162][  0]LogConfig: Setting CVar [[r.LightMaxDrawDistanceScale:1]]
[2019.07.19-00.18.19:162][  0]LogConfig: Setting CVar [[r.CapsuleShadows:1]]
[2019.07.19-00.18.19:162][  0]LogConfig: Applying CVar settings from Section [PostProcessQuality@3] File [D:/Work/Unreal Projects/Sample/Demo1/Demo_Lan/Saved/Config/Windows/Scalability.ini]
[2019.07.19-00.18.19:163][  0]LogConfig: Setting CVar [[r.MotionBlurQuality:4]]
[2019.07.19-00.18.19:163][  0]LogConfig: Setting CVar [[r.AmbientOcclusionMipLevelFactor:0.4]]
[2019.07.19-00.18.19:163][  0]LogConfig: Setting CVar [[r.AmbientOcclusionMaxQuality:100]]
[2019.07.19-00.18.19:163][  0]LogConfig: Setting CVar [[r.AmbientOcclusionLevels:-1]]
[2019.07.19-00.18.19:163][  0]LogConfig: Setting CVar [[r.AmbientOcclusionRadiusScale:1.0]]
[2019.07.19-00.18.19:163][  0]LogConfig: Setting CVar [[r.DepthOfFieldQuality:2]]
[2019.07.19-00.18.19:163][  0]LogConfig: Setting CVar [[r.RenderTargetPoolMin:400]]
[2019.07.19-00.18.19:163][  0]LogConfig: Setting CVar [[r.LensFlareQuality:2]]
[2019.07.19-00.18.19:163][  0]LogConfig: Setting CVar [[r.SceneColorFringeQuality:1]]
[2019.07.19-00.18.19:163][  0]LogConfig: Setting CVar [[r.EyeAdaptationQuality:2]]
[2019.07.19-00.18.19:163][  0]LogConfig: Setting CVar [[r.BloomQuality:5]]
[2019.07.19-00.18.19:163][  0]LogConfig: Setting CVar [[r.FastBlurThreshold:100]]
[2019.07.19-00.18.19:163][  0]LogConfig: Setting CVar [[r.Upscale.Quality:3]]
[2019.07.19-00.18.19:163][  0]LogConfig: Setting CVar [[r.Tonemapper.GrainQuantization:1]]
[2019.07.19-00.18.19:163][  0]LogConfig: Setting CVar [[r.LightShaftQuality:1]]
[2019.07.19-00.18.19:163][  0]LogConfig: Setting CVar [[r.Filter.SizeScale:1]]
[2019.07.19-00.18.19:163][  0]LogConfig: Setting CVar [[r.Tonemapper.Quality:5]]
[2019.07.19-00.18.19:163][  0]LogConfig: Setting CVar [[r.DOF.Gather.AccumulatorQuality:1        ; higher gathering accumulator quality]]
[2019.07.19-00.18.19:163][  0]LogConfig: Setting CVar [[r.DOF.Gather.PostfilterMethod:1          ; Median3x3 postfilering method]]
[2019.07.19-00.18.19:163][  0]LogConfig: Setting CVar [[r.DOF.Gather.EnableBokehSettings:0       ; no bokeh simulation when gathering]]
[2019.07.19-00.18.19:163][  0]LogConfig: Setting CVar [[r.DOF.Gather.RingCount:4                 ; medium number of samples when gathering]]
[2019.07.19-00.18.19:163][  0]LogConfig: Setting CVar [[r.DOF.Scatter.ForegroundCompositing:1    ; additive foreground scattering]]
[2019.07.19-00.18.19:163][  0]LogConfig: Setting CVar [[r.DOF.Scatter.BackgroundCompositing:2    ; additive background scattering]]
[2019.07.19-00.18.19:163][  0]LogConfig: Setting CVar [[r.DOF.Scatter.EnableBokehSettings:1      ; bokeh simulation when scattering]]
[2019.07.19-00.18.19:163][  0]LogConfig: Setting CVar [[r.DOF.Scatter.MaxSpriteRatio:0.1         ; only a maximum of 10% of scattered bokeh]]
[2019.07.19-00.18.19:163][  0]LogConfig: Setting CVar [[r.DOF.Recombine.Quality:1                ; cheap slight out of focus]]
[2019.07.19-00.18.19:163][  0]LogConfig: Setting CVar [[r.DOF.Recombine.EnableBokehSettings:0    ; no bokeh simulation on slight out of focus]]
[2019.07.19-00.18.19:163][  0]LogConfig: Setting CVar [[r.DOF.TemporalAAQuality:1                ; more stable temporal accumulation]]
[2019.07.19-00.18.19:163][  0]LogConfig: Setting CVar [[r.DOF.Kernel.MaxForegroundRadius:0.025]]
[2019.07.19-00.18.19:163][  0]LogConfig: Setting CVar [[r.DOF.Kernel.MaxBackgroundRadius:0.025]]
[2019.07.19-00.18.19:163][  0]LogConfig: Applying CVar settings from Section [TextureQuality@3] File [D:/Work/Unreal Projects/Sample/Demo1/Demo_Lan/Saved/Config/Windows/Scalability.ini]
[2019.07.19-00.18.19:163][  0]LogConfig: Setting CVar [[r.Streaming.MipBias:0]]
[2019.07.19-00.18.19:163][  0]LogConfig: Setting CVar [[r.Streaming.AmortizeCPUToGPUCopy:0]]
[2019.07.19-00.18.19:163][  0]LogConfig: Setting CVar [[r.Streaming.MaxNumTexturesToStreamPerFrame:0]]
[2019.07.19-00.18.19:163][  0]LogConfig: Setting CVar [[r.Streaming.Boost:1]]
[2019.07.19-00.18.19:163][  0]LogConfig: Setting CVar [[r.MaxAnisotropy:8]]
[2019.07.19-00.18.19:163][  0]LogConfig: Setting CVar [[r.Streaming.LimitPoolSizeToVRAM:0]]
[2019.07.19-00.18.19:163][  0]LogConfig: Setting CVar [[r.Streaming.PoolSize:1000]]
[2019.07.19-00.18.19:163][  0]LogConfig: Setting CVar [[r.Streaming.MaxEffectiveScreenSize:0]]
[2019.07.19-00.18.19:163][  0]LogConfig: Applying CVar settings from Section [EffectsQuality@3] File [D:/Work/Unreal Projects/Sample/Demo1/Demo_Lan/Saved/Config/Windows/Scalability.ini]
[2019.07.19-00.18.19:163][  0]LogConfig: Setting CVar [[r.TranslucencyLightingVolumeDim:64]]
[2019.07.19-00.18.19:163][  0]LogConfig: Setting CVar [[r.RefractionQuality:2]]
[2019.07.19-00.18.19:163][  0]LogConfig: Setting CVar [[r.SSR.Quality:3]]
[2019.07.19-00.18.19:163][  0]LogConfig: Setting CVar [[r.SceneColorFormat:4]]
[2019.07.19-00.18.19:163][  0]LogConfig: Setting CVar [[r.DetailMode:2]]
[2019.07.19-00.18.19:163][  0]LogConfig: Setting CVar [[r.TranslucencyVolumeBlur:1]]
[2019.07.19-00.18.19:163][  0]LogConfig: Setting CVar [[r.MaterialQualityLevel:1 ; High quality]]
[2019.07.19-00.18.19:163][  0]LogConfig: Setting CVar [[r.SSS.Scale:1]]
[2019.07.19-00.18.19:163][  0]LogConfig: Setting CVar [[r.SSS.SampleSet:2]]
[2019.07.19-00.18.19:163][  0]LogConfig: Setting CVar [[r.SSS.Quality:1]]
[2019.07.19-00.18.19:163][  0]LogConfig: Setting CVar [[r.SSS.HalfRes:1]]
[2019.07.19-00.18.19:163][  0]LogConfig: Setting CVar [[r.EmitterSpawnRateScale:1.0]]
[2019.07.19-00.18.19:163][  0]LogConfig: Setting CVar [[r.ParticleLightQuality:2]]
[2019.07.19-00.18.19:163][  0]LogConfig: Applying CVar settings from Section [FoliageQuality@3] File [D:/Work/Unreal Projects/Sample/Demo1/Demo_Lan/Saved/Config/Windows/Scalability.ini]
[2019.07.19-00.18.19:163][  0]LogConfig: Setting CVar [[foliage.DensityScale:1.0]]
[2019.07.19-00.18.19:163][  0]LogConfig: Setting CVar [[grass.DensityScale:1.0]]
[2019.07.19-00.18.19:163][  0]LogInit: Selected Device Profile: [Windows]
[2019.07.19-00.18.19:163][  0]LogInit: Applying CVar settings loaded from the selected device profile: [Windows]
[2019.07.19-00.18.19:184][  0]LogHAL: Display: Platform has ~ 16 GB [17111818240 / 17179869184 / 16], which maps to Larger [LargestMinGB=32, LargerMinGB=12, DefaultMinGB=8, SmallerMinGB=6, SmallestMinGB=0)
[2019.07.19-00.18.19:184][  0]LogConfig: Setting CVar [[r.Vulkan.UseRealUBs:0		; Required until we fix HLR fall-out]]
[2019.07.19-00.18.19:184][  0]LogInit: Going up to parent DeviceProfile []
[2019.07.19-00.18.19:184][  0]LogConfig: Applying CVar settings from Section [ViewDistanceQuality@3] File [D:/Work/Unreal Projects/Sample/Demo1/Demo_Lan/Saved/Config/Windows/Scalability.ini]
[2019.07.19-00.18.19:184][  0]LogConfig: Setting CVar [[r.SkeletalMeshLODBias:0]]
[2019.07.19-00.18.19:184][  0]LogConfig: Setting CVar [[r.ViewDistanceScale:1.0]]
[2019.07.19-00.18.19:184][  0]LogConfig: Applying CVar settings from Section [AntiAliasingQuality@3] File [D:/Work/Unreal Projects/Sample/Demo1/Demo_Lan/Saved/Config/Windows/Scalability.ini]
[2019.07.19-00.18.19:184][  0]LogConfig: Setting CVar [[r.PostProcessAAQuality:4]]
[2019.07.19-00.18.19:184][  0]LogConfig: Applying CVar settings from Section [ShadowQuality@3] File [D:/Work/Unreal Projects/Sample/Demo1/Demo_Lan/Saved/Config/Windows/Scalability.ini]
[2019.07.19-00.18.19:184][  0]LogConfig: Setting CVar [[r.LightFunctionQuality:1]]
[2019.07.19-00.18.19:184][  0]LogConfig: Setting CVar [[r.ShadowQuality:5]]
[2019.07.19-00.18.19:184][  0]LogConfig: Setting CVar [[r.Shadow.CSM.MaxCascades:10]]
[2019.07.19-00.18.19:184][  0]LogConfig: Setting CVar [[r.Shadow.MaxResolution:2048]]
[2019.07.19-00.18.19:184][  0]LogConfig: Setting CVar [[r.Shadow.MaxCSMResolution:2048]]
[2019.07.19-00.18.19:184][  0]LogConfig: Setting CVar [[r.Shadow.RadiusThreshold:0.01]]
[2019.07.19-00.18.19:184][  0]LogConfig: Setting CVar [[r.Shadow.DistanceScale:1.0]]
[2019.07.19-00.18.19:184][  0]LogConfig: Setting CVar [[r.Shadow.CSM.TransitionScale:1.0]]
[2019.07.19-00.18.19:184][  0]LogConfig: Setting CVar [[r.Shadow.PreShadowResolutionFactor:1.0]]
[2019.07.19-00.18.19:184][  0]LogConfig: Setting CVar [[r.DistanceFieldShadowing:1]]
[2019.07.19-00.18.19:184][  0]LogConfig: Setting CVar [[r.DistanceFieldAO:1]]
[2019.07.19-00.18.19:184][  0]LogConfig: Setting CVar [[r.AOQuality:2]]
[2019.07.19-00.18.19:184][  0]LogConfig: Setting CVar [[r.VolumetricFog:1]]
[2019.07.19-00.18.19:184][  0]LogConfig: Setting CVar [[r.VolumetricFog.GridPixelSize:8]]
[2019.07.19-00.18.19:184][  0]LogConfig: Setting CVar [[r.VolumetricFog.GridSizeZ:128]]
[2019.07.19-00.18.19:184][  0]LogConfig: Setting CVar [[r.VolumetricFog.HistoryMissSupersampleCount:4]]
[2019.07.19-00.18.19:185][  0]LogConfig: Setting CVar [[r.LightMaxDrawDistanceScale:1]]
[2019.07.19-00.18.19:185][  0]LogConfig: Setting CVar [[r.CapsuleShadows:1]]
[2019.07.19-00.18.19:185][  0]LogConfig: Applying CVar settings from Section [PostProcessQuality@3] File [D:/Work/Unreal Projects/Sample/Demo1/Demo_Lan/Saved/Config/Windows/Scalability.ini]
[2019.07.19-00.18.19:185][  0]LogConfig: Setting CVar [[r.MotionBlurQuality:4]]
[2019.07.19-00.18.19:185][  0]LogConfig: Setting CVar [[r.AmbientOcclusionMipLevelFactor:0.4]]
[2019.07.19-00.18.19:185][  0]LogConfig: Setting CVar [[r.AmbientOcclusionMaxQuality:100]]
[2019.07.19-00.18.19:185][  0]LogConfig: Setting CVar [[r.AmbientOcclusionLevels:-1]]
[2019.07.19-00.18.19:185][  0]LogConfig: Setting CVar [[r.AmbientOcclusionRadiusScale:1.0]]
[2019.07.19-00.18.19:185][  0]LogConfig: Setting CVar [[r.DepthOfFieldQuality:2]]
[2019.07.19-00.18.19:185][  0]LogConfig: Setting CVar [[r.RenderTargetPoolMin:400]]
[2019.07.19-00.18.19:185][  0]LogConfig: Setting CVar [[r.LensFlareQuality:2]]
[2019.07.19-00.18.19:185][  0]LogConfig: Setting CVar [[r.SceneColorFringeQuality:1]]
[2019.07.19-00.18.19:185][  0]LogConfig: Setting CVar [[r.EyeAdaptationQuality:2]]
[2019.07.19-00.18.19:185][  0]LogConfig: Setting CVar [[r.BloomQuality:5]]
[2019.07.19-00.18.19:185][  0]LogConfig: Setting CVar [[r.FastBlurThreshold:100]]
[2019.07.19-00.18.19:185][  0]LogConfig: Setting CVar [[r.Upscale.Quality:3]]
[2019.07.19-00.18.19:185][  0]LogConfig: Setting CVar [[r.Tonemapper.GrainQuantization:1]]
[2019.07.19-00.18.19:185][  0]LogConfig: Setting CVar [[r.LightShaftQuality:1]]
[2019.07.19-00.18.19:185][  0]LogConfig: Setting CVar [[r.Filter.SizeScale:1]]
[2019.07.19-00.18.19:185][  0]LogConfig: Setting CVar [[r.Tonemapper.Quality:5]]
[2019.07.19-00.18.19:185][  0]LogConfig: Setting CVar [[r.DOF.Gather.AccumulatorQuality:1        ; higher gathering accumulator quality]]
[2019.07.19-00.18.19:185][  0]LogConfig: Setting CVar [[r.DOF.Gather.PostfilterMethod:1          ; Median3x3 postfilering method]]
[2019.07.19-00.18.19:185][  0]LogConfig: Setting CVar [[r.DOF.Gather.EnableBokehSettings:0       ; no bokeh simulation when gathering]]
[2019.07.19-00.18.19:185][  0]LogConfig: Setting CVar [[r.DOF.Gather.RingCount:4                 ; medium number of samples when gathering]]
[2019.07.19-00.18.19:185][  0]LogConfig: Setting CVar [[r.DOF.Scatter.ForegroundCompositing:1    ; additive foreground scattering]]
[2019.07.19-00.18.19:185][  0]LogConfig: Setting CVar [[r.DOF.Scatter.BackgroundCompositing:2    ; additive background scattering]]
[2019.07.19-00.18.19:185][  0]LogConfig: Setting CVar [[r.DOF.Scatter.EnableBokehSettings:1      ; bokeh simulation when scattering]]
[2019.07.19-00.18.19:185][  0]LogConfig: Setting CVar [[r.DOF.Scatter.MaxSpriteRatio:0.1         ; only a maximum of 10% of scattered bokeh]]
[2019.07.19-00.18.19:185][  0]LogConfig: Setting CVar [[r.DOF.Recombine.Quality:1                ; cheap slight out of focus]]
[2019.07.19-00.18.19:185][  0]LogConfig: Setting CVar [[r.DOF.Recombine.EnableBokehSettings:0    ; no bokeh simulation on slight out of focus]]
[2019.07.19-00.18.19:185][  0]LogConfig: Setting CVar [[r.DOF.TemporalAAQuality:1                ; more stable temporal accumulation]]
[2019.07.19-00.18.19:185][  0]LogConfig: Setting CVar [[r.DOF.Kernel.MaxForegroundRadius:0.025]]
[2019.07.19-00.18.19:185][  0]LogConfig: Setting CVar [[r.DOF.Kernel.MaxBackgroundRadius:0.025]]
[2019.07.19-00.18.19:185][  0]LogConfig: Applying CVar settings from Section [TextureQuality@3] File [D:/Work/Unreal Projects/Sample/Demo1/Demo_Lan/Saved/Config/Windows/Scalability.ini]
[2019.07.19-00.18.19:185][  0]LogConfig: Setting CVar [[r.Streaming.MipBias:0]]
[2019.07.19-00.18.19:185][  0]LogConfig: Setting CVar [[r.Streaming.AmortizeCPUToGPUCopy:0]]
[2019.07.19-00.18.19:185][  0]LogConfig: Setting CVar [[r.Streaming.MaxNumTexturesToStreamPerFrame:0]]
[2019.07.19-00.18.19:185][  0]LogConfig: Setting CVar [[r.Streaming.Boost:1]]
[2019.07.19-00.18.19:185][  0]LogConfig: Setting CVar [[r.MaxAnisotropy:8]]
[2019.07.19-00.18.19:185][  0]LogConfig: Setting CVar [[r.Streaming.LimitPoolSizeToVRAM:0]]
[2019.07.19-00.18.19:185][  0]LogConfig: Setting CVar [[r.Streaming.PoolSize:1000]]
[2019.07.19-00.18.19:185][  0]LogConfig: Setting CVar [[r.Streaming.MaxEffectiveScreenSize:0]]
[2019.07.19-00.18.19:185][  0]LogConfig: Applying CVar settings from Section [EffectsQuality@3] File [D:/Work/Unreal Projects/Sample/Demo1/Demo_Lan/Saved/Config/Windows/Scalability.ini]
[2019.07.19-00.18.19:185][  0]LogConfig: Setting CVar [[r.TranslucencyLightingVolumeDim:64]]
[2019.07.19-00.18.19:185][  0]LogConfig: Setting CVar [[r.RefractionQuality:2]]
[2019.07.19-00.18.19:185][  0]LogConfig: Setting CVar [[r.SSR.Quality:3]]
[2019.07.19-00.18.19:185][  0]LogConfig: Setting CVar [[r.SceneColorFormat:4]]
[2019.07.19-00.18.19:185][  0]LogConfig: Setting CVar [[r.DetailMode:2]]
[2019.07.19-00.18.19:185][  0]LogConfig: Setting CVar [[r.TranslucencyVolumeBlur:1]]
[2019.07.19-00.18.19:185][  0]LogConfig: Setting CVar [[r.MaterialQualityLevel:1 ; High quality]]
[2019.07.19-00.18.19:185][  0]LogConfig: Setting CVar [[r.SSS.Scale:1]]
[2019.07.19-00.18.19:185][  0]LogConfig: Setting CVar [[r.SSS.SampleSet:2]]
[2019.07.19-00.18.19:185][  0]LogConfig: Setting CVar [[r.SSS.Quality:1]]
[2019.07.19-00.18.19:185][  0]LogConfig: Setting CVar [[r.SSS.HalfRes:1]]
[2019.07.19-00.18.19:185][  0]LogConfig: Setting CVar [[r.EmitterSpawnRateScale:1.0]]
[2019.07.19-00.18.19:185][  0]LogConfig: Setting CVar [[r.ParticleLightQuality:2]]
[2019.07.19-00.18.19:185][  0]LogConfig: Applying CVar settings from Section [FoliageQuality@3] File [D:/Work/Unreal Projects/Sample/Demo1/Demo_Lan/Saved/Config/Windows/Scalability.ini]
[2019.07.19-00.18.19:185][  0]LogConfig: Setting CVar [[foliage.DensityScale:1.0]]
[2019.07.19-00.18.19:185][  0]LogConfig: Setting CVar [[grass.DensityScale:1.0]]
[2019.07.19-00.18.19:185][  0]LogConfig: Applying CVar settings from Section [Startup] File [../../../Engine/Config/ConsoleVariables.ini]
[2019.07.19-00.18.19:186][  0]LogConfig: Setting CVar [[net.UseAdaptiveNetUpdateFrequency:0]]
[2019.07.19-00.18.19:186][  0]LogConfig: Setting CVar [[p.chaos.AllowCreatePhysxBodies:1]]
[2019.07.19-00.18.19:186][  0]LogConfig: Applying CVar settings from Section [ConsoleVariables] File [D:/Work/Unreal Projects/Sample/Demo1/Demo_Lan/Saved/Config/Windows/Engine.ini]
[2019.07.19-00.18.19:186][  0]LogInit: Computer: DESKTOP-6CMJAGG
[2019.07.19-00.18.19:186][  0]LogInit: User: clove
[2019.07.19-00.18.19:186][  0]LogInit: CPU Page size=4096, Cores=4
[2019.07.19-00.18.19:186][  0]LogInit: High frequency timer resolution =3.507503 MHz
[2019.07.19-00.18.19:186][  0]LogMemory: Memory total: Physical=15.9GB (16GB approx)
[2019.07.19-00.18.19:186][  0]LogMemory: Platform Memory Stats for Windows
[2019.07.19-00.18.19:186][  0]LogMemory: Process Physical Memory: 96.29 MB used, 96.29 MB peak
[2019.07.19-00.18.19:186][  0]LogMemory: Process Virtual Memory: 92.86 MB used, 92.86 MB peak
[2019.07.19-00.18.19:186][  0]LogMemory: Physical Memory: 7820.25 MB used,  8498.85 MB free, 16319.10 MB total
[2019.07.19-00.18.19:186][  0]LogMemory: Virtual Memory: 4663.17 MB used,  134213064.00 MB free, 134217728.00 MB total
[2019.07.19-00.18.19:214][  0]LogInit: Using OS detected language (ko-KR).
[2019.07.19-00.18.19:214][  0]LogInit: Using OS detected locale (ko-KR).
[2019.07.19-00.18.19:215][  0]LogTextLocalizationManager: No specific localization for 'ko-KR' exists, so the 'ko' localization will be used.
[2019.07.19-00.18.19:321][  0]LogInit: Setting process to per monitor DPI aware
[2019.07.19-00.18.19:370][  0]LogSlate: New Slate User Created.  User Index 0, Is Virtual User: 0
[2019.07.19-00.18.19:370][  0]LogSlate: Slate User Registered.  User Index 0, Is Virtual User: 0
[2019.07.19-00.18.19:543][  0]LogHMD: Failed to initialize OpenVR with code 110
[2019.07.19-00.18.19:543][  0]LogD3D11RHI: D3D11 adapters:
[2019.07.19-00.18.19:611][  0]LogD3D11RHI:    0. 'NVIDIA GeForce GTX 960' (Feature Level 11_0)
[2019.07.19-00.18.19:611][  0]LogD3D11RHI:       2007/0/8159 MB DedicatedVideo/DedicatedSystem/SharedSystem, Outputs:2, VendorId:0x10de
[2019.07.19-00.18.19:613][  0]LogD3D11RHI:    1. 'Microsoft Basic Render Driver' (Feature Level 11_0)
[2019.07.19-00.18.19:613][  0]LogD3D11RHI:       0/0/8159 MB DedicatedVideo/DedicatedSystem/SharedSystem, Outputs:0, VendorId:0x1414
[2019.07.19-00.18.19:613][  0]LogD3D11RHI: Chosen D3D11 Adapter: 0
[2019.07.19-00.18.19:623][  0]LogD3D11RHI: Creating new Direct3DDevice
[2019.07.19-00.18.19:623][  0]LogD3D11RHI:     GPU DeviceId: 0x1401 (for the marketing name, search the web for "GPU Device Id")
[2019.07.19-00.18.19:623][  0]LogWindows: EnumDisplayDevices:
[2019.07.19-00.18.19:623][  0]LogWindows:    0. 'NVIDIA GeForce GTX 960' (P:1 D:1)
[2019.07.19-00.18.19:623][  0]LogWindows:    1. 'NVIDIA GeForce GTX 960' (P:0 D:1)
[2019.07.19-00.18.19:624][  0]LogWindows:    2. 'NVIDIA GeForce GTX 960' (P:0 D:0)
[2019.07.19-00.18.19:624][  0]LogWindows:    3. 'NVIDIA GeForce GTX 960' (P:0 D:0)
[2019.07.19-00.18.19:624][  0]LogWindows: DebugString: FoundDriverCount:4 
[2019.07.19-00.18.19:624][  0]LogD3D11RHI:     Adapter Name: NVIDIA GeForce GTX 960
[2019.07.19-00.18.19:624][  0]LogD3D11RHI:   Driver Version: 419.67 (internal:25.21.14.1967, unified:419.67)
[2019.07.19-00.18.19:624][  0]LogD3D11RHI:      Driver Date: 3-17-2019
[2019.07.19-00.18.19:624][  0]LogRHI: Texture pool is 1405 MB (70% of 2007 MB)
[2019.07.19-00.18.19:670][  0]LogD3D11RHI: Async texture creation enabled
[2019.07.19-00.18.19:674][  0]LogRendererCore: FGlobalReadBuffer::InitRHI
[2019.07.19-00.18.19:675][  0]LogRendererCore: FGlobalReadBuffer::InitRHI
[2019.07.19-00.18.19:675][  0]LogRendererCore: FGlobalReadBuffer::InitRHI
[2019.07.19-00.18.19:689][  0]LogD3D11RHI: GPU Timing Frequency: 1000.000000 (Debug: 2 2)
[2019.07.19-00.18.20:139][  0]LogTemp: Display: Module 'AllDesktopTargetPlatform' loaded TargetPlatform 'AllDesktop'
[2019.07.19-00.18.20:156][  0]LogTemp: Display: Module 'MacClientTargetPlatform' loaded TargetPlatform 'MacClient'
[2019.07.19-00.18.20:173][  0]LogTemp: Display: Module 'MacNoEditorTargetPlatform' loaded TargetPlatform 'MacNoEditor'
[2019.07.19-00.18.20:189][  0]LogTemp: Display: Module 'MacServerTargetPlatform' loaded TargetPlatform 'MacServer'
[2019.07.19-00.18.20:214][  0]LogTemp: Display: Module 'MacTargetPlatform' loaded TargetPlatform 'Mac'
[2019.07.19-00.18.20:230][  0]LogTemp: Display: Module 'WindowsClientTargetPlatform' loaded TargetPlatform 'WindowsClient'
[2019.07.19-00.18.20:247][  0]LogTemp: Display: Module 'WindowsNoEditorTargetPlatform' loaded TargetPlatform 'WindowsNoEditor'
[2019.07.19-00.18.20:269][  0]LogTemp: Display: Module 'WindowsServerTargetPlatform' loaded TargetPlatform 'WindowsServer'
[2019.07.19-00.18.20:279][  0]LogTemp: Display: Module 'WindowsTargetPlatform' loaded TargetPlatform 'Windows'
[2019.07.19-00.18.20:403][  0]LogTemp: Display: Module 'AndroidTargetPlatform' loaded TargetPlatform 'Android'
[2019.07.19-00.18.20:404][  0]LogTemp: Display: Module 'AndroidTargetPlatform' loaded TargetPlatform 'Android_ASTC'
[2019.07.19-00.18.20:404][  0]LogTemp: Display: Module 'AndroidTargetPlatform' loaded TargetPlatform 'Android_ATC'
[2019.07.19-00.18.20:404][  0]LogTemp: Display: Module 'AndroidTargetPlatform' loaded TargetPlatform 'Android_DXT'
[2019.07.19-00.18.20:404][  0]LogTemp: Display: Module 'AndroidTargetPlatform' loaded TargetPlatform 'Android_ETC1'
[2019.07.19-00.18.20:404][  0]LogTemp: Display: Module 'AndroidTargetPlatform' loaded TargetPlatform 'Android_ETC1a'
[2019.07.19-00.18.20:404][  0]LogTemp: Display: Module 'AndroidTargetPlatform' loaded TargetPlatform 'Android_ETC2'
[2019.07.19-00.18.20:404][  0]LogTemp: Display: Module 'AndroidTargetPlatform' loaded TargetPlatform 'Android_PVRTC'
[2019.07.19-00.18.20:404][  0]LogTemp: Display: Module 'AndroidTargetPlatform' loaded TargetPlatform 'AndroidClient'
[2019.07.19-00.18.20:404][  0]LogTemp: Display: Module 'AndroidTargetPlatform' loaded TargetPlatform 'Android_ASTCClient'
[2019.07.19-00.18.20:404][  0]LogTemp: Display: Module 'AndroidTargetPlatform' loaded TargetPlatform 'Android_ATCClient'
[2019.07.19-00.18.20:404][  0]LogTemp: Display: Module 'AndroidTargetPlatform' loaded TargetPlatform 'Android_DXTClient'
[2019.07.19-00.18.20:404][  0]LogTemp: Display: Module 'AndroidTargetPlatform' loaded TargetPlatform 'Android_ETC1Client'
[2019.07.19-00.18.20:404][  0]LogTemp: Display: Module 'AndroidTargetPlatform' loaded TargetPlatform 'Android_ETC1aClient'
[2019.07.19-00.18.20:404][  0]LogTemp: Display: Module 'AndroidTargetPlatform' loaded TargetPlatform 'Android_ETC2Client'
[2019.07.19-00.18.20:404][  0]LogTemp: Display: Module 'AndroidTargetPlatform' loaded TargetPlatform 'Android_PVRTCClient'
[2019.07.19-00.18.20:404][  0]LogTemp: Display: Module 'AndroidTargetPlatform' loaded TargetPlatform 'Android_Multi'
[2019.07.19-00.18.20:404][  0]LogTemp: Display: Module 'AndroidTargetPlatform' loaded TargetPlatform 'Android_MultiClient'
[2019.07.19-00.18.20:406][  0]LogTemp: Display: Module 'HTML5TargetPlatform' loaded TargetPlatform 'HTML5'
[2019.07.19-00.18.20:466][  0]LogTemp: Display: Module 'IOSTargetPlatform' loaded TargetPlatform 'IOSClient'
[2019.07.19-00.18.20:466][  0]LogTemp: Display: Module 'IOSTargetPlatform' loaded TargetPlatform 'IOS'
[2019.07.19-00.18.20:509][  0]LogTemp: Display: Module 'TVOSTargetPlatform' loaded TargetPlatform 'TVOSClient'
[2019.07.19-00.18.20:509][  0]LogTemp: Display: Module 'TVOSTargetPlatform' loaded TargetPlatform 'TVOS'
[2019.07.19-00.18.20:527][  0]LogTemp: Display: Module 'LinuxClientTargetPlatform' loaded TargetPlatform 'LinuxClient'
[2019.07.19-00.18.20:545][  0]LogTemp: Display: Module 'LinuxNoEditorTargetPlatform' loaded TargetPlatform 'LinuxNoEditor'
[2019.07.19-00.18.20:563][  0]LogTemp: Display: Module 'LinuxServerTargetPlatform' loaded TargetPlatform 'LinuxServer'
[2019.07.19-00.18.20:581][  0]LogTemp: Display: Module 'LinuxTargetPlatform' loaded TargetPlatform 'Linux'
[2019.07.19-00.18.20:640][  0]LogTemp: Display: Module 'LuminTargetPlatform' loaded TargetPlatform 'Lumin'
[2019.07.19-00.18.20:640][  0]LogTemp: Display: Module 'LuminTargetPlatform' loaded TargetPlatform 'LuminClient'
[2019.07.19-00.18.20:640][  0]LogTargetPlatformManager: Display: Building Assets For Windows
[2019.07.19-00.18.20:653][  0]LogAudioDebug: Display: Lib vorbis DLL was dynamically loaded.
[2019.07.19-00.18.20:736][  0]LogShaderCompilers: Guid format shader working directory is 1 characters bigger than the processId version (D:/Work/Unreal Projects/Sample/Demo1/Demo_Lan/Intermediate/Shaders/WorkingDirectory/4432/).
[2019.07.19-00.18.20:737][  0]LogShaderCompilers: Cleaned the shader compiler working directory 'C:/Users/clove/AppData/Local/Temp/UnrealShaderWorkingDir/B0228C514340555BFB5EDD801C459E56/'.
[2019.07.19-00.18.20:741][  0]LogXGEController: Cannot use XGE Controller as Incredibuild is not installed on this machine.
[2019.07.19-00.18.20:741][  0]LogShaderCompilers: Cannot use XGE Shader Compiler as Incredibuild is not installed on this machine.
[2019.07.19-00.18.20:741][  0]LogShaderCompilers: Display: Using Local Shader Compiler.
[2019.07.19-00.18.21:393][  0]LogDerivedDataCache: Display: Max Cache Size: 512 MB
[2019.07.19-00.18.21:465][  0]LogDerivedDataCache: Loaded boot cache 0.07s 71MB C:/Users/clove/AppData/Local/UnrealEngine/4.22/DerivedDataCache/Boot.ddc.
[2019.07.19-00.18.21:465][  0]LogDerivedDataCache: Display: Loaded Boot cache: C:/Users/clove/AppData/Local/UnrealEngine/4.22/DerivedDataCache/Boot.ddc
[2019.07.19-00.18.21:466][  0]LogDerivedDataCache: FDerivedDataBackendGraph:  Pak pak cache file D:/Work/Unreal Projects/Sample/Demo1/Demo_Lan/DerivedDataCache/DDC.ddp not found, will not use a pak cache.
[2019.07.19-00.18.21:466][  0]LogDerivedDataCache: Unable to find inner node Pak for hierarchical cache Hierarchy.
[2019.07.19-00.18.21:466][  0]LogDerivedDataCache: FDerivedDataBackendGraph:  CompressedPak pak cache file D:/Work/Unreal Projects/Sample/Demo1/Demo_Lan/DerivedDataCache/Compressed.ddp not found, will not use a pak cache.
[2019.07.19-00.18.21:466][  0]LogDerivedDataCache: Unable to find inner node CompressedPak for hierarchical cache Hierarchy.
[2019.07.19-00.18.21:479][  0]LogDerivedDataCache: Display: Pak cache opened for reading ../../../Engine/DerivedDataCache/Compressed.ddp.
[2019.07.19-00.18.21:480][  0]LogDerivedDataCache: FDerivedDataBackendGraph:  EnterprisePak pak cache file ../../../Enterprise/DerivedDataCache/Compressed.ddp not found, will not use a pak cache.
[2019.07.19-00.18.21:480][  0]LogDerivedDataCache: Unable to find inner node EnterprisePak for hierarchical cache Hierarchy.
[2019.07.19-00.18.21:492][  0]LogDerivedDataCache: Using Local data cache path C:/Users/clove/AppData/Local/UnrealEngine/Common/DerivedDataCache: Writable
[2019.07.19-00.18.21:492][  0]LogDerivedDataCache: Shared data cache path not found in *engine.ini, will not use an Shared cache.
[2019.07.19-00.18.21:492][  0]LogDerivedDataCache: Unable to find inner node Shared for hierarchical cache Hierarchy.
[2019.07.19-00.18.21:520][  0]LogMaterial: Verifying Global Shaders for PCD3D_SM5
[2019.07.19-00.18.21:522][  0]LogSlate: Using FreeType 2.6.0
[2019.07.19-00.18.21:522][  0]LogSlate: SlateFontServices - WITH_FREETYPE: 1, WITH_HARFBUZZ: 1
[2019.07.19-00.18.21:620][  0]LogAssetRegistry: FAssetRegistry took 0.0367 seconds to start up
[2019.07.19-00.18.21:995][  0]LogInit: Selected Device Profile: [Windows]
[2019.07.19-00.18.22:153][  0]LogMeshReduction: Using QuadricMeshReduction for automatic static mesh reduction
[2019.07.19-00.18.22:153][  0]LogMeshReduction: Using SimplygonMeshReduction for automatic skeletal mesh reduction
[2019.07.19-00.18.22:154][  0]LogMeshReduction: Using ProxyLODMeshReduction for automatic mesh merging
[2019.07.19-00.18.22:154][  0]LogMeshReduction: No distributed automatic mesh merging module available
[2019.07.19-00.18.22:154][  0]LogMeshMerging: No distributed automatic mesh merging module available
[2019.07.19-00.18.22:165][  0]LogNetVersion: Demo_Lan 1.0.0, NetCL: 5660361, EngineNetVer: 10, GameNetVer: 0 (Checksum: 1909191840)
[2019.07.19-00.18.22:611][  0]LogPackageLocalizationCache: Processed 10 localized package path(s) for 1 prioritized culture(s) in 0.029282 seconds
[2019.07.19-00.18.22:619][  0]LogUObjectArray: 42205 objects as part of root set at end of initial load.
[2019.07.19-00.18.22:619][  0]LogUObjectAllocator: 7325032 out of 0 bytes used by permanent object pool.
[2019.07.19-00.18.22:619][  0]LogUObjectArray: CloseDisregardForGC: 0/0 objects in disregard for GC pool
[2019.07.19-00.18.23:567][  0]LogTcpMessaging: Initializing TcpMessaging bridge
[2019.07.19-00.18.23:580][  0]LogUdpMessaging: Initializing bridge on interface 0.0.0.0:0 to multicast group 230.0.0.1:6666.
[2019.07.19-00.18.23:692][  0]SourceControl: 소스 컨트롤이 꺼져 있습니다.
[2019.07.19-00.18.23:692][  0]SourceControl: 소스 컨트롤이 꺼져 있습니다.
[2019.07.19-00.18.23:694][  0]SourceControl: 소스 컨트롤이 꺼져 있습니다.
[2019.07.19-00.18.23:695][  0]SourceControl: 소스 컨트롤이 꺼져 있습니다.
[2019.07.19-00.18.23:779][  0]LogAndroidPermission: UAndroidPermissionCallbackProxy::GetInstance
[2019.07.19-00.18.23:921][  0]LogOcInput: OculusInput pre-init called
[2019.07.19-00.18.24:623][  0]LogEngine: Initializing Engine...
[2019.07.19-00.18.24:623][  0]LogHMD: Failed to initialize OpenVR with code 110
[2019.07.19-00.18.24:624][  0]LogStats: UGameplayTagsManager::InitializeManager -  0.000 s
[2019.07.19-00.18.24:859][  0]LogInit: Initializing FReadOnlyCVARCache
[2019.07.19-00.18.24:883][  0]LogAIModule: Creating AISystem for world Untitled
[2019.07.19-00.18.24:915][  0]LogInit: XAudio2 using '스피커(2- APix)' : 2 channels at 48 kHz using 16 bits per sample (channel mask 0x3)
[2019.07.19-00.18.24:931][  0]LogInit: FAudioDevice initialized.
[2019.07.19-00.18.24:931][  0]LogNetVersion: Set ProjectVersion to 1.0.0.0. Version Checksum will be recalculated on next use.
[2019.07.19-00.18.25:018][  0]LogDerivedDataCache: Saved boot cache 0.09s 71MB C:/Users/clove/AppData/Local/UnrealEngine/4.22/DerivedDataCache/Boot.ddc.
[2019.07.19-00.18.25:029][  0]LogInit: Texture streaming: Enabled
[2019.07.19-00.18.25:057][  0]LogEngineSessionManager: EngineSessionManager initialized
[2019.07.19-00.18.25:089][  0]LogInit: Transaction tracking system initialized
[2019.07.19-00.18.25:136][  0]BlueprintLog: New page: 에디터 로드
[2019.07.19-00.18.25:283][  0]LocalizationService: 현지화 서비스가 비활성화되었습니다.
[2019.07.19-00.18.25:640][  0]LogFileCache: Scanning file cache for directory 'D:/Work/Unreal Projects/Sample/Demo1/Demo_Lan/Content/' took 0.01s
[2019.07.19-00.18.25:640][  0]LogCook: Display: Max memory allowance for cook 16384mb min free memory 0mb
[2019.07.19-00.18.25:640][  0]LogCook: Display: Mobile HDR setting 1
[2019.07.19-00.18.25:882][  0]SourceControl: 소스 컨트롤이 꺼져 있습니다.
[2019.07.19-00.18.25:882][  0]Cmd: MAP LOAD FILE="D:/Work/Unreal Projects/Sample/Demo1/Demo_Lan/Content/ThirdPersonBP/Maps/ThirdPersonExampleMap.umap" TEMPLATE=0 SHOWPROGRESS=1 FEATURELEVEL=3
[2019.07.19-00.18.25:898][  0]LightingResults: New page: 라이팅 빌드
[2019.07.19-00.18.25:905][  0]MapCheck: New page: 맵 체크
[2019.07.19-00.18.25:905][  0]LightingResults: New page: 라이팅 빌드
[2019.07.19-00.18.25:930][  0]LogUObjectHash: Compacting FUObjectHashTables data took   1.58ms
[2019.07.19-00.18.26:783][  0]LogAIModule: Creating AISystem for world ThirdPersonExampleMap
[2019.07.19-00.18.26:796][  0]LogEditorServer: Finished looking for orphan Actors (0.000 secs)
[2019.07.19-00.18.26:823][  0]LogUObjectHash: Compacting FUObjectHashTables data took   2.25ms
[2019.07.19-00.18.26:823][  0]Cmd: MAP CHECKDEP NOCLEARLOG
[2019.07.19-00.18.26:823][  0]MapCheck: 맵 체크 완료: 오류 0 회, 경고 0 회, 소요 시간 0.11ms.
[2019.07.19-00.18.26:823][  0]LogFileHelpers: Loading map 'ThirdPersonExampleMap' took 0.940
[2019.07.19-00.18.26:926][  0]LogSlate: Updating window title bar state: overlay mode, drag disabled, window buttons hidden, title bar hidden
[2019.07.19-00.18.26:935][  0]LogSlate: Updating window title bar state: overlay mode, drag disabled, window buttons hidden, title bar hidden
[2019.07.19-00.18.26:943][  0]LogSlate: Updating window title bar state: overlay mode, drag disabled, window buttons hidden, title bar hidden
[2019.07.19-00.18.26:953][  0]LogSlate: Updating window title bar state: overlay mode, drag disabled, window buttons hidden, title bar hidden
[2019.07.19-00.18.26:963][  0]LogCollectionManager: Loaded 0 collections in 0.003571 seconds
[2019.07.19-00.18.26:982][  0]LogFileCache: Scanning file cache for directory 'D:/Work/Unreal Projects/Sample/Demo1/Demo_Lan/Saved/Collections/' took 0.01s
[2019.07.19-00.18.26:982][  0]LogFileCache: Scanning file cache for directory 'D:/Work/Unreal Projects/Sample/Demo1/Demo_Lan/Content/Developers/clove/Collections/' took 0.00s
[2019.07.19-00.18.26:982][  0]LogFileCache: Scanning file cache for directory 'D:/Work/Unreal Projects/Sample/Demo1/Demo_Lan/Content/Collections/' took 0.00s
[2019.07.19-00.18.26:982][  0]LogCollectionManager: Rebuilt the GUID cache for 0 collections in 0.000000 seconds
[2019.07.19-00.18.26:992][  0]LogContentBrowser: Native class hierarchy populated in 0.0098 seconds. Added 2732 classes and 659 folders.
[2019.07.19-00.18.27:004][  0]LogContentBrowser: Native class hierarchy updated for 'WidgetCarousel' in 0.0003 seconds. Added 0 classes and 0 folders.
[2019.07.19-00.18.27:005][  0]LogPakFile: Registered encryption key '00000000000000000000000000000000': 0 pak files mounted, 0 remain pending
[2019.07.19-00.18.27:006][  0]LogPakFile: Registered encryption key '00000000000000000000000000000000': 0 pak files mounted, 0 remain pending
[2019.07.19-00.18.27:006][  0]LogPakFile: Registered encryption key '00000000000000000000000000000000': 0 pak files mounted, 0 remain pending
[2019.07.19-00.18.27:007][  0]LogPakFile: Registered encryption key '00000000000000000000000000000000': 0 pak files mounted, 0 remain pending
[2019.07.19-00.18.27:007][  0]LogPakFile: Registered encryption key '00000000000000000000000000000000': 0 pak files mounted, 0 remain pending
[2019.07.19-00.18.27:008][  0]LogPakFile: Registered encryption key '00000000000000000000000000000000': 0 pak files mounted, 0 remain pending
[2019.07.19-00.18.27:008][  0]LogPakFile: Registered encryption key '00000000000000000000000000000000': 0 pak files mounted, 0 remain pending
[2019.07.19-00.18.27:009][  0]LogPakFile: Registered encryption key '00000000000000000000000000000000': 0 pak files mounted, 0 remain pending
[2019.07.19-00.18.27:009][  0]LogPakFile: Registered encryption key '00000000000000000000000000000000': 0 pak files mounted, 0 remain pending
[2019.07.19-00.18.27:009][  0]LogPakFile: Registered encryption key '00000000000000000000000000000000': 0 pak files mounted, 0 remain pending
[2019.07.19-00.18.27:010][  0]LogPakFile: Registered encryption key '00000000000000000000000000000000': 0 pak files mounted, 0 remain pending
[2019.07.19-00.18.27:010][  0]LogPakFile: Registered encryption key '00000000000000000000000000000000': 0 pak files mounted, 0 remain pending
[2019.07.19-00.18.27:011][  0]LogPakFile: Registered encryption key '00000000000000000000000000000000': 0 pak files mounted, 0 remain pending
[2019.07.19-00.18.27:011][  0]LogPakFile: Registered encryption key '00000000000000000000000000000000': 0 pak files mounted, 0 remain pending
[2019.07.19-00.18.27:012][  0]LogPakFile: Registered encryption key '00000000000000000000000000000000': 0 pak files mounted, 0 remain pending
[2019.07.19-00.18.27:012][  0]LogPakFile: Registered encryption key '00000000000000000000000000000000': 0 pak files mounted, 0 remain pending
[2019.07.19-00.18.27:013][  0]LogPakFile: Registered encryption key '00000000000000000000000000000000': 0 pak files mounted, 0 remain pending
[2019.07.19-00.18.27:013][  0]LogPakFile: Registered encryption key '00000000000000000000000000000000': 0 pak files mounted, 0 remain pending
[2019.07.19-00.18.27:014][  0]LogPakFile: Registered encryption key '00000000000000000000000000000000': 0 pak files mounted, 0 remain pending
[2019.07.19-00.18.27:014][  0]LogPakFile: Registered encryption key '00000000000000000000000000000000': 0 pak files mounted, 0 remain pending
[2019.07.19-00.18.27:015][  0]LogPakFile: Registered encryption key '00000000000000000000000000000000': 0 pak files mounted, 0 remain pending
[2019.07.19-00.18.27:015][  0]LogPakFile: Registered encryption key '00000000000000000000000000000000': 0 pak files mounted, 0 remain pending
[2019.07.19-00.18.27:016][  0]LogPakFile: Registered encryption key '00000000000000000000000000000000': 0 pak files mounted, 0 remain pending
[2019.07.19-00.18.27:016][  0]LogPakFile: Registered encryption key '00000000000000000000000000000000': 0 pak files mounted, 0 remain pending
[2019.07.19-00.18.27:017][  0]LogPakFile: Registered encryption key '00000000000000000000000000000000': 0 pak files mounted, 0 remain pending
[2019.07.19-00.18.27:017][  0]LogPakFile: Registered encryption key '00000000000000000000000000000000': 0 pak files mounted, 0 remain pending
[2019.07.19-00.18.27:071][  0]LogContentBrowser: Native class hierarchy updated for 'AddContentDialog' in 0.0003 seconds. Added 0 classes and 0 folders.
[2019.07.19-00.18.27:079][  0]LogContentBrowser: Native class hierarchy updated for 'SceneOutliner' in 0.0003 seconds. Added 1 classes and 2 folders.
[2019.07.19-00.18.27:124][  0]LogSlate: Took 0.000174 seconds to synchronously load lazily loaded font '../../../Engine/Content/Slate/Fonts/Roboto-Regular.ttf' (155K)
[2019.07.19-00.18.27:172][  0]LogSlate: Took 0.002564 seconds to synchronously load lazily loaded font '../../../Engine/Content/Editor/Slate/Fonts/NanumGothic.ttf' (4243K)
[2019.07.19-00.18.28:843][  0]LogSlate: Only BGRA pngs, bmps or icos are supported in by External Image Picker
[2019.07.19-00.18.28:884][  0]LogSlate: Took 0.002350 seconds to synchronously load lazily loaded font '../../../Engine/Content/Editor/Slate/Fonts/NanumGothicBold.ttf' (4188K)
[2019.07.19-00.18.28:884][  0]LogSlate: Took 0.000294 seconds to synchronously load lazily loaded font '../../../Engine/Content/Slate/Fonts/Roboto-Bold.ttf' (160K)
[2019.07.19-00.18.28:890][  0]LogSlate: Took 0.000208 seconds to synchronously load lazily loaded font '../../../Engine/Content/Editor/Slate/Fonts/FontAwesome.ttf' (139K)
[2019.07.19-00.18.28:966][  0]LogRenderer: Reallocating scene render targets to support 1208x620 Format 10 NumSamples 1 (Frame:1).
[2019.07.19-00.18.29:127][  0]LogContentBrowser: Native class hierarchy updated for 'HierarchicalLODOutliner' in 0.0003 seconds. Added 0 classes and 0 folders.
[2019.07.19-00.18.29:128][  0]LogLoad: (Engine Initialization) Total time: 12.75 seconds
[2019.07.19-00.18.29:128][  0]LogLoad: (Engine Initialization) Total Blueprint compile time: 0.00 seconds
[2019.07.19-00.18.29:206][  0]LogAssetRegistry: Asset discovery search completed in 7.6088 seconds
[2019.07.19-00.18.29:208][  0]LogCollectionManager: Rebuilt the object cache for 0 collections in 0.000000 seconds (found 0 objects)
[2019.07.19-00.18.29:208][  0]LogCollectionManager: Fixed up redirectors for 0 collections in 0.000052 seconds (updated 0 objects)
[2019.07.19-00.18.29:210][  0]LogContentStreaming: Texture pool size now 1000 MB
[2019.07.19-00.18.29:247][  0]LogSlate: Took 0.000137 seconds to synchronously load lazily loaded font '../../../Engine/Content/Slate/Fonts/Roboto-Light.ttf' (167K)
[2019.07.19-00.18.30:484][  4]LogSlate: Took 0.000269 seconds to synchronously load lazily loaded font '../../../Engine/Content/Slate/Fonts/Roboto-Light.ttf' (167K)
[2019.07.19-00.18.47:702][374]LogRenderer: Reallocating scene render targets to support 1616x620 Format 10 NumSamples 1 (Frame:332).
[2019.07.19-00.18.50:540][706]LogSlate: FSceneViewport::OnFocusLost() reason 0
[2019.07.19-00.18.51:939][870]LogAssetEditorManager: Opening Asset editor for WidgetBlueprint /Game/Dev/UI/Menu.Menu
[2019.07.19-00.18.52:190][870]LogContentBrowser: Native class hierarchy updated for 'BlueprintGraph' in 0.0005 seconds. Added 121 classes and 0 folders.
[2019.07.19-00.18.52:877][870]LogBlueprintActionDatabase: Requesting refresh due to module change: SequencerWidgets (loaded)
[2019.07.19-00.18.53:715][870]LogSlate: Took 0.000206 seconds to synchronously load lazily loaded font '../../../Engine/Content/Slate/Fonts/Roboto-BoldCondensed.ttf' (158K)
[2019.07.19-00.18.58:082][240]LogSlate: Took 0.000198 seconds to synchronously load lazily loaded font '../../../Engine/Content/Slate/Fonts/Roboto-Italic.ttf' (157K)
[2019.07.19-00.19.23:167][ 67]LogAssetEditorManager: Opening Asset editor for Blueprint /Game/Dev/Bluepprints/GameInfoInstance.GameInfoInstance
[2019.07.19-00.32.43:675][454]LogAIModule: Creating AISystem for world Arena01
[2019.07.19-00.32.43:706][454]LogAssetEditorManager: Opening Asset editor for World /Game/Dev/Map/Arena01.Arena01
[2019.07.19-00.32.43:768][454]LogUObjectHash: Compacting FUObjectHashTables data took   6.52ms
[2019.07.19-00.32.43:769][454]Cmd: MAP LOAD FILE="D:/Work/Unreal Projects/Sample/Demo1/Demo_Lan/Content/Dev/Map/Arena01.umap" TEMPLATE=0 SHOWPROGRESS=1 FEATURELEVEL=3
[2019.07.19-00.32.43:769][454]LightingResults: New page: 라이팅 빌드
[2019.07.19-00.32.43:770][454]LoadErrors: New page: 맵 로드중: Arena01.umap
[2019.07.19-00.32.43:770][454]MapCheck: New page: 맵 체크
[2019.07.19-00.32.43:770][454]LightingResults: New page: 라이팅 빌드
[2019.07.19-00.32.43:805][454]LogUObjectHash: Compacting FUObjectHashTables data took   3.41ms
[2019.07.19-00.32.43:809][454]LogEditorServer: Finished looking for orphan Actors (0.000 secs)
[2019.07.19-00.32.43:845][454]LogUObjectHash: Compacting FUObjectHashTables data took   2.64ms
[2019.07.19-00.32.43:854][454]Cmd: MAP CHECKDEP NOCLEARLOG
[2019.07.19-00.32.43:855][454]MapCheck: 맵 체크 완료: 오류 0 회, 경고 0 회, 소요 시간 0.104ms.
[2019.07.19-00.32.43:855][454]LogFileHelpers: Loading map 'Arena01' took 0.086
[2019.07.19-00.32.49:214][ 63]LogAssetEditorManager: Opening Asset editor for LevelScriptBlueprint /Game/Dev/Map/Arena01.Arena01:PersistentLevel.Arena01
[2019.07.19-00.35.42:346][238]LogEditorViewport: Clicking on Actor (LMB): StaticMeshActor (Floor)
[2019.07.19-00.36.01:666][330]LogSlate: FSceneViewport::OnFocusLost() reason 0
[2019.07.19-00.40.13:101][938]LogUObjectHash: Compacting FUObjectHashTables data took   3.25ms
[2019.07.19-00.40.14:846][938]LogSlate: Window '콘텐츠 저장' being destroyed
[2019.07.19-00.40.14:868][938]Cmd: OBJ SAVEPACKAGE PACKAGE="/Game/Dev/Map/Arena01" FILE="D:/Work/Unreal Projects/Sample/Demo1/Demo_Lan/Content/Dev/Map/Arena01.umap" SILENT=true AUTOSAVING=false KEEPDIRTY=false
[2019.07.19-00.40.14:904][938]LogUObjectHash: Compacting FUObjectHashTables data took   1.00ms
[2019.07.19-00.40.15:150][938]LogSavePackage: Moving 'D:/Work/Unreal Projects/Sample/Demo1/Demo_Lan/Saved/Arena014E50602E400678661C66CA9841697BC4.tmp' to 'D:/Work/Unreal Projects/Sample/Demo1/Demo_Lan/Content/Dev/Map/Arena01.umap'
[2019.07.19-00.40.15:163][938]LogFileHelpers: Saving map 'Arena01' took 0.295
[2019.07.19-00.40.15:290][938]LogSlate: Window 'Arena01' being destroyed
[2019.07.19-00.40.15:321][938]LogSlate: Window 'Demo_Lan - 언리얼 에디터' being destroyed
[2019.07.19-00.40.15:324][938]LogWindowsTextInputMethodSystem: Display: IME system now activated using TSF (Microsoft 입력기).
[2019.07.19-00.40.15:819][939]Cmd: QUIT_EDITOR
[2019.07.19-00.40.15:849][939]LogExit: Preparing to exit.
[2019.07.19-00.40.16:354][939]LogExit: Editor shut down
[2019.07.19-00.40.16:355][939]LogExit: Transaction tracking system shut down
[2019.07.19-00.40.16:605][939]LogExit: Object subsystem successfully closed.
[2019.07.19-00.40.16:629][939]LogShaderCompilers: Display: Shaders left to compile 0
[2019.07.19-00.40.16:633][939]LogD3D11RHI: Shutdown
[2019.07.19-00.40.16:633][939]LogD3D11RHI: CleanupD3DDevice
[2019.07.19-00.40.16:633][939]LogRendererCore: FGlobalReadBuffer::ReleaseRHI
[2019.07.19-00.40.16:633][939]LogRendererCore: FGlobalDynamicReadBuffer::Cleanup()
[2019.07.19-00.40.16:634][939]LogRendererCore: FGlobalReadBuffer::ReleaseRHI
[2019.07.19-00.40.16:634][939]LogRendererCore: FGlobalDynamicReadBuffer::Cleanup()
[2019.07.19-00.40.16:634][939]LogRendererCore: FGlobalReadBuffer::ReleaseRHI
[2019.07.19-00.40.16:634][939]LogRendererCore: FGlobalDynamicReadBuffer::Cleanup()
[2019.07.19-00.40.16:766][939]LogD3D11RHI: ~FD3D11DynamicRHI
[2019.07.19-00.40.16:803][939]LogModuleManager: Shutting down and abandoning module SequencerWidgets (649)
[2019.07.19-00.40.16:803][939]LogModuleManager: Shutting down and abandoning module BlueprintGraph (647)
[2019.07.19-00.40.16:803][939]LogModuleManager: Shutting down and abandoning module HierarchicalLODOutliner (645)
[2019.07.19-00.40.16:803][939]LogModuleManager: Shutting down and abandoning module ExternalImagePicker (643)
[2019.07.19-00.40.16:803][939]LogModuleManager: Shutting down and abandoning module SceneOutliner (641)
[2019.07.19-00.40.16:803][939]LogModuleManager: Shutting down and abandoning module AddContentDialog (639)
[2019.07.19-00.40.16:803][939]LogModuleManager: Shutting down and abandoning module WidgetCarousel (638)
[2019.07.19-00.40.16:803][939]LogModuleManager: Shutting down and abandoning module EditorWidgets (635)
[2019.07.19-00.40.16:803][939]LogModuleManager: Shutting down and abandoning module CollectionManager (633)
[2019.07.19-00.40.16:803][939]LogModuleManager: Shutting down and abandoning module StatsViewer (631)
[2019.07.19-00.40.16:803][939]LogModuleManager: Shutting down and abandoning module FoliageEdit (629)
[2019.07.19-00.40.16:803][939]LogModuleManager: Shutting down and abandoning module LandscapeEditor (627)
[2019.07.19-00.40.16:804][939]LogModuleManager: Shutting down and abandoning module MeshPaintMode (625)
[2019.07.19-00.40.16:804][939]LogModuleManager: Shutting down and abandoning module SceneDepthPickerMode (623)
[2019.07.19-00.40.16:804][939]LogModuleManager: Shutting down and abandoning module ActorPickerMode (621)
[2019.07.19-00.40.16:804][939]LogModuleManager: Shutting down and abandoning module GeometryMode (619)
[2019.07.19-00.40.16:804][939]LogModuleManager: Shutting down and abandoning module TextureAlignMode (617)
[2019.07.19-00.40.16:804][939]LogModuleManager: Shutting down and abandoning module BspMode (615)
[2019.07.19-00.40.16:805][939]LogModuleManager: Shutting down and abandoning module PIEPreviewDeviceProfileSelector (613)
[2019.07.19-00.40.16:805][939]LogModuleManager: Shutting down and abandoning module SequenceRecorderSections (611)
[2019.07.19-00.40.16:805][939]LogModuleManager: Shutting down and abandoning module AutomationWorker (609)
[2019.07.19-00.40.16:805][939]LogModuleManager: Shutting down and abandoning module OculusMR (607)
[2019.07.19-00.40.16:805][939]LogModuleManager: Shutting down and abandoning module AudioCaptureEditor (605)
[2019.07.19-00.40.16:805][939]LogModuleManager: Shutting down and abandoning module MatineeToLevelSequence (603)
[2019.07.19-00.40.16:805][939]LogModuleManager: Shutting down and abandoning module LevelSequenceEditor (601)
[2019.07.19-00.40.16:805][939]LogModuleManager: Shutting down and abandoning module PlacementMode (600)
[2019.07.19-00.40.16:805][939]LogModuleManager: Shutting down and abandoning module MaterialEditor (599)
[2019.07.19-00.40.16:805][939]LogModuleManager: Shutting down and abandoning module ActorSequenceEditor (595)
[2019.07.19-00.40.16:805][939]LogModuleManager: Shutting down and abandoning module WmfMediaFactory (593)
[2019.07.19-00.40.16:805][939]LogModuleManager: Shutting down and abandoning module WmfMediaEditor (591)
[2019.07.19-00.40.16:805][939]LogModuleManager: Shutting down and abandoning module WebMMediaFactory (589)
[2019.07.19-00.40.16:805][939]LogModuleManager: Shutting down and abandoning module WebMMediaEditor (587)
[2019.07.19-00.40.16:805][939]LogModuleManager: Shutting down and abandoning module WebMMedia (585)
[2019.07.19-00.40.16:805][939]LogModuleManager: Shutting down and abandoning module MediaPlayerEditor (583)
[2019.07.19-00.40.16:805][939]LogModuleManager: Shutting down and abandoning module MediaCompositingEditor (581)
[2019.07.19-00.40.16:805][939]LogModuleManager: Shutting down and abandoning module SequenceRecorder (580)
[2019.07.19-00.40.16:806][939]LogModuleManager: Shutting down and abandoning module OpenExrWrapper (577)
[2019.07.19-00.40.16:806][939]LogModuleManager: Shutting down and abandoning module ImgMediaFactory (575)
[2019.07.19-00.40.16:806][939]LogModuleManager: Shutting down and abandoning module ImgMediaEditor (573)
[2019.07.19-00.40.16:806][939]LogModuleManager: Shutting down and abandoning module AvfMediaFactory (571)
[2019.07.19-00.40.16:806][939]LogModuleManager: Shutting down and abandoning module AvfMediaEditor (569)
[2019.07.19-00.40.16:806][939]LogModuleManager: Shutting down and abandoning module AndroidMediaFactory (567)
[2019.07.19-00.40.16:806][939]LogModuleManager: Shutting down and abandoning module AndroidMediaEditor (565)
[2019.07.19-00.40.16:806][939]LogModuleManager: Shutting down and abandoning module MagicLeapCameraPreviewFactory (563)
[2019.07.19-00.40.16:806][939]LogModuleManager: Shutting down and abandoning module MagicLeapMediaCodecFactory (561)
[2019.07.19-00.40.16:806][939]LogModuleManager: Shutting down and abandoning module MagicLeapMediaFactory (559)
[2019.07.19-00.40.16:806][939]LogModuleManager: Shutting down and abandoning module MagicLeapMediaEditor (557)
[2019.07.19-00.40.16:806][939]LogModuleManager: Shutting down and abandoning module CharacterAI (555)
[2019.07.19-00.40.16:806][939]LogModuleManager: Shutting down and abandoning module SmartSnapping (553)
[2019.07.19-00.40.16:806][939]LogModuleManager: Shutting down and abandoning module SessionServices (551)
[2019.07.19-00.40.16:806][939]LogModuleManager: Shutting down and abandoning module MeshPaint (549)
[2019.07.19-00.40.16:806][939]LogModuleManager: Shutting down and abandoning module ViewportSnapping (547)
[2019.07.19-00.40.16:806][939]LogModuleManager: Shutting down and abandoning module ViewportInteraction (545)
[2019.07.19-00.40.16:806][939]LogModuleManager: Shutting down and abandoning module ClothPainter (543)
[2019.07.19-00.40.16:807][939]LogModuleManager: Shutting down and abandoning module SkeletalMeshEditor (542)
[2019.07.19-00.40.16:808][939]LogModuleManager: Shutting down and abandoning module LogVisualizer (539)
[2019.07.19-00.40.16:808][939]LogModuleManager: Shutting down and abandoning module IntroTutorials (537)
[2019.07.19-00.40.16:808][939]LogModuleManager: Shutting down and abandoning module GameProjectGeneration (536)
[2019.07.19-00.40.16:808][939]LogModuleManager: Shutting down and abandoning module LuminPlatformEditor (533)
[2019.07.19-00.40.16:808][939]LogModuleManager: Shutting down and abandoning module IOSPlatformEditor (531)
[2019.07.19-00.40.16:808][939]LogModuleManager: Shutting down and abandoning module HTML5PlatformEditor (529)
[2019.07.19-00.40.16:808][939]LogModuleManager: Shutting down and abandoning module AndroidPlatformEditor (527)
[2019.07.19-00.40.16:808][939]LogModuleManager: Shutting down and abandoning module AndroidDeviceDetection (526)
[2019.07.19-00.40.17:108][939]LogModuleManager: Shutting down and abandoning module WindowsPlatformEditor (523)
[2019.07.19-00.40.17:108][939]LogModuleManager: Shutting down and abandoning module LuminRuntimeSettings (521)
[2019.07.19-00.40.17:109][939]LogModuleManager: Shutting down and abandoning module IOSRuntimeSettings (519)
[2019.07.19-00.40.17:109][939]LogModuleManager: Shutting down and abandoning module AndroidRuntimeSettings (517)
[2019.07.19-00.40.17:109][939]LogModuleManager: Shutting down and abandoning module TimeManagementEditor (515)
[2019.07.19-00.40.17:109][939]LogModuleManager: Shutting down and abandoning module InputBindingEditor (513)
[2019.07.19-00.40.17:109][939]LogModuleManager: Shutting down and abandoning module MergeActors (511)
[2019.07.19-00.40.17:109][939]LogModuleManager: Shutting down and abandoning module LocalizationDashboard (509)
[2019.07.19-00.40.17:109][939]LogModuleManager: Shutting down and abandoning module LocalizationService (508)
[2019.07.19-00.40.17:109][939]LogModuleManager: Shutting down and abandoning module HardwareTargeting (505)
[2019.07.19-00.40.17:109][939]LogModuleManager: Shutting down and abandoning module DeviceProfileEditor (503)
[2019.07.19-00.40.17:109][939]LogModuleManager: Shutting down and abandoning module UndoHistory (501)
[2019.07.19-00.40.17:109][939]LogModuleManager: Shutting down and abandoning module XmlParser (499)
[2019.07.19-00.40.17:109][939]LogModuleManager: Shutting down and abandoning module Blutility (497)
[2019.07.19-00.40.17:109][939]LogModuleManager: Shutting down and abandoning module ProjectSettingsViewer (495)
[2019.07.19-00.40.17:109][939]LogModuleManager: Shutting down and abandoning module ProjectTargetPlatformEditor (494)
[2019.07.19-00.40.17:109][939]LogModuleManager: Shutting down and abandoning module EditorSettingsViewer (491)
[2019.07.19-00.40.17:110][939]LogModuleManager: Shutting down and abandoning module SettingsEditor (489)
[2019.07.19-00.40.17:110][939]LogModuleManager: Shutting down and abandoning module ProjectLauncher (487)
[2019.07.19-00.40.17:110][939]LogModuleManager: Shutting down and abandoning module SessionFrontend (485)
[2019.07.19-00.40.17:110][939]LogModuleManager: Shutting down and abandoning module ProfilerClient (483)
[2019.07.19-00.40.17:110][939]LogModuleManager: Shutting down and abandoning module DeviceManager (481)
[2019.07.19-00.40.17:110][939]LogModuleManager: Shutting down and abandoning module TargetDeviceServices (480)
[2019.07.19-00.40.17:154][939]LogModuleManager: Shutting down and abandoning module AutomationController (477)
[2019.07.19-00.40.17:154][939]LogModuleManager: Shutting down and abandoning module AutomationWindow (475)
[2019.07.19-00.40.17:154][939]LogModuleManager: Shutting down and abandoning module Layers (473)
[2019.07.19-00.40.17:155][939]LogModuleManager: Shutting down and abandoning module ComponentVisualizers (471)
[2019.07.19-00.40.17:156][939]LogModuleManager: Shutting down and abandoning module DetailCustomizations (469)
[2019.07.19-00.40.17:156][939]LogModuleManager: Shutting down and abandoning module PackagesDialog (467)
[2019.07.19-00.40.17:156][939]LogModuleManager: Shutting down and abandoning module AnimationBlueprintEditor (465)
[2019.07.19-00.40.17:156][939]LogModuleManager: Shutting down and abandoning module Persona (463)
[2019.07.19-00.40.17:156][939]LogModuleManager: Shutting down and abandoning module AdvancedPreviewScene (462)
[2019.07.19-00.40.17:156][939]LogModuleManager: Shutting down and abandoning module AnimGraph (460)
[2019.07.19-00.40.17:156][939]LogModuleManager: Shutting down and abandoning module Kismet (457)
[2019.07.19-00.40.17:161][939]LogModuleManager: Shutting down and abandoning module GraphEditor (455)
[2019.07.19-00.40.17:161][939]LogModuleManager: Shutting down and abandoning module ClassViewer (453)
[2019.07.19-00.40.17:161][939]LogModuleManager: Shutting down and abandoning module Toolbox (451)
[2019.07.19-00.40.17:161][939]LogModuleManager: Shutting down and abandoning module ModuleUI (449)
[2019.07.19-00.40.17:161][939]LogModuleManager: Shutting down and abandoning module MovieSceneTools (447)
[2019.07.19-00.40.17:161][939]LogModuleManager: Shutting down and abandoning module OutputLog (445)
[2019.07.19-00.40.17:161][939]LogModuleManager: Shutting down and abandoning module GammaUI (443)
[2019.07.19-00.40.17:162][939]LogModuleManager: Shutting down and abandoning module Documentation (441)
[2019.07.19-00.40.17:162][939]LogModuleManager: Shutting down and abandoning module LiveCoding (439)
[2019.07.19-00.40.17:162][939]LogModuleManager: Shutting down and abandoning module LevelSequence (437)
[2019.07.19-00.40.17:162][939]LogModuleManager: Shutting down and abandoning module MovieSceneTracks (435)
[2019.07.19-00.40.17:162][939]LogModuleManager: Shutting down and abandoning module MovieScene (433)
[2019.07.19-00.40.17:162][939]LogModuleManager: Shutting down and abandoning module StreamingPauseRendering (431)
[2019.07.19-00.40.17:162][939]LogModuleManager: Shutting down and abandoning module LauncherPlatform (429)
[2019.07.19-00.40.17:162][939]LogModuleManager: Shutting down and abandoning module AnalyticsET (427)
[2019.07.19-00.40.17:162][939]LogModuleManager: Shutting down and abandoning module PortalServices (425)
[2019.07.19-00.40.17:162][939]LogModuleManager: Shutting down and abandoning module PortalRpc (423)
[2019.07.19-00.40.17:162][939]LogModuleManager: Shutting down and abandoning module MessagingRpc (421)
[2019.07.19-00.40.17:162][939]LogModuleManager: Shutting down and abandoning module AIModule (419)
[2019.07.19-00.40.17:162][939]LogModuleManager: Shutting down and abandoning module GameplayDebugger (418)
[2019.07.19-00.40.17:162][939]LogModuleManager: Shutting down and abandoning module AITestSuite (416)
[2019.07.19-00.40.17:162][939]LogModuleManager: Shutting down and abandoning module NavigationSystem (414)
[2019.07.19-00.40.17:162][939]LogModuleManager: Shutting down and abandoning module DesktopPlatform (411)
[2019.07.19-00.40.17:162][939]LogModuleManager: Shutting down and abandoning module ImageWriteQueue (409)
[2019.07.19-00.40.17:165][939]LogModuleManager: Shutting down and abandoning module ProfilerService (407)
[2019.07.19-00.40.17:380][939]LogModuleManager: Shutting down and abandoning module TaskGraph (405)
[2019.07.19-00.40.17:381][939]LogModuleManager: Shutting down and abandoning module SteamVRController (403)
[2019.07.19-00.40.17:381][939]LogModuleManager: Shutting down and abandoning module ProceduralMeshComponentEditor (401)
[2019.07.19-00.40.17:381][939]LogModuleManager: Shutting down and abandoning module ProceduralMeshComponent (399)
[2019.07.19-00.40.17:381][939]LogModuleManager: Shutting down and abandoning module OculusEditor (397)
[2019.07.19-00.40.17:381][939]LogModuleManager: Shutting down and abandoning module OculusInput (395)
[2019.07.19-00.40.17:381][939]LogModuleManager: Shutting down and abandoning module MobilePatchingUtils (393)
[2019.07.19-00.40.17:381][939]LogModuleManager: Shutting down and abandoning module EditableMesh (391)
[2019.07.19-00.40.17:381][939]LogModuleManager: Shutting down and abandoning module CustomMeshComponent (389)
[2019.07.19-00.40.17:381][939]LogModuleManager: Shutting down and abandoning module CableComponent (387)
[2019.07.19-00.40.17:381][939]LogModuleManager: Shutting down and abandoning module AudioCapture (385)
[2019.07.19-00.40.17:381][939]LogModuleManager: Shutting down and abandoning module ArchVisCharacter (383)
[2019.07.19-00.40.17:381][939]LogModuleManager: Shutting down and abandoning module AndroidPermission (381)
[2019.07.19-00.40.17:381][939]LogModuleManager: Shutting down and abandoning module NUTUnrealEngine4 (379)
[2019.07.19-00.40.17:381][939]LogModuleManager: Shutting down and abandoning module NetcodeUnitTest (377)
[2019.07.19-00.40.17:381][939]LogModuleManager: Shutting down and abandoning module MediaCompositing (375)
[2019.07.19-00.40.17:381][939]LogModuleManager: Shutting down and abandoning module LinearTimecode (373)
[2019.07.19-00.40.17:381][939]LogModuleManager: Shutting down and abandoning module ImgMedia (371)
[2019.07.19-00.40.17:381][939]LogModuleManager: Shutting down and abandoning module MagicLeapHelperVulkan (369)
[2019.07.19-00.40.17:381][939]LogModuleManager: Shutting down and abandoning module MagicLeapHelperOpenGL (367)
[2019.07.19-00.40.17:381][939]LogModuleManager: Shutting down and abandoning module MagicLeapAudio (365)
[2019.07.19-00.40.17:381][939]LogModuleManager: Shutting down and abandoning module HTML5Networking (363)
[2019.07.19-00.40.17:381][939]LogModuleManager: Shutting down and abandoning module GeometryCacheTracks (361)
[2019.07.19-00.40.17:381][939]LogModuleManager: Shutting down and abandoning module GeometryCacheSequencer (359)
[2019.07.19-00.40.17:381][939]LogModuleManager: Shutting down and abandoning module BackChannel (357)
[2019.07.19-00.40.17:381][939]LogModuleManager: Shutting down and abandoning module AppleVision (355)
[2019.07.19-00.40.17:381][939]LogModuleManager: Shutting down and abandoning module AppleImageUtilsBlueprintSupport (353)
[2019.07.19-00.40.17:382][939]LogModuleManager: Shutting down and abandoning module AppleImageUtils (351)
[2019.07.19-00.40.17:382][939]LogModuleManager: Shutting down and abandoning module AlembicImporter (349)
[2019.07.19-00.40.17:382][939]LogModuleManager: Shutting down and abandoning module AlembicLibrary (348)
[2019.07.19-00.40.17:382][939]LogModuleManager: Shutting down and abandoning module GeometryCache (347)
[2019.07.19-00.40.17:382][939]LogModuleManager: Shutting down and abandoning module GeometryCacheEd (346)
[2019.07.19-00.40.17:382][939]LogModuleManager: Shutting down and abandoning module VariantManagerContent (341)
[2019.07.19-00.40.17:382][939]LogModuleManager: Shutting down and abandoning module DatasmithContentEditor (339)
[2019.07.19-00.40.17:382][939]LogModuleManager: Shutting down and abandoning module SpeedTreeImporter (337)
[2019.07.19-00.40.17:382][939]LogModuleManager: Shutting down and abandoning module PluginBrowser (335)
[2019.07.19-00.40.17:382][939]LogModuleManager: Shutting down and abandoning module MobileLauncherProfileWizard (333)
[2019.07.19-00.40.17:382][939]LogModuleManager: Shutting down and abandoning module MaterialAnalyzer (331)
[2019.07.19-00.40.17:382][939]LogModuleManager: Shutting down and abandoning module CryptoKeysOpenSSL (329)
[2019.07.19-00.40.17:382][939]LogModuleManager: Shutting down and abandoning module CryptoKeys (327)
[2019.07.19-00.40.17:382][939]LogModuleManager: Shutting down and abandoning module VisualStudioSourceCodeAccess (325)
[2019.07.19-00.40.17:382][939]LogModuleManager: Shutting down and abandoning module VisualStudioCodeSourceCodeAccess (323)
[2019.07.19-00.40.17:382][939]LogModuleManager: Shutting down and abandoning module UObjectPlugin (321)
[2019.07.19-00.40.17:382][939]LogModuleManager: Shutting down and abandoning module SubversionSourceControl (319)
[2019.07.19-00.40.17:382][939]LogModuleManager: Shutting down and abandoning module PerforceSourceControl (317)
[2019.07.19-00.40.17:383][939]LogModuleManager: Shutting down and abandoning module GitSourceControl (315)
[2019.07.19-00.40.17:383][939]LogModuleManager: Shutting down and abandoning module SourceControl (314)
[2019.07.19-00.40.17:383][939]LogModuleManager: Shutting down and abandoning module CLionSourceCodeAccess (311)
[2019.07.19-00.40.17:383][939]LogModuleManager: Shutting down and abandoning module AnimationSharingEd (309)
[2019.07.19-00.40.17:383][939]LogModuleManager: Shutting down and abandoning module ActorLayerUtilitiesEditor (307)
[2019.07.19-00.40.17:383][939]LogModuleManager: Shutting down and abandoning module ActorLayerUtilities (305)
[2019.07.19-00.40.17:383][939]LogModuleManager: Shutting down and abandoning module LightPropagationVolumeEditor (303)
[2019.07.19-00.40.17:383][939]LogModuleManager: Shutting down and abandoning module PaperTiledImporter (301)
[2019.07.19-00.40.17:383][939]LogModuleManager: Shutting down and abandoning module PaperSpriteSheetImporter (299)
[2019.07.19-00.40.17:383][939]LogModuleManager: Shutting down and abandoning module Paper2DEditor (297)
[2019.07.19-00.40.17:383][939]LogModuleManager: Shutting down and abandoning module SignificanceManager (295)
[2019.07.19-00.40.17:383][939]LogModuleManager: Shutting down and abandoning module RuntimePhysXCooking (293)
[2019.07.19-00.40.17:383][939]LogModuleManager: Shutting down and abandoning module PhysXVehiclesEditor (291)
[2019.07.19-00.40.17:383][939]LogModuleManager: Shutting down and abandoning module PhysXVehicles (289)
[2019.07.19-00.40.17:383][939]LogModuleManager: Shutting down and abandoning module LocationServicesBPLibrary (287)
[2019.07.19-00.40.17:383][939]LogModuleManager: Shutting down and abandoning module ActorSequence (285)
[2019.07.19-00.40.17:383][939]LogModuleManager: Shutting down and abandoning module UdpMessaging (283)
[2019.07.19-00.40.17:484][939]LogModuleManager: Shutting down and abandoning module TcpMessaging (281)
[2019.07.19-00.40.17:585][939]LogModuleManager: Shutting down and abandoning module MagicLeapIdentity (279)
[2019.07.19-00.40.17:585][939]LogModuleManager: Shutting down and abandoning module MagicLeapSecureStorage (277)
[2019.07.19-00.40.17:585][939]LogModuleManager: Shutting down and abandoning module MagicLeapHandTracking (275)
[2019.07.19-00.40.17:585][939]LogModuleManager: Shutting down and abandoning module MagicLeapEyeTracker (273)
[2019.07.19-00.40.17:585][939]LogModuleManager: Shutting down and abandoning module MagicLeapController (271)
[2019.07.19-00.40.17:585][939]LogSlate: Slate User Destroyed.  User Index 0, Is Virtual User: 0
[2019.07.19-00.40.17:585][939]LogModuleManager: Shutting down and abandoning module MagicLeapAR (269)
[2019.07.19-00.40.17:585][939]LogModuleManager: Shutting down and abandoning module AugmentedReality (268)
[2019.07.19-00.40.17:585][939]LogModuleManager: Shutting down and abandoning module GameplayTagsEditor (265)
[2019.07.19-00.40.17:585][939]LogModuleManager: Shutting down and abandoning module FacialAnimationEditor (263)
[2019.07.19-00.40.17:585][939]LogModuleManager: Shutting down and abandoning module FacialAnimation (261)
[2019.07.19-00.40.17:585][939]LogModuleManager: Shutting down and abandoning module DataValidation (259)
[2019.07.19-00.40.17:585][939]LogModuleManager: Shutting down and abandoning module AssetManagerEditor (257)
[2019.07.19-00.40.17:586][939]LogModuleManager: Shutting down and abandoning module LevelEditor (256)
[2019.07.19-00.40.17:586][939]LogModuleManager: Shutting down and abandoning module PixelInspectorModule (255)
[2019.07.19-00.40.17:586][939]LogModuleManager: Shutting down and abandoning module CommonMenuExtensions (253)
[2019.07.19-00.40.17:587][939]LogModuleManager: Shutting down and abandoning module MainFrame (251)
[2019.07.19-00.40.17:587][939]LogModuleManager: Shutting down and abandoning module HotReload (250)
[2019.07.19-00.40.17:587][939]LogModuleManager: Shutting down and abandoning module ContentBrowser (246)
[2019.07.19-00.40.17:588][939]LogModuleManager: Shutting down and abandoning module TreeMap (244)
[2019.07.19-00.40.17:588][939]LogModuleManager: Shutting down and abandoning module AnimationSharing (241)
[2019.07.19-00.40.17:588][939]LogModuleManager: Shutting down and abandoning module LightPropagationVolumeRuntime (239)
[2019.07.19-00.40.17:588][939]LogModuleManager: Shutting down and abandoning module AISupportModule (237)
[2019.07.19-00.40.17:588][939]LogModuleManager: Shutting down and abandoning module Paper2D (235)
[2019.07.19-00.40.17:588][939]LogModuleManager: Shutting down and abandoning module WindowsMoviePlayer (233)
[2019.07.19-00.40.17:588][939]LogModuleManager: Shutting down and abandoning module WebMMoviePlayer (231)
[2019.07.19-00.40.17:588][939]LogModuleManager: Shutting down and abandoning module PacketHandler (229)
[2019.07.19-00.40.17:588][939]LogModuleManager: Shutting down and abandoning module ClothingSystemEditor (227)
[2019.07.19-00.40.17:588][939]LogModuleManager: Shutting down and abandoning module ClothingSystemRuntime (225)
[2019.07.19-00.40.17:589][939]LogModuleManager: Shutting down and abandoning module MediaAssets (223)
[2019.07.19-00.40.17:589][939]LogModuleManager: Shutting down and abandoning module Overlay (221)
[2019.07.19-00.40.17:589][939]LogModuleManager: Shutting down and abandoning module OverlayEditor (220)
[2019.07.19-00.40.17:589][939]LogModuleManager: Shutting down and abandoning module VREditor (217)
[2019.07.19-00.40.17:589][939]LogModuleManager: Shutting down and abandoning module StringTableEditor (215)
[2019.07.19-00.40.17:590][939]LogModuleManager: Shutting down and abandoning module GameplayTasksEditor (213)
[2019.07.19-00.40.17:590][939]LogModuleManager: Shutting down and abandoning module BehaviorTreeEditor (211)
[2019.07.19-00.40.17:590][939]LogModuleManager: Shutting down and abandoning module FunctionalTesting (209)
[2019.07.19-00.40.17:590][939]LogModuleManager: Shutting down and abandoning module CollisionAnalyzer (207)
[2019.07.19-00.40.17:590][939]LogModuleManager: Shutting down and abandoning module WorkspaceMenuStructure (206)
[2019.07.19-00.40.17:590][939]LogModuleManager: Shutting down and abandoning module UMG (203)
[2019.07.19-00.40.17:590][939]LogModuleManager: Shutting down and abandoning module UMGEditor (202)
[2019.07.19-00.40.17:590][939]LogModuleManager: Shutting down and abandoning module Sequencer (201)
[2019.07.19-00.40.17:590][939]LogModuleManager: Shutting down and abandoning module MessageLog (198)
[2019.07.19-00.40.17:590][939]LogModuleManager: Shutting down and abandoning module SlateReflector (193)
[2019.07.19-00.40.17:591][939]LogModuleManager: Shutting down and abandoning module Slate (191)
[2019.07.19-00.40.17:591][939]LogModuleManager: Shutting down and abandoning module EditorStyle (189)
[2019.07.19-00.40.17:593][939]LogModuleManager: Shutting down and abandoning module UnrealEd (187)
[2019.07.19-00.40.17:593][939]LogModuleManager: Shutting down and abandoning module MRMesh (185)
[2019.07.19-00.40.17:593][939]LogModuleManager: Shutting down and abandoning module SourceCodeAccess (183)
[2019.07.19-00.40.17:593][939]LogModuleManager: Shutting down and abandoning module HeadMountedDisplay (181)
[2019.07.19-00.40.17:593][939]LogModuleManager: Shutting down and abandoning module XAudio2 (179)
[2019.07.19-00.40.17:593][939]LogModuleManager: Shutting down and abandoning module Networking (177)
[2019.07.19-00.40.17:593][939]LogModuleManager: Shutting down and abandoning module Core (175)
[2019.07.19-00.40.17:593][939]LogModuleManager: Shutting down and abandoning module KismetCompiler (173)
[2019.07.19-00.40.17:593][939]LogModuleManager: Shutting down and abandoning module MeshUtilities (171)
[2019.07.19-00.40.17:593][939]LogModuleManager: Shutting down and abandoning module MeshMergeUtilities (170)
[2019.07.19-00.40.17:593][939]LogModuleManager: Shutting down and abandoning module MeshReductionInterface (169)
[2019.07.19-00.40.17:593][939]LogModuleManager: Shutting down and abandoning module SkeletalMeshReduction (168)
[2019.07.19-00.40.17:593][939]LogModuleManager: Shutting down and abandoning module ProxyLODMeshReduction (166)
[2019.07.19-00.40.17:594][939]LogModuleManager: Shutting down and abandoning module QuadricMeshReduction (164)
[2019.07.19-00.40.17:594][939]LogModuleManager: Shutting down and abandoning module MaterialBaking (160)
[2019.07.19-00.40.17:594][939]LogModuleManager: Shutting down and abandoning module DerivedDataCache (155)
[2019.07.19-00.40.17:638][939]LogDerivedDataCache: Shutdown
[2019.07.19-00.40.17:638][939]LogModuleManager: Shutting down and abandoning module XGEController (153)
[2019.07.19-00.40.17:638][939]LogModuleManager: Shutting down and abandoning module TargetPlatform (151)
[2019.07.19-00.40.17:638][939]LogModuleManager: Shutting down and abandoning module VulkanShaderFormat (150)
[2019.07.19-00.40.17:638][939]LogModuleManager: Shutting down and abandoning module ShaderFormatVectorVM (148)
[2019.07.19-00.40.17:638][939]LogModuleManager: Shutting down and abandoning module ShaderFormatOpenGL (146)
[2019.07.19-00.40.17:639][939]LogModuleManager: Shutting down and abandoning module ShaderFormatD3D (144)
[2019.07.19-00.40.17:639][939]LogModuleManager: Shutting down and abandoning module MetalShaderFormat (142)
[2019.07.19-00.40.17:639][939]LogModuleManager: Shutting down and abandoning module TextureFormatUncompressed (140)
[2019.07.19-00.40.17:639][939]LogModuleManager: Shutting down and abandoning module TextureFormatPVR (138)
[2019.07.19-00.40.17:639][939]LogModuleManager: Shutting down and abandoning module TextureFormatDXT (136)
[2019.07.19-00.40.17:639][939]LogModuleManager: Shutting down and abandoning module TextureFormatIntelISPCTexComp (134)
[2019.07.19-00.40.17:639][939]LogModuleManager: Shutting down and abandoning module TextureFormatASTC (132)
[2019.07.19-00.40.17:639][939]LogModuleManager: Shutting down and abandoning module ImageWrapper (131)
[2019.07.19-00.40.17:639][939]LogModuleManager: Shutting down and abandoning module TextureFormatAndroid (128)
[2019.07.19-00.40.17:639][939]LogModuleManager: Shutting down and abandoning module AudioFormatOpus (126)
[2019.07.19-00.40.17:639][939]LogModuleManager: Shutting down and abandoning module AudioFormatOgg (124)
[2019.07.19-00.40.17:640][939]LogModuleManager: Shutting down and abandoning module AudioFormatADPCM (122)
[2019.07.19-00.40.17:640][939]LogModuleManager: Shutting down and abandoning module LuminTargetPlatform (120)
[2019.07.19-00.40.17:640][939]LogModuleManager: Shutting down and abandoning module LinuxTargetPlatform (118)
[2019.07.19-00.40.17:640][939]LogModuleManager: Shutting down and abandoning module LinuxServerTargetPlatform (116)
[2019.07.19-00.40.17:640][939]LogModuleManager: Shutting down and abandoning module LinuxNoEditorTargetPlatform (114)
[2019.07.19-00.40.17:640][939]LogModuleManager: Shutting down and abandoning module LinuxClientTargetPlatform (112)
[2019.07.19-00.40.17:640][939]LogModuleManager: Shutting down and abandoning module TVOSTargetPlatform (110)
[2019.07.19-00.40.17:641][939]LogModuleManager: Shutting down and abandoning module Messaging (108)
[2019.07.19-00.40.17:641][939]LogModuleManager: Shutting down and abandoning module IOSTargetPlatform (106)
[2019.07.19-00.40.17:642][939]LogModuleManager: Shutting down and abandoning module HTML5TargetPlatform (104)
[2019.07.19-00.40.17:642][939]LogModuleManager: Shutting down and abandoning module AndroidTargetPlatform (102)
[2019.07.19-00.40.17:647][939]LogModuleManager: Shutting down and abandoning module WindowsTargetPlatform (100)
[2019.07.19-00.40.17:647][939]LogModuleManager: Shutting down and abandoning module WindowsServerTargetPlatform (98)
[2019.07.19-00.40.17:647][939]LogModuleManager: Shutting down and abandoning module WindowsNoEditorTargetPlatform (96)
[2019.07.19-00.40.17:647][939]LogModuleManager: Shutting down and abandoning module WindowsClientTargetPlatform (94)
[2019.07.19-00.40.17:647][939]LogModuleManager: Shutting down and abandoning module MacTargetPlatform (92)
[2019.07.19-00.40.17:647][939]LogModuleManager: Shutting down and abandoning module MacServerTargetPlatform (90)
[2019.07.19-00.40.17:647][939]LogModuleManager: Shutting down and abandoning module MacNoEditorTargetPlatform (88)
[2019.07.19-00.40.17:647][939]LogModuleManager: Shutting down and abandoning module MacClientTargetPlatform (86)
[2019.07.19-00.40.17:647][939]LogModuleManager: Shutting down and abandoning module AllDesktopTargetPlatform (84)
[2019.07.19-00.40.17:647][939]LogModuleManager: Shutting down and abandoning module InputCore (81)
[2019.07.19-00.40.17:647][939]LogModuleManager: Shutting down and abandoning module Settings (79)
[2019.07.19-00.40.17:647][939]LogModuleManager: Shutting down and abandoning module DirectoryWatcher (77)
[2019.07.19-00.40.17:647][939]LogModuleManager: Shutting down and abandoning module PhysXCooking (75)
[2019.07.19-00.40.17:647][939]LogModuleManager: Shutting down and abandoning module SteamVR (73)
[2019.07.19-00.40.17:647][939]LogHMD: Freeing OpenVRDLLHandle.
[2019.07.19-00.40.17:647][939]LogModuleManager: Shutting down and abandoning module OculusHMD (71)
[2019.07.19-00.40.17:647][939]LogModuleManager: Shutting down and abandoning module ExampleDeviceProfileSelector (69)
[2019.07.19-00.40.17:647][939]LogModuleManager: Shutting down and abandoning module LauncherChunkInstaller (67)
[2019.07.19-00.40.17:647][939]LogModuleManager: Shutting down and abandoning module OnlineBlueprintSupport (65)
[2019.07.19-00.40.17:647][939]LogModuleManager: Shutting down and abandoning module OnlineSubsystem (61)
[2019.07.19-00.40.17:648][939]LogModuleManager: Shutting down and abandoning module XMPP (55)
[2019.07.19-00.40.17:649][939]LogModuleManager: Shutting down and abandoning module WebSockets (54)
[2019.07.19-00.40.17:653][939]LogModuleManager: Shutting down and abandoning module HTTP (51)
[2019.07.19-00.40.17:653][939]LogHttp: Display: Http module shutting down, but needs to wait on 1 outstanding Http requests:
[2019.07.19-00.40.17:653][939]LogHttp: Display: 	verb=[POST] url=[https://datarouter.ol.epicgames.com/datarouter/api/v1/public/data?SessionID=%7B1E6F180E-4696-5EBC-8144-02A66F681ADC%7D&AppID=UEEditor.Rocket.Release&AppVersion=4.22.3-7053642%2B%2B%2BUE4%2BRelease-4.22&UserID=0207577c46cebb6b7a6df5a5e9404d12%7C362ae8afe25a495e86ba206568987e1e%7C2dfaae3d-f641-41d0-9409-d59edc2397bd&AppEnvironment=datacollector-binary&UploadType=eteventstream] status=Processing
[2019.07.19-00.40.17:667][939]LogModuleManager: Shutting down and abandoning module SSL (50)
[2019.07.19-00.40.17:668][939]LogModuleManager: Shutting down and abandoning module WmfMedia (46)
[2019.07.19-00.40.17:669][939]LogModuleManager: Shutting down and abandoning module Media (45)
[2019.07.19-00.40.17:675][939]LogModuleManager: Shutting down and abandoning module MagicLeap (42)
[2019.07.19-00.40.17:675][939]LogModuleManager: Shutting down and abandoning module DatasmithContent (40)
[2019.07.19-00.40.17:675][939]LogModuleManager: Shutting down and abandoning module AnimationModifiers (38)
[2019.07.19-00.40.17:676][939]LogModuleManager: Shutting down and abandoning module PropertyEditor (37)
[2019.07.19-00.40.17:676][939]LogModuleManager: Shutting down and abandoning module AudioEditor (34)
[2019.07.19-00.40.17:676][939]LogModuleManager: Shutting down and abandoning module TextureCompressor (32)
[2019.07.19-00.40.17:676][939]LogModuleManager: Shutting down and abandoning module RenderCore (30)
[2019.07.19-00.40.17:676][939]LogModuleManager: Shutting down and abandoning module Landscape (28)
[2019.07.19-00.40.17:676][939]LogModuleManager: Shutting down and abandoning module SlateRHIRenderer (26)
[2019.07.19-00.40.17:680][939]LogModuleManager: Shutting down and abandoning module OpenGLDrv (24)
[2019.07.19-00.40.17:680][939]LogModuleManager: Shutting down and abandoning module D3D11RHI (22)
[2019.07.19-00.40.17:680][939]LogModuleManager: Shutting down and abandoning module AnimGraphRuntime (20)
[2019.07.19-00.40.17:680][939]LogModuleManager: Shutting down and abandoning module Renderer (18)
[2019.07.19-00.40.17:680][939]LogModuleManager: Shutting down and abandoning module Engine (16)
[2019.07.19-00.40.17:680][939]LogModuleManager: Shutting down and abandoning module CoreUObject (14)
[2019.07.19-00.40.17:680][939]LogModuleManager: Shutting down and abandoning module NetworkFile (12)
[2019.07.19-00.40.17:680][939]LogModuleManager: Shutting down and abandoning module CookedIterativeFile (10)
[2019.07.19-00.40.17:680][939]LogModuleManager: Shutting down and abandoning module StreamingFile (8)
[2019.07.19-00.40.17:681][939]LogModuleManager: Shutting down and abandoning module SandboxFile (6)
[2019.07.19-00.40.17:681][939]LogModuleManager: Shutting down and abandoning module PakFile (4)
[2019.07.19-00.40.17:681][939]LogModuleManager: Shutting down and abandoning module RSA (3)
[2019.07.19-00.40.17:687][939]LogExit: Exiting.
[2019.07.19-00.40.17:696][939]Log file closed, 07/19/19 09:40:17
