Log file open, 07/22/19 12:28:41
LogWindows: Failed to load 'aqProf.dll' (GetLastError=126)
LogWindows: File 'aqProf.dll' does not exist
LogWindows: Failed to load 'VtuneApi.dll' (GetLastError=126)
LogWindows: File 'VtuneApi.dll' does not exist
LogWindows: Failed to load 'VtuneApi32e.dll' (GetLastError=126)
LogWindows: File 'VtuneApi32e.dll' does not exist
LogConsoleResponse: Display: Failed to find resolution value strings in scalability ini. Falling back to default.
LogInit: Display: Running engine for game: Demo_Lan
LogPakFile: Registered encryption key '00000000000000000000000000000000': 0 pak files mounted, 0 remain pending
LogPlatformFile: Not using cached read wrapper
LogTaskGraph: Started task graph with 5 named threads and 23 total threads with 3 sets of task threads.
LogStats: Stats thread started at 0.334892
LogD3D11RHI: Loaded GFSDK_Aftermath_Lib.x64.dll
LogICUInternationalization: ICU TimeZone Detection - Raw Offset: +9:00, Platform Override: ''
LogPluginManager: Mounting plugin Paper2D
LogPluginManager: Mounting plugin AISupport
LogPluginManager: Mounting plugin LightPropagationVolume
LogPluginManager: Mounting plugin ActorLayerUtilities
LogPluginManager: Mounting plugin AnimationSharing
LogPluginManager: Mounting plugin CLionSourceCodeAccess
LogPluginManager: Mounting plugin CodeLiteSourceCodeAccess
LogPluginManager: Mounting plugin GitSourceControl
LogPluginManager: Mounting plugin KDevelopSourceCodeAccess
LogPluginManager: Mounting plugin NullSourceCodeAccess
LogPluginManager: Mounting plugin PerforceSourceControl
LogPluginManager: Mounting plugin SubversionSourceControl
LogPluginManager: Mounting plugin UObjectPlugin
LogPluginManager: Mounting plugin VisualStudioCodeSourceCodeAccess
LogPluginManager: Mounting plugin VisualStudioSourceCodeAccess
LogPluginManager: Mounting plugin XCodeSourceCodeAccess
LogPluginManager: Mounting plugin AssetManagerEditor
LogPluginManager: Mounting plugin CryptoKeys
LogPluginManager: Mounting plugin DataValidation
LogPluginManager: Mounting plugin FacialAnimation
LogPluginManager: Mounting plugin GameplayTagsEditor
LogPluginManager: Mounting plugin MacGraphicsSwitching
LogPluginManager: Mounting plugin MaterialAnalyzer
LogPluginManager: Mounting plugin MobileLauncherProfileWizard
LogPluginManager: Mounting plugin PluginBrowser
LogPluginManager: Mounting plugin SpeedTreeImporter
LogPluginManager: Mounting plugin DatasmithContent
LogPluginManager: Mounting plugin VariantManagerContent
LogPluginManager: Mounting plugin AlembicImporter
LogPluginManager: Mounting plugin AppleImageUtils
LogPluginManager: Mounting plugin AppleVision
LogPluginManager: Mounting plugin BackChannel
LogPluginManager: Mounting plugin CharacterAI
LogPluginManager: Mounting plugin GeometryCache
LogPluginManager: Mounting plugin HTML5Networking
LogPluginManager: Mounting plugin ProxyLODPlugin
LogPluginManager: Mounting plugin SkeletalReduction
LogPluginManager: Mounting plugin MagicLeap
LogPluginManager: Mounting plugin MagicLeapMedia
LogPluginManager: Mounting plugin AndroidMedia
LogPluginManager: Mounting plugin AvfMedia
LogPluginManager: Mounting plugin ImgMedia
LogPluginManager: Mounting plugin LinearTimecode
LogPluginManager: Mounting plugin MediaCompositing
LogPluginManager: Mounting plugin MediaPlayerEditor
LogPluginManager: Mounting plugin WebMMedia
LogPluginManager: Mounting plugin WmfMedia
LogPluginManager: Mounting plugin TcpMessaging
LogPluginManager: Mounting plugin UdpMessaging
LogPluginManager: Mounting plugin ActorSequence
LogPluginManager: Mounting plugin LevelSequenceEditor
LogPluginManager: Mounting plugin MatineeToLevelSequence
LogPluginManager: Mounting plugin NetcodeUnitTest
LogPluginManager: Mounting plugin NUTUnrealEngine4
LogPluginManager: Mounting plugin OnlineSubsystemGooglePlay
LogPluginManager: Mounting plugin OnlineSubsystemIOS
LogPluginManager: Mounting plugin OnlineSubsystem
LogPluginManager: Mounting plugin OnlineSubsystemNull
LogPluginManager: Mounting plugin OnlineSubsystemUtils
LogPluginManager: Mounting plugin LauncherChunkInstaller
LogPluginManager: Mounting plugin AndroidDeviceProfileSelector
LogPluginManager: Mounting plugin AndroidMoviePlayer
LogPluginManager: Mounting plugin AndroidPermission
LogPluginManager: Mounting plugin AppleMoviePlayer
LogPluginManager: Mounting plugin ArchVisCharacter
LogPluginManager: Mounting plugin AudioCapture
LogPluginManager: Mounting plugin CableComponent
LogPluginManager: Mounting plugin CustomMeshComponent
LogPluginManager: Mounting plugin EditableMesh
LogPluginManager: Mounting plugin ExampleDeviceProfileSelector
LogPluginManager: Mounting plugin Firebase
LogPluginManager: Mounting plugin GoogleCloudMessaging
LogPluginManager: Mounting plugin IOSDeviceProfileSelector
LogPluginManager: Mounting plugin LinuxDeviceProfileSelector
LogPluginManager: Mounting plugin LocationServicesBPLibrary
LogPluginManager: Mounting plugin MobilePatchingUtils
LogPluginManager: Mounting plugin OculusVR
LogPluginManager: Mounting plugin PhysXVehicles
LogPluginManager: Mounting plugin ProceduralMeshComponent
LogPluginManager: Mounting plugin RuntimePhysXCooking
LogPluginManager: Mounting plugin SignificanceManager
LogPluginManager: Mounting plugin SteamVR
LogPluginManager: Mounting plugin WebMMoviePlayer
LogPluginManager: Mounting plugin WindowsMoviePlayer
LogInit: Using libcurl 7.55.1-DEV
LogInit:  - built for x86_64-pc-win32
LogInit:  - supports SSL with OpenSSL/1.1.1
LogInit:  - supports HTTP deflate (compression) using libz 1.2.8
LogInit:  - other features:
LogInit:      CURL_VERSION_SSL
LogInit:      CURL_VERSION_LIBZ
LogInit:      CURL_VERSION_IPV6
LogInit:      CURL_VERSION_ASYNCHDNS
LogInit:      CURL_VERSION_LARGEFILE
LogInit:      CURL_VERSION_IDN
LogInit:  CurlRequestOptions (configurable via config and command line):
LogInit:  - bVerifyPeer = true  - Libcurl will verify peer certificate
LogInit:  - bUseHttpProxy = false  - Libcurl will NOT use HTTP proxy
LogInit:  - bDontReuseConnections = false  - Libcurl will reuse connections
LogInit:  - MaxHostConnections = 16  - Libcurl will limit the number of connections to a host
LogInit:  - LocalHostAddr = Default
LogInit:  - BufferSize = 65536
LogInit: WinSock: version 1.1 (2.2), MaxSocks=32767, MaxUdp=65467
LogInit: Build: ++UE4+Release-4.22-CL-7053642
LogInit: Engine Version: 4.22.3-7053642+++UE4+Release-4.22
LogInit: Compatible Engine Version: 4.22.0-5660361+++UE4+Release-4.22
LogInit: Net CL: 5660361
LogInit: OS: Windows 10 (Release 1803) (), CPU: Intel(R) Core(TM) i7-4790 CPU @ 3.60GHz, GPU: NVIDIA GeForce GTX 960
LogInit: Compiled (64-bit): Jun 18 2019 03:09:11
LogInit: Compiled with Visual C++: 19.16.27025.01
LogInit: Build Configuration: Development
LogInit: Branch Name: ++UE4+Release-4.22
LogInit: Command Line: 
LogInit: Base Directory: C:/Program Files/Epic Games/UE_4.22/Engine/Binaries/Win64/
LogInit: Installed Engine Build: 1
LogDevObjectVersion: Number of dev versions registered: 23
LogDevObjectVersion:   Dev-Blueprints (B0D832E4-1F89-4F0D-ACCF-7EB736FD4AA2): 10
LogDevObjectVersion:   Dev-Build (E1C64328-A22C-4D53-A36C-8E866417BD8C): 0
LogDevObjectVersion:   Dev-Core (375EC13C-06E4-48FB-B500-84F0262A717E): 3
LogDevObjectVersion:   Dev-Editor (E4B068ED-F494-42E9-A231-DA0B2E46BB41): 30
LogDevObjectVersion:   Dev-Framework (CFFC743F-43B0-4480-9391-14DF171D2073): 35
LogDevObjectVersion:   Dev-Mobile (B02B49B5-BB20-44E9-A304-32B752E40360): 2
LogDevObjectVersion:   Dev-Networking (A4E4105C-59A1-49B5-A7C5-40C4547EDFEE): 0
LogDevObjectVersion:   Dev-Online (39C831C9-5AE6-47DC-9A44-9C173E1C8E7C): 0
LogDevObjectVersion:   Dev-Physics (78F01B33-EBEA-4F98-B9B4-84EACCB95AA2): 0
LogDevObjectVersion:   Dev-Platform (6631380F-2D4D-43E0-8009-CF276956A95A): 0
LogDevObjectVersion:   Dev-Rendering (12F88B9F-8875-4AFC-A67C-D90C383ABD29): 28
LogDevObjectVersion:   Dev-Sequencer (7B5AE74C-D270-4C10-A958-57980B212A5A): 11
LogDevObjectVersion:   Dev-VR (D7296918-1DD6-4BDD-9DE2-64A83CC13884): 2
LogDevObjectVersion:   Dev-LoadTimes (C2A15278-BFE7-4AFE-6C17-90FF531DF755): 1
LogDevObjectVersion:   Private-Geometry (6EACA3D4-40EC-4CC1-B786-8BED09428FC5): 3
LogDevObjectVersion:   Dev-AnimPhys (29E575DD-E0A3-4627-9D10-D276232CDCEA): 17
LogDevObjectVersion:   Dev-Anim (AF43A65D-7FD3-4947-9873-3E8ED9C1BB05): 2
LogDevObjectVersion:   Dev-ReflectionCapture (6B266CEC-1EC7-4B8F-A30B-E4D90942FC07): 1
LogDevObjectVersion:   Dev-Automation (0DF73D61-A23F-47EA-B727-89E90C41499A): 1
LogDevObjectVersion:   FortniteMain (601D1886-AC64-4F84-AA16-D3DE0DEAC7D6): 25
LogDevObjectVersion:   Dev-Enterprise (9DFFBCD6-494F-0158-E221-12823C92A888): 6
LogDevObjectVersion:   Dev-Niagara (F2AED0AC-9AFE-416F-8664-AA7FFA26D6FC): 1
LogDevObjectVersion:   Dev-Destruction (174F1F0B-B4C6-45A5-B13F-2EE8D0FB917D): 2
LogInit: Presizing for max 16777216 objects, including 0 objects not considered by GC, pre-allocating 0 bytes for permanent pool.
LogInit: Object subsystem initialized
LogConfig: Setting CVar [[con.DebugEarlyDefault:1]]
LogConfig: Setting CVar [[r.setres:1280x720]]
[2019.07.22-03.28.41:795][  0]LogConfig: Setting CVar [[r.VSync:0]]
[2019.07.22-03.28.41:795][  0]LogConfig: Setting CVar [[r.RHICmdBypass:0]]
[2019.07.22-03.28.41:795][  0]LogConfig: Applying CVar settings from Section [/Script/Engine.RendererSettings] File [D:/Work/Unreal Projects/Sample/Demo1/Demo_Lan/Saved/Config/Windows/Engine.ini]
[2019.07.22-03.28.41:795][  0]LogConfig: Setting CVar [[r.GPUCrashDebugging:0]]
[2019.07.22-03.28.41:795][  0]LogConfig: Applying CVar settings from Section [/Script/Engine.RendererOverrideSettings] File [D:/Work/Unreal Projects/Sample/Demo1/Demo_Lan/Saved/Config/Windows/Engine.ini]
[2019.07.22-03.28.41:795][  0]LogConfig: Applying CVar settings from Section [/Script/Engine.StreamingSettings] File [D:/Work/Unreal Projects/Sample/Demo1/Demo_Lan/Saved/Config/Windows/Engine.ini]
[2019.07.22-03.28.41:795][  0]LogConfig: Setting CVar [[s.MinBulkDataSizeForAsyncLoading:131072]]
[2019.07.22-03.28.41:795][  0]LogConfig: Setting CVar [[s.AsyncLoadingThreadEnabled:0]]
[2019.07.22-03.28.41:795][  0]LogConfig: Setting CVar [[s.EventDrivenLoaderEnabled:1]]
[2019.07.22-03.28.41:795][  0]LogConfig: Setting CVar [[s.WarnIfTimeLimitExceeded:0]]
[2019.07.22-03.28.41:795][  0]LogConfig: Setting CVar [[s.TimeLimitExceededMultiplier:1.5]]
[2019.07.22-03.28.41:795][  0]LogConfig: Setting CVar [[s.TimeLimitExceededMinTime:0.005]]
[2019.07.22-03.28.41:795][  0]LogConfig: Setting CVar [[s.UseBackgroundLevelStreaming:1]]
[2019.07.22-03.28.41:795][  0]LogConfig: Setting CVar [[s.PriorityAsyncLoadingExtraTime:15.0]]
[2019.07.22-03.28.41:795][  0]LogConfig: Setting CVar [[s.LevelStreamingActorsUpdateTimeLimit:5.0]]
[2019.07.22-03.28.41:795][  0]LogConfig: Setting CVar [[s.PriorityLevelStreamingActorsUpdateExtraTime:5.0]]
[2019.07.22-03.28.41:795][  0]LogConfig: Setting CVar [[s.LevelStreamingComponentsRegistrationGranularity:10]]
[2019.07.22-03.28.41:795][  0]LogConfig: Setting CVar [[s.UnregisterComponentsTimeLimit:1.0]]
[2019.07.22-03.28.41:795][  0]LogConfig: Setting CVar [[s.LevelStreamingComponentsUnregistrationGranularity:5]]
[2019.07.22-03.28.41:795][  0]LogConfig: Applying CVar settings from Section [/Script/Engine.GarbageCollectionSettings] File [D:/Work/Unreal Projects/Sample/Demo1/Demo_Lan/Saved/Config/Windows/Engine.ini]
[2019.07.22-03.28.41:795][  0]LogConfig: Setting CVar [[gc.MaxObjectsNotConsideredByGC:1]]
[2019.07.22-03.28.41:795][  0]LogConfig: Setting CVar [[gc.SizeOfPermanentObjectPool:0]]
[2019.07.22-03.28.41:795][  0]LogConfig: Setting CVar [[gc.FlushStreamingOnGC:0]]
[2019.07.22-03.28.41:795][  0]LogConfig: Setting CVar [[gc.NumRetriesBeforeForcingGC:10]]
[2019.07.22-03.28.41:796][  0]LogConfig: Setting CVar [[gc.AllowParallelGC:1]]
[2019.07.22-03.28.41:796][  0]LogConfig: Setting CVar [[gc.TimeBetweenPurgingPendingKillObjects:61.1]]
[2019.07.22-03.28.41:796][  0]LogConfig: Setting CVar [[gc.MaxObjectsInEditor:16777216]]
[2019.07.22-03.28.41:796][  0]LogConfig: Setting CVar [[gc.IncrementalBeginDestroyEnabled:1]]
[2019.07.22-03.28.41:796][  0]LogConfig: Setting CVar [[gc.CreateGCClusters:1]]
[2019.07.22-03.28.41:796][  0]LogConfig: Setting CVar [[gc.MinGCClusterSize:5]]
[2019.07.22-03.28.41:796][  0]LogConfig: Setting CVar [[gc.ActorClusteringEnabled:0]]
[2019.07.22-03.28.41:796][  0]LogConfig: Setting CVar [[gc.BlueprintClusteringEnabled:0]]
[2019.07.22-03.28.41:796][  0]LogConfig: Setting CVar [[gc.UseDisregardForGCOnDedicatedServers:0]]
[2019.07.22-03.28.41:796][  0]LogConfig: Applying CVar settings from Section [/Script/Engine.NetworkSettings] File [D:/Work/Unreal Projects/Sample/Demo1/Demo_Lan/Saved/Config/Windows/Engine.ini]
[2019.07.22-03.28.41:796][  0]LogConfig: Applying CVar settings from Section [/Script/UnrealEd.CookerSettings] File [D:/Work/Unreal Projects/Sample/Demo1/Demo_Lan/Saved/Config/Windows/Engine.ini]
[2019.07.22-03.28.41:816][  0]LogConfig: Applying CVar settings from Section [ViewDistanceQuality@3] File [D:/Work/Unreal Projects/Sample/Demo1/Demo_Lan/Saved/Config/Windows/Scalability.ini]
[2019.07.22-03.28.41:816][  0]LogConfig: Setting CVar [[r.SkeletalMeshLODBias:0]]
[2019.07.22-03.28.41:816][  0]LogConfig: Setting CVar [[r.ViewDistanceScale:1.0]]
[2019.07.22-03.28.41:816][  0]LogConfig: Applying CVar settings from Section [AntiAliasingQuality@3] File [D:/Work/Unreal Projects/Sample/Demo1/Demo_Lan/Saved/Config/Windows/Scalability.ini]
[2019.07.22-03.28.41:816][  0]LogConfig: Setting CVar [[r.PostProcessAAQuality:4]]
[2019.07.22-03.28.41:816][  0]LogConfig: Applying CVar settings from Section [ShadowQuality@3] File [D:/Work/Unreal Projects/Sample/Demo1/Demo_Lan/Saved/Config/Windows/Scalability.ini]
[2019.07.22-03.28.41:816][  0]LogConfig: Setting CVar [[r.LightFunctionQuality:1]]
[2019.07.22-03.28.41:816][  0]LogConfig: Setting CVar [[r.ShadowQuality:5]]
[2019.07.22-03.28.41:816][  0]LogConfig: Setting CVar [[r.Shadow.CSM.MaxCascades:10]]
[2019.07.22-03.28.41:816][  0]LogConfig: Setting CVar [[r.Shadow.MaxResolution:2048]]
[2019.07.22-03.28.41:816][  0]LogConfig: Setting CVar [[r.Shadow.MaxCSMResolution:2048]]
[2019.07.22-03.28.41:816][  0]LogConfig: Setting CVar [[r.Shadow.RadiusThreshold:0.01]]
[2019.07.22-03.28.41:816][  0]LogConfig: Setting CVar [[r.Shadow.DistanceScale:1.0]]
[2019.07.22-03.28.41:816][  0]LogConfig: Setting CVar [[r.Shadow.CSM.TransitionScale:1.0]]
[2019.07.22-03.28.41:816][  0]LogConfig: Setting CVar [[r.Shadow.PreShadowResolutionFactor:1.0]]
[2019.07.22-03.28.41:816][  0]LogConfig: Setting CVar [[r.DistanceFieldShadowing:1]]
[2019.07.22-03.28.41:816][  0]LogConfig: Setting CVar [[r.DistanceFieldAO:1]]
[2019.07.22-03.28.41:816][  0]LogConfig: Setting CVar [[r.AOQuality:2]]
[2019.07.22-03.28.41:816][  0]LogConfig: Setting CVar [[r.VolumetricFog:1]]
[2019.07.22-03.28.41:816][  0]LogConfig: Setting CVar [[r.VolumetricFog.GridPixelSize:8]]
[2019.07.22-03.28.41:816][  0]LogConfig: Setting CVar [[r.VolumetricFog.GridSizeZ:128]]
[2019.07.22-03.28.41:817][  0]LogConfig: Setting CVar [[r.VolumetricFog.HistoryMissSupersampleCount:4]]
[2019.07.22-03.28.41:817][  0]LogConfig: Setting CVar [[r.LightMaxDrawDistanceScale:1]]
[2019.07.22-03.28.41:817][  0]LogConfig: Setting CVar [[r.CapsuleShadows:1]]
[2019.07.22-03.28.41:817][  0]LogConfig: Applying CVar settings from Section [PostProcessQuality@3] File [D:/Work/Unreal Projects/Sample/Demo1/Demo_Lan/Saved/Config/Windows/Scalability.ini]
[2019.07.22-03.28.41:817][  0]LogConfig: Setting CVar [[r.MotionBlurQuality:4]]
[2019.07.22-03.28.41:817][  0]LogConfig: Setting CVar [[r.AmbientOcclusionMipLevelFactor:0.4]]
[2019.07.22-03.28.41:817][  0]LogConfig: Setting CVar [[r.AmbientOcclusionMaxQuality:100]]
[2019.07.22-03.28.41:817][  0]LogConfig: Setting CVar [[r.AmbientOcclusionLevels:-1]]
[2019.07.22-03.28.41:817][  0]LogConfig: Setting CVar [[r.AmbientOcclusionRadiusScale:1.0]]
[2019.07.22-03.28.41:817][  0]LogConfig: Setting CVar [[r.DepthOfFieldQuality:2]]
[2019.07.22-03.28.41:817][  0]LogConfig: Setting CVar [[r.RenderTargetPoolMin:400]]
[2019.07.22-03.28.41:817][  0]LogConfig: Setting CVar [[r.LensFlareQuality:2]]
[2019.07.22-03.28.41:817][  0]LogConfig: Setting CVar [[r.SceneColorFringeQuality:1]]
[2019.07.22-03.28.41:817][  0]LogConfig: Setting CVar [[r.EyeAdaptationQuality:2]]
[2019.07.22-03.28.41:817][  0]LogConfig: Setting CVar [[r.BloomQuality:5]]
[2019.07.22-03.28.41:817][  0]LogConfig: Setting CVar [[r.FastBlurThreshold:100]]
[2019.07.22-03.28.41:817][  0]LogConfig: Setting CVar [[r.Upscale.Quality:3]]
[2019.07.22-03.28.41:817][  0]LogConfig: Setting CVar [[r.Tonemapper.GrainQuantization:1]]
[2019.07.22-03.28.41:817][  0]LogConfig: Setting CVar [[r.LightShaftQuality:1]]
[2019.07.22-03.28.41:817][  0]LogConfig: Setting CVar [[r.Filter.SizeScale:1]]
[2019.07.22-03.28.41:817][  0]LogConfig: Setting CVar [[r.Tonemapper.Quality:5]]
[2019.07.22-03.28.41:817][  0]LogConfig: Setting CVar [[r.DOF.Gather.AccumulatorQuality:1        ; higher gathering accumulator quality]]
[2019.07.22-03.28.41:817][  0]LogConfig: Setting CVar [[r.DOF.Gather.PostfilterMethod:1          ; Median3x3 postfilering method]]
[2019.07.22-03.28.41:817][  0]LogConfig: Setting CVar [[r.DOF.Gather.EnableBokehSettings:0       ; no bokeh simulation when gathering]]
[2019.07.22-03.28.41:817][  0]LogConfig: Setting CVar [[r.DOF.Gather.RingCount:4                 ; medium number of samples when gathering]]
[2019.07.22-03.28.41:817][  0]LogConfig: Setting CVar [[r.DOF.Scatter.ForegroundCompositing:1    ; additive foreground scattering]]
[2019.07.22-03.28.41:817][  0]LogConfig: Setting CVar [[r.DOF.Scatter.BackgroundCompositing:2    ; additive background scattering]]
[2019.07.22-03.28.41:817][  0]LogConfig: Setting CVar [[r.DOF.Scatter.EnableBokehSettings:1      ; bokeh simulation when scattering]]
[2019.07.22-03.28.41:817][  0]LogConfig: Setting CVar [[r.DOF.Scatter.MaxSpriteRatio:0.1         ; only a maximum of 10% of scattered bokeh]]
[2019.07.22-03.28.41:817][  0]LogConfig: Setting CVar [[r.DOF.Recombine.Quality:1                ; cheap slight out of focus]]
[2019.07.22-03.28.41:818][  0]LogConfig: Setting CVar [[r.DOF.Recombine.EnableBokehSettings:0    ; no bokeh simulation on slight out of focus]]
[2019.07.22-03.28.41:818][  0]LogConfig: Setting CVar [[r.DOF.TemporalAAQuality:1                ; more stable temporal accumulation]]
[2019.07.22-03.28.41:818][  0]LogConfig: Setting CVar [[r.DOF.Kernel.MaxForegroundRadius:0.025]]
[2019.07.22-03.28.41:818][  0]LogConfig: Setting CVar [[r.DOF.Kernel.MaxBackgroundRadius:0.025]]
[2019.07.22-03.28.41:818][  0]LogConfig: Applying CVar settings from Section [TextureQuality@3] File [D:/Work/Unreal Projects/Sample/Demo1/Demo_Lan/Saved/Config/Windows/Scalability.ini]
[2019.07.22-03.28.41:818][  0]LogConfig: Setting CVar [[r.Streaming.MipBias:0]]
[2019.07.22-03.28.41:818][  0]LogConfig: Setting CVar [[r.Streaming.AmortizeCPUToGPUCopy:0]]
[2019.07.22-03.28.41:818][  0]LogConfig: Setting CVar [[r.Streaming.MaxNumTexturesToStreamPerFrame:0]]
[2019.07.22-03.28.41:818][  0]LogConfig: Setting CVar [[r.Streaming.Boost:1]]
[2019.07.22-03.28.41:818][  0]LogConfig: Setting CVar [[r.MaxAnisotropy:8]]
[2019.07.22-03.28.41:818][  0]LogConfig: Setting CVar [[r.Streaming.LimitPoolSizeToVRAM:0]]
[2019.07.22-03.28.41:818][  0]LogConfig: Setting CVar [[r.Streaming.PoolSize:1000]]
[2019.07.22-03.28.41:818][  0]LogConfig: Setting CVar [[r.Streaming.MaxEffectiveScreenSize:0]]
[2019.07.22-03.28.41:818][  0]LogConfig: Applying CVar settings from Section [EffectsQuality@3] File [D:/Work/Unreal Projects/Sample/Demo1/Demo_Lan/Saved/Config/Windows/Scalability.ini]
[2019.07.22-03.28.41:818][  0]LogConfig: Setting CVar [[r.TranslucencyLightingVolumeDim:64]]
[2019.07.22-03.28.41:818][  0]LogConfig: Setting CVar [[r.RefractionQuality:2]]
[2019.07.22-03.28.41:818][  0]LogConfig: Setting CVar [[r.SSR.Quality:3]]
[2019.07.22-03.28.41:818][  0]LogConfig: Setting CVar [[r.SceneColorFormat:4]]
[2019.07.22-03.28.41:818][  0]LogConfig: Setting CVar [[r.DetailMode:2]]
[2019.07.22-03.28.41:818][  0]LogConfig: Setting CVar [[r.TranslucencyVolumeBlur:1]]
[2019.07.22-03.28.41:818][  0]LogConfig: Setting CVar [[r.MaterialQualityLevel:1 ; High quality]]
[2019.07.22-03.28.41:818][  0]LogConfig: Setting CVar [[r.SSS.Scale:1]]
[2019.07.22-03.28.41:818][  0]LogConfig: Setting CVar [[r.SSS.SampleSet:2]]
[2019.07.22-03.28.41:818][  0]LogConfig: Setting CVar [[r.SSS.Quality:1]]
[2019.07.22-03.28.41:818][  0]LogConfig: Setting CVar [[r.SSS.HalfRes:1]]
[2019.07.22-03.28.41:818][  0]LogConfig: Setting CVar [[r.EmitterSpawnRateScale:1.0]]
[2019.07.22-03.28.41:818][  0]LogConfig: Setting CVar [[r.ParticleLightQuality:2]]
[2019.07.22-03.28.41:818][  0]LogConfig: Applying CVar settings from Section [FoliageQuality@3] File [D:/Work/Unreal Projects/Sample/Demo1/Demo_Lan/Saved/Config/Windows/Scalability.ini]
[2019.07.22-03.28.41:818][  0]LogConfig: Setting CVar [[foliage.DensityScale:1.0]]
[2019.07.22-03.28.41:818][  0]LogConfig: Setting CVar [[grass.DensityScale:1.0]]
[2019.07.22-03.28.41:819][  0]LogInit: Selected Device Profile: [Windows]
[2019.07.22-03.28.41:819][  0]LogInit: Applying CVar settings loaded from the selected device profile: [Windows]
[2019.07.22-03.28.41:828][  0]LogHAL: Display: Platform has ~ 16 GB [17111818240 / 17179869184 / 16], which maps to Larger [LargestMinGB=32, LargerMinGB=12, DefaultMinGB=8, SmallerMinGB=6, SmallestMinGB=0)
[2019.07.22-03.28.41:828][  0]LogConfig: Setting CVar [[r.Vulkan.UseRealUBs:0		; Required until we fix HLR fall-out]]
[2019.07.22-03.28.41:828][  0]LogInit: Going up to parent DeviceProfile []
[2019.07.22-03.28.41:828][  0]LogConfig: Applying CVar settings from Section [ViewDistanceQuality@3] File [D:/Work/Unreal Projects/Sample/Demo1/Demo_Lan/Saved/Config/Windows/Scalability.ini]
[2019.07.22-03.28.41:828][  0]LogConfig: Setting CVar [[r.SkeletalMeshLODBias:0]]
[2019.07.22-03.28.41:828][  0]LogConfig: Setting CVar [[r.ViewDistanceScale:1.0]]
[2019.07.22-03.28.41:828][  0]LogConfig: Applying CVar settings from Section [AntiAliasingQuality@3] File [D:/Work/Unreal Projects/Sample/Demo1/Demo_Lan/Saved/Config/Windows/Scalability.ini]
[2019.07.22-03.28.41:828][  0]LogConfig: Setting CVar [[r.PostProcessAAQuality:4]]
[2019.07.22-03.28.41:828][  0]LogConfig: Applying CVar settings from Section [ShadowQuality@3] File [D:/Work/Unreal Projects/Sample/Demo1/Demo_Lan/Saved/Config/Windows/Scalability.ini]
[2019.07.22-03.28.41:828][  0]LogConfig: Setting CVar [[r.LightFunctionQuality:1]]
[2019.07.22-03.28.41:828][  0]LogConfig: Setting CVar [[r.ShadowQuality:5]]
[2019.07.22-03.28.41:828][  0]LogConfig: Setting CVar [[r.Shadow.CSM.MaxCascades:10]]
[2019.07.22-03.28.41:828][  0]LogConfig: Setting CVar [[r.Shadow.MaxResolution:2048]]
[2019.07.22-03.28.41:828][  0]LogConfig: Setting CVar [[r.Shadow.MaxCSMResolution:2048]]
[2019.07.22-03.28.41:828][  0]LogConfig: Setting CVar [[r.Shadow.RadiusThreshold:0.01]]
[2019.07.22-03.28.41:828][  0]LogConfig: Setting CVar [[r.Shadow.DistanceScale:1.0]]
[2019.07.22-03.28.41:828][  0]LogConfig: Setting CVar [[r.Shadow.CSM.TransitionScale:1.0]]
[2019.07.22-03.28.41:828][  0]LogConfig: Setting CVar [[r.Shadow.PreShadowResolutionFactor:1.0]]
[2019.07.22-03.28.41:828][  0]LogConfig: Setting CVar [[r.DistanceFieldShadowing:1]]
[2019.07.22-03.28.41:828][  0]LogConfig: Setting CVar [[r.DistanceFieldAO:1]]
[2019.07.22-03.28.41:828][  0]LogConfig: Setting CVar [[r.AOQuality:2]]
[2019.07.22-03.28.41:828][  0]LogConfig: Setting CVar [[r.VolumetricFog:1]]
[2019.07.22-03.28.41:828][  0]LogConfig: Setting CVar [[r.VolumetricFog.GridPixelSize:8]]
[2019.07.22-03.28.41:828][  0]LogConfig: Setting CVar [[r.VolumetricFog.GridSizeZ:128]]
[2019.07.22-03.28.41:828][  0]LogConfig: Setting CVar [[r.VolumetricFog.HistoryMissSupersampleCount:4]]
[2019.07.22-03.28.41:828][  0]LogConfig: Setting CVar [[r.LightMaxDrawDistanceScale:1]]
[2019.07.22-03.28.41:828][  0]LogConfig: Setting CVar [[r.CapsuleShadows:1]]
[2019.07.22-03.28.41:828][  0]LogConfig: Applying CVar settings from Section [PostProcessQuality@3] File [D:/Work/Unreal Projects/Sample/Demo1/Demo_Lan/Saved/Config/Windows/Scalability.ini]
[2019.07.22-03.28.41:828][  0]LogConfig: Setting CVar [[r.MotionBlurQuality:4]]
[2019.07.22-03.28.41:828][  0]LogConfig: Setting CVar [[r.AmbientOcclusionMipLevelFactor:0.4]]
[2019.07.22-03.28.41:828][  0]LogConfig: Setting CVar [[r.AmbientOcclusionMaxQuality:100]]
[2019.07.22-03.28.41:828][  0]LogConfig: Setting CVar [[r.AmbientOcclusionLevels:-1]]
[2019.07.22-03.28.41:828][  0]LogConfig: Setting CVar [[r.AmbientOcclusionRadiusScale:1.0]]
[2019.07.22-03.28.41:828][  0]LogConfig: Setting CVar [[r.DepthOfFieldQuality:2]]
[2019.07.22-03.28.41:828][  0]LogConfig: Setting CVar [[r.RenderTargetPoolMin:400]]
[2019.07.22-03.28.41:828][  0]LogConfig: Setting CVar [[r.LensFlareQuality:2]]
[2019.07.22-03.28.41:829][  0]LogConfig: Setting CVar [[r.SceneColorFringeQuality:1]]
[2019.07.22-03.28.41:829][  0]LogConfig: Setting CVar [[r.EyeAdaptationQuality:2]]
[2019.07.22-03.28.41:829][  0]LogConfig: Setting CVar [[r.BloomQuality:5]]
[2019.07.22-03.28.41:829][  0]LogConfig: Setting CVar [[r.FastBlurThreshold:100]]
[2019.07.22-03.28.41:829][  0]LogConfig: Setting CVar [[r.Upscale.Quality:3]]
[2019.07.22-03.28.41:829][  0]LogConfig: Setting CVar [[r.Tonemapper.GrainQuantization:1]]
[2019.07.22-03.28.41:829][  0]LogConfig: Setting CVar [[r.LightShaftQuality:1]]
[2019.07.22-03.28.41:829][  0]LogConfig: Setting CVar [[r.Filter.SizeScale:1]]
[2019.07.22-03.28.41:829][  0]LogConfig: Setting CVar [[r.Tonemapper.Quality:5]]
[2019.07.22-03.28.41:829][  0]LogConfig: Setting CVar [[r.DOF.Gather.AccumulatorQuality:1        ; higher gathering accumulator quality]]
[2019.07.22-03.28.41:829][  0]LogConfig: Setting CVar [[r.DOF.Gather.PostfilterMethod:1          ; Median3x3 postfilering method]]
[2019.07.22-03.28.41:829][  0]LogConfig: Setting CVar [[r.DOF.Gather.EnableBokehSettings:0       ; no bokeh simulation when gathering]]
[2019.07.22-03.28.41:829][  0]LogConfig: Setting CVar [[r.DOF.Gather.RingCount:4                 ; medium number of samples when gathering]]
[2019.07.22-03.28.41:829][  0]LogConfig: Setting CVar [[r.DOF.Scatter.ForegroundCompositing:1    ; additive foreground scattering]]
[2019.07.22-03.28.41:829][  0]LogConfig: Setting CVar [[r.DOF.Scatter.BackgroundCompositing:2    ; additive background scattering]]
[2019.07.22-03.28.41:829][  0]LogConfig: Setting CVar [[r.DOF.Scatter.EnableBokehSettings:1      ; bokeh simulation when scattering]]
[2019.07.22-03.28.41:829][  0]LogConfig: Setting CVar [[r.DOF.Scatter.MaxSpriteRatio:0.1         ; only a maximum of 10% of scattered bokeh]]
[2019.07.22-03.28.41:829][  0]LogConfig: Setting CVar [[r.DOF.Recombine.Quality:1                ; cheap slight out of focus]]
[2019.07.22-03.28.41:829][  0]LogConfig: Setting CVar [[r.DOF.Recombine.EnableBokehSettings:0    ; no bokeh simulation on slight out of focus]]
[2019.07.22-03.28.41:829][  0]LogConfig: Setting CVar [[r.DOF.TemporalAAQuality:1                ; more stable temporal accumulation]]
[2019.07.22-03.28.41:829][  0]LogConfig: Setting CVar [[r.DOF.Kernel.MaxForegroundRadius:0.025]]
[2019.07.22-03.28.41:829][  0]LogConfig: Setting CVar [[r.DOF.Kernel.MaxBackgroundRadius:0.025]]
[2019.07.22-03.28.41:829][  0]LogConfig: Applying CVar settings from Section [TextureQuality@3] File [D:/Work/Unreal Projects/Sample/Demo1/Demo_Lan/Saved/Config/Windows/Scalability.ini]
[2019.07.22-03.28.41:829][  0]LogConfig: Setting CVar [[r.Streaming.MipBias:0]]
[2019.07.22-03.28.41:829][  0]LogConfig: Setting CVar [[r.Streaming.AmortizeCPUToGPUCopy:0]]
[2019.07.22-03.28.41:829][  0]LogConfig: Setting CVar [[r.Streaming.MaxNumTexturesToStreamPerFrame:0]]
[2019.07.22-03.28.41:829][  0]LogConfig: Setting CVar [[r.Streaming.Boost:1]]
[2019.07.22-03.28.41:829][  0]LogConfig: Setting CVar [[r.MaxAnisotropy:8]]
[2019.07.22-03.28.41:829][  0]LogConfig: Setting CVar [[r.Streaming.LimitPoolSizeToVRAM:0]]
[2019.07.22-03.28.41:829][  0]LogConfig: Setting CVar [[r.Streaming.PoolSize:1000]]
[2019.07.22-03.28.41:829][  0]LogConfig: Setting CVar [[r.Streaming.MaxEffectiveScreenSize:0]]
[2019.07.22-03.28.41:829][  0]LogConfig: Applying CVar settings from Section [EffectsQuality@3] File [D:/Work/Unreal Projects/Sample/Demo1/Demo_Lan/Saved/Config/Windows/Scalability.ini]
[2019.07.22-03.28.41:829][  0]LogConfig: Setting CVar [[r.TranslucencyLightingVolumeDim:64]]
[2019.07.22-03.28.41:829][  0]LogConfig: Setting CVar [[r.RefractionQuality:2]]
[2019.07.22-03.28.41:829][  0]LogConfig: Setting CVar [[r.SSR.Quality:3]]
[2019.07.22-03.28.41:829][  0]LogConfig: Setting CVar [[r.SceneColorFormat:4]]
[2019.07.22-03.28.41:829][  0]LogConfig: Setting CVar [[r.DetailMode:2]]
[2019.07.22-03.28.41:829][  0]LogConfig: Setting CVar [[r.TranslucencyVolumeBlur:1]]
[2019.07.22-03.28.41:829][  0]LogConfig: Setting CVar [[r.MaterialQualityLevel:1 ; High quality]]
[2019.07.22-03.28.41:829][  0]LogConfig: Setting CVar [[r.SSS.Scale:1]]
[2019.07.22-03.28.41:829][  0]LogConfig: Setting CVar [[r.SSS.SampleSet:2]]
[2019.07.22-03.28.41:829][  0]LogConfig: Setting CVar [[r.SSS.Quality:1]]
[2019.07.22-03.28.41:829][  0]LogConfig: Setting CVar [[r.SSS.HalfRes:1]]
[2019.07.22-03.28.41:829][  0]LogConfig: Setting CVar [[r.EmitterSpawnRateScale:1.0]]
[2019.07.22-03.28.41:829][  0]LogConfig: Setting CVar [[r.ParticleLightQuality:2]]
[2019.07.22-03.28.41:829][  0]LogConfig: Applying CVar settings from Section [FoliageQuality@3] File [D:/Work/Unreal Projects/Sample/Demo1/Demo_Lan/Saved/Config/Windows/Scalability.ini]
[2019.07.22-03.28.41:829][  0]LogConfig: Setting CVar [[foliage.DensityScale:1.0]]
[2019.07.22-03.28.41:829][  0]LogConfig: Setting CVar [[grass.DensityScale:1.0]]
[2019.07.22-03.28.41:829][  0]LogConfig: Applying CVar settings from Section [Startup] File [../../../Engine/Config/ConsoleVariables.ini]
[2019.07.22-03.28.41:829][  0]LogConfig: Setting CVar [[net.UseAdaptiveNetUpdateFrequency:0]]
[2019.07.22-03.28.41:829][  0]LogConfig: Setting CVar [[p.chaos.AllowCreatePhysxBodies:1]]
[2019.07.22-03.28.41:830][  0]LogConfig: Applying CVar settings from Section [ConsoleVariables] File [D:/Work/Unreal Projects/Sample/Demo1/Demo_Lan/Saved/Config/Windows/Engine.ini]
[2019.07.22-03.28.41:830][  0]LogInit: Computer: DESKTOP-6CMJAGG
[2019.07.22-03.28.41:830][  0]LogInit: User: clove
[2019.07.22-03.28.41:830][  0]LogInit: CPU Page size=4096, Cores=4
[2019.07.22-03.28.41:830][  0]LogInit: High frequency timer resolution =3.507505 MHz
[2019.07.22-03.28.41:830][  0]LogMemory: Memory total: Physical=15.9GB (16GB approx)
[2019.07.22-03.28.41:830][  0]LogMemory: Platform Memory Stats for Windows
[2019.07.22-03.28.41:830][  0]LogMemory: Process Physical Memory: 96.00 MB used, 96.00 MB peak
[2019.07.22-03.28.41:830][  0]LogMemory: Process Virtual Memory: 90.43 MB used, 90.43 MB peak
[2019.07.22-03.28.41:830][  0]LogMemory: Physical Memory: 8704.49 MB used,  7614.61 MB free, 16319.10 MB total
[2019.07.22-03.28.41:830][  0]LogMemory: Virtual Memory: 4660.73 MB used,  134213064.00 MB free, 134217728.00 MB total
[2019.07.22-03.28.41:859][  0]LogInit: Using OS detected language (ko-KR).
[2019.07.22-03.28.41:859][  0]LogInit: Using OS detected locale (ko-KR).
[2019.07.22-03.28.41:860][  0]LogTextLocalizationManager: No specific localization for 'ko-KR' exists, so the 'ko' localization will be used.
[2019.07.22-03.28.41:949][  0]LogInit: Setting process to per monitor DPI aware
[2019.07.22-03.28.41:995][  0]LogSlate: New Slate User Created.  User Index 0, Is Virtual User: 0
[2019.07.22-03.28.41:995][  0]LogSlate: Slate User Registered.  User Index 0, Is Virtual User: 0
[2019.07.22-03.28.42:150][  0]LogHMD: Failed to initialize OpenVR with code 110
[2019.07.22-03.28.42:150][  0]LogD3D11RHI: D3D11 adapters:
[2019.07.22-03.28.42:216][  0]LogD3D11RHI:    0. 'NVIDIA GeForce GTX 960' (Feature Level 11_0)
[2019.07.22-03.28.42:216][  0]LogD3D11RHI:       2007/0/8159 MB DedicatedVideo/DedicatedSystem/SharedSystem, Outputs:2, VendorId:0x10de
[2019.07.22-03.28.42:218][  0]LogD3D11RHI:    1. 'Microsoft Basic Render Driver' (Feature Level 11_0)
[2019.07.22-03.28.42:218][  0]LogD3D11RHI:       0/0/8159 MB DedicatedVideo/DedicatedSystem/SharedSystem, Outputs:0, VendorId:0x1414
[2019.07.22-03.28.42:218][  0]LogD3D11RHI: Chosen D3D11 Adapter: 0
[2019.07.22-03.28.42:226][  0]LogD3D11RHI: Creating new Direct3DDevice
[2019.07.22-03.28.42:226][  0]LogD3D11RHI:     GPU DeviceId: 0x1401 (for the marketing name, search the web for "GPU Device Id")
[2019.07.22-03.28.42:226][  0]LogWindows: EnumDisplayDevices:
[2019.07.22-03.28.42:227][  0]LogWindows:    0. 'NVIDIA GeForce GTX 960' (P:1 D:1)
[2019.07.22-03.28.42:227][  0]LogWindows:    1. 'NVIDIA GeForce GTX 960' (P:0 D:1)
[2019.07.22-03.28.42:227][  0]LogWindows:    2. 'NVIDIA GeForce GTX 960' (P:0 D:0)
[2019.07.22-03.28.42:227][  0]LogWindows:    3. 'NVIDIA GeForce GTX 960' (P:0 D:0)
[2019.07.22-03.28.42:228][  0]LogWindows: DebugString: FoundDriverCount:4 
[2019.07.22-03.28.42:228][  0]LogD3D11RHI:     Adapter Name: NVIDIA GeForce GTX 960
[2019.07.22-03.28.42:228][  0]LogD3D11RHI:   Driver Version: 419.67 (internal:25.21.14.1967, unified:419.67)
[2019.07.22-03.28.42:228][  0]LogD3D11RHI:      Driver Date: 3-17-2019
[2019.07.22-03.28.42:228][  0]LogRHI: Texture pool is 1405 MB (70% of 2007 MB)
[2019.07.22-03.28.42:271][  0]LogD3D11RHI: Async texture creation enabled
[2019.07.22-03.28.42:276][  0]LogRendererCore: FGlobalReadBuffer::InitRHI
[2019.07.22-03.28.42:276][  0]LogRendererCore: FGlobalReadBuffer::InitRHI
[2019.07.22-03.28.42:276][  0]LogRendererCore: FGlobalReadBuffer::InitRHI
[2019.07.22-03.28.42:284][  0]LogD3D11RHI: GPU Timing Frequency: 1000.000000 (Debug: 2 1)
[2019.07.22-03.28.42:702][  0]LogTemp: Display: Module 'AllDesktopTargetPlatform' loaded TargetPlatform 'AllDesktop'
[2019.07.22-03.28.42:717][  0]LogTemp: Display: Module 'MacClientTargetPlatform' loaded TargetPlatform 'MacClient'
[2019.07.22-03.28.42:733][  0]LogTemp: Display: Module 'MacNoEditorTargetPlatform' loaded TargetPlatform 'MacNoEditor'
[2019.07.22-03.28.42:749][  0]LogTemp: Display: Module 'MacServerTargetPlatform' loaded TargetPlatform 'MacServer'
[2019.07.22-03.28.42:764][  0]LogTemp: Display: Module 'MacTargetPlatform' loaded TargetPlatform 'Mac'
[2019.07.22-03.28.42:780][  0]LogTemp: Display: Module 'WindowsClientTargetPlatform' loaded TargetPlatform 'WindowsClient'
[2019.07.22-03.28.42:796][  0]LogTemp: Display: Module 'WindowsNoEditorTargetPlatform' loaded TargetPlatform 'WindowsNoEditor'
[2019.07.22-03.28.42:811][  0]LogTemp: Display: Module 'WindowsServerTargetPlatform' loaded TargetPlatform 'WindowsServer'
[2019.07.22-03.28.42:819][  0]LogTemp: Display: Module 'WindowsTargetPlatform' loaded TargetPlatform 'Windows'
[2019.07.22-03.28.42:899][  0]LogTemp: Display: Module 'AndroidTargetPlatform' loaded TargetPlatform 'Android'
[2019.07.22-03.28.42:899][  0]LogTemp: Display: Module 'AndroidTargetPlatform' loaded TargetPlatform 'Android_ASTC'
[2019.07.22-03.28.42:899][  0]LogTemp: Display: Module 'AndroidTargetPlatform' loaded TargetPlatform 'Android_ATC'
[2019.07.22-03.28.42:899][  0]LogTemp: Display: Module 'AndroidTargetPlatform' loaded TargetPlatform 'Android_DXT'
[2019.07.22-03.28.42:899][  0]LogTemp: Display: Module 'AndroidTargetPlatform' loaded TargetPlatform 'Android_ETC1'
[2019.07.22-03.28.42:899][  0]LogTemp: Display: Module 'AndroidTargetPlatform' loaded TargetPlatform 'Android_ETC1a'
[2019.07.22-03.28.42:899][  0]LogTemp: Display: Module 'AndroidTargetPlatform' loaded TargetPlatform 'Android_ETC2'
[2019.07.22-03.28.42:899][  0]LogTemp: Display: Module 'AndroidTargetPlatform' loaded TargetPlatform 'Android_PVRTC'
[2019.07.22-03.28.42:899][  0]LogTemp: Display: Module 'AndroidTargetPlatform' loaded TargetPlatform 'AndroidClient'
[2019.07.22-03.28.42:899][  0]LogTemp: Display: Module 'AndroidTargetPlatform' loaded TargetPlatform 'Android_ASTCClient'
[2019.07.22-03.28.42:899][  0]LogTemp: Display: Module 'AndroidTargetPlatform' loaded TargetPlatform 'Android_ATCClient'
[2019.07.22-03.28.42:899][  0]LogTemp: Display: Module 'AndroidTargetPlatform' loaded TargetPlatform 'Android_DXTClient'
[2019.07.22-03.28.42:899][  0]LogTemp: Display: Module 'AndroidTargetPlatform' loaded TargetPlatform 'Android_ETC1Client'
[2019.07.22-03.28.42:899][  0]LogTemp: Display: Module 'AndroidTargetPlatform' loaded TargetPlatform 'Android_ETC1aClient'
[2019.07.22-03.28.42:899][  0]LogTemp: Display: Module 'AndroidTargetPlatform' loaded TargetPlatform 'Android_ETC2Client'
[2019.07.22-03.28.42:899][  0]LogTemp: Display: Module 'AndroidTargetPlatform' loaded TargetPlatform 'Android_PVRTCClient'
[2019.07.22-03.28.42:899][  0]LogTemp: Display: Module 'AndroidTargetPlatform' loaded TargetPlatform 'Android_Multi'
[2019.07.22-03.28.42:899][  0]LogTemp: Display: Module 'AndroidTargetPlatform' loaded TargetPlatform 'Android_MultiClient'
[2019.07.22-03.28.42:901][  0]LogTemp: Display: Module 'HTML5TargetPlatform' loaded TargetPlatform 'HTML5'
[2019.07.22-03.28.42:951][  0]LogTemp: Display: Module 'IOSTargetPlatform' loaded TargetPlatform 'IOSClient'
[2019.07.22-03.28.42:951][  0]LogTemp: Display: Module 'IOSTargetPlatform' loaded TargetPlatform 'IOS'
[2019.07.22-03.28.42:975][  0]LogTemp: Display: Module 'TVOSTargetPlatform' loaded TargetPlatform 'TVOSClient'
[2019.07.22-03.28.42:975][  0]LogTemp: Display: Module 'TVOSTargetPlatform' loaded TargetPlatform 'TVOS'
[2019.07.22-03.28.42:987][  0]LogTemp: Display: Module 'LinuxClientTargetPlatform' loaded TargetPlatform 'LinuxClient'
[2019.07.22-03.28.42:999][  0]LogTemp: Display: Module 'LinuxNoEditorTargetPlatform' loaded TargetPlatform 'LinuxNoEditor'
[2019.07.22-03.28.43:012][  0]LogTemp: Display: Module 'LinuxServerTargetPlatform' loaded TargetPlatform 'LinuxServer'
[2019.07.22-03.28.43:024][  0]LogTemp: Display: Module 'LinuxTargetPlatform' loaded TargetPlatform 'Linux'
[2019.07.22-03.28.43:068][  0]LogTemp: Display: Module 'LuminTargetPlatform' loaded TargetPlatform 'Lumin'
[2019.07.22-03.28.43:068][  0]LogTemp: Display: Module 'LuminTargetPlatform' loaded TargetPlatform 'LuminClient'
[2019.07.22-03.28.43:068][  0]LogTargetPlatformManager: Display: Building Assets For Windows
[2019.07.22-03.28.43:080][  0]LogAudioDebug: Display: Lib vorbis DLL was dynamically loaded.
[2019.07.22-03.28.43:149][  0]LogShaderCompilers: Guid format shader working directory is 2 characters bigger than the processId version (D:/Work/Unreal Projects/Sample/Demo1/Demo_Lan/Intermediate/Shaders/WorkingDirectory/960/).
[2019.07.22-03.28.43:149][  0]LogShaderCompilers: Cleaned the shader compiler working directory 'C:/Users/clove/AppData/Local/Temp/UnrealShaderWorkingDir/3D303CD54CD062D92BD865A68742AFF5/'.
[2019.07.22-03.28.43:152][  0]LogXGEController: Cannot use XGE Controller as Incredibuild is not installed on this machine.
[2019.07.22-03.28.43:152][  0]LogShaderCompilers: Cannot use XGE Shader Compiler as Incredibuild is not installed on this machine.
[2019.07.22-03.28.43:152][  0]LogShaderCompilers: Display: Using Local Shader Compiler.
[2019.07.22-03.28.43:698][  0]LogDerivedDataCache: Display: Max Cache Size: 512 MB
[2019.07.22-03.28.43:778][  0]LogDerivedDataCache: Loaded boot cache 0.08s 71MB C:/Users/clove/AppData/Local/UnrealEngine/4.22/DerivedDataCache/Boot.ddc.
[2019.07.22-03.28.43:778][  0]LogDerivedDataCache: Display: Loaded Boot cache: C:/Users/clove/AppData/Local/UnrealEngine/4.22/DerivedDataCache/Boot.ddc
[2019.07.22-03.28.43:778][  0]LogDerivedDataCache: FDerivedDataBackendGraph:  Pak pak cache file D:/Work/Unreal Projects/Sample/Demo1/Demo_Lan/DerivedDataCache/DDC.ddp not found, will not use a pak cache.
[2019.07.22-03.28.43:778][  0]LogDerivedDataCache: Unable to find inner node Pak for hierarchical cache Hierarchy.
[2019.07.22-03.28.43:778][  0]LogDerivedDataCache: FDerivedDataBackendGraph:  CompressedPak pak cache file D:/Work/Unreal Projects/Sample/Demo1/Demo_Lan/DerivedDataCache/Compressed.ddp not found, will not use a pak cache.
[2019.07.22-03.28.43:778][  0]LogDerivedDataCache: Unable to find inner node CompressedPak for hierarchical cache Hierarchy.
[2019.07.22-03.28.43:790][  0]LogDerivedDataCache: Display: Pak cache opened for reading ../../../Engine/DerivedDataCache/Compressed.ddp.
[2019.07.22-03.28.43:790][  0]LogDerivedDataCache: FDerivedDataBackendGraph:  EnterprisePak pak cache file ../../../Enterprise/DerivedDataCache/Compressed.ddp not found, will not use a pak cache.
[2019.07.22-03.28.43:790][  0]LogDerivedDataCache: Unable to find inner node EnterprisePak for hierarchical cache Hierarchy.
[2019.07.22-03.28.43:803][  0]LogDerivedDataCache: Using Local data cache path C:/Users/clove/AppData/Local/UnrealEngine/Common/DerivedDataCache: Writable
[2019.07.22-03.28.43:803][  0]LogDerivedDataCache: Shared data cache path not found in *engine.ini, will not use an Shared cache.
[2019.07.22-03.28.43:803][  0]LogDerivedDataCache: Unable to find inner node Shared for hierarchical cache Hierarchy.
[2019.07.22-03.28.43:824][  0]LogMaterial: Verifying Global Shaders for PCD3D_SM5
[2019.07.22-03.28.43:825][  0]LogSlate: Using FreeType 2.6.0
[2019.07.22-03.28.43:825][  0]LogSlate: SlateFontServices - WITH_FREETYPE: 1, WITH_HARFBUZZ: 1
[2019.07.22-03.28.43:910][  0]LogAssetRegistry: FAssetRegistry took 0.0335 seconds to start up
[2019.07.22-03.28.44:242][  0]LogInit: Selected Device Profile: [Windows]
[2019.07.22-03.28.44:386][  0]LogMeshReduction: Using QuadricMeshReduction for automatic static mesh reduction
[2019.07.22-03.28.44:387][  0]LogMeshReduction: Using SimplygonMeshReduction for automatic skeletal mesh reduction
[2019.07.22-03.28.44:387][  0]LogMeshReduction: Using ProxyLODMeshReduction for automatic mesh merging
[2019.07.22-03.28.44:387][  0]LogMeshReduction: No distributed automatic mesh merging module available
[2019.07.22-03.28.44:387][  0]LogMeshMerging: No distributed automatic mesh merging module available
[2019.07.22-03.28.44:396][  0]LogNetVersion: Demo_Lan 1.0.0, NetCL: 5660361, EngineNetVer: 10, GameNetVer: 0 (Checksum: 1909191840)
[2019.07.22-03.28.44:784][  0]LogPackageLocalizationCache: Processed 10 localized package path(s) for 1 prioritized culture(s) in 0.022253 seconds
[2019.07.22-03.28.44:791][  0]LogUObjectArray: 42205 objects as part of root set at end of initial load.
[2019.07.22-03.28.44:791][  0]LogUObjectAllocator: 7325032 out of 0 bytes used by permanent object pool.
[2019.07.22-03.28.44:791][  0]LogUObjectArray: CloseDisregardForGC: 0/0 objects in disregard for GC pool
[2019.07.22-03.28.45:625][  0]LogTcpMessaging: Initializing TcpMessaging bridge
[2019.07.22-03.28.45:639][  0]LogUdpMessaging: Initializing bridge on interface 0.0.0.0:0 to multicast group 230.0.0.1:6666.
[2019.07.22-03.28.45:744][  0]SourceControl: 소스 컨트롤이 꺼져 있습니다.
[2019.07.22-03.28.45:744][  0]SourceControl: 소스 컨트롤이 꺼져 있습니다.
[2019.07.22-03.28.45:746][  0]SourceControl: 소스 컨트롤이 꺼져 있습니다.
[2019.07.22-03.28.45:747][  0]SourceControl: 소스 컨트롤이 꺼져 있습니다.
[2019.07.22-03.28.45:818][  0]LogAndroidPermission: UAndroidPermissionCallbackProxy::GetInstance
[2019.07.22-03.28.45:945][  0]LogOcInput: OculusInput pre-init called
[2019.07.22-03.28.46:621][  0]LogEngine: Initializing Engine...
[2019.07.22-03.28.46:622][  0]LogHMD: Failed to initialize OpenVR with code 110
[2019.07.22-03.28.46:623][  0]LogStats: UGameplayTagsManager::InitializeManager -  0.000 s
[2019.07.22-03.28.46:831][  0]LogInit: Initializing FReadOnlyCVARCache
[2019.07.22-03.28.46:850][  0]LogAIModule: Creating AISystem for world Untitled
[2019.07.22-03.28.46:880][  0]LogInit: XAudio2 using '스피커(2- APix)' : 2 channels at 48 kHz using 16 bits per sample (channel mask 0x3)
[2019.07.22-03.28.46:893][  0]LogInit: FAudioDevice initialized.
[2019.07.22-03.28.46:894][  0]LogNetVersion: Set ProjectVersion to 1.0.0.0. Version Checksum will be recalculated on next use.
[2019.07.22-03.28.46:979][  0]LogDerivedDataCache: Saved boot cache 0.08s 71MB C:/Users/clove/AppData/Local/UnrealEngine/4.22/DerivedDataCache/Boot.ddc.
[2019.07.22-03.28.46:990][  0]LogInit: Texture streaming: Enabled
[2019.07.22-03.28.47:016][  0]LogEngineSessionManager: EngineSessionManager initialized
[2019.07.22-03.28.47:044][  0]LogInit: Transaction tracking system initialized
[2019.07.22-03.28.47:085][  0]BlueprintLog: New page: 에디터 로드
[2019.07.22-03.28.47:206][  0]LocalizationService: 현지화 서비스가 비활성화되었습니다.
[2019.07.22-03.28.47:537][  0]LogFileCache: Scanning file cache for directory 'D:/Work/Unreal Projects/Sample/Demo1/Demo_Lan/Content/' took 0.01s
[2019.07.22-03.28.47:537][  0]LogCook: Display: Max memory allowance for cook 16384mb min free memory 0mb
[2019.07.22-03.28.47:537][  0]LogCook: Display: Mobile HDR setting 1
[2019.07.22-03.28.47:734][  0]SourceControl: 소스 컨트롤이 꺼져 있습니다.
[2019.07.22-03.28.47:734][  0]Cmd: MAP LOAD FILE="D:/Work/Unreal Projects/Sample/Demo1/Demo_Lan/Content/ThirdPersonBP/Maps/ThirdPersonExampleMap.umap" TEMPLATE=0 SHOWPROGRESS=1 FEATURELEVEL=3
[2019.07.22-03.28.47:734][  0]LightingResults: New page: 라이팅 빌드
[2019.07.22-03.28.47:738][  0]MapCheck: New page: 맵 체크
[2019.07.22-03.28.47:738][  0]LightingResults: New page: 라이팅 빌드
[2019.07.22-03.28.47:768][  0]LogUObjectHash: Compacting FUObjectHashTables data took   1.80ms
[2019.07.22-03.28.48:033][  0]LogAIModule: Creating AISystem for world ThirdPersonExampleMap
[2019.07.22-03.28.48:040][  0]LogEditorServer: Finished looking for orphan Actors (0.000 secs)
[2019.07.22-03.28.48:067][  0]LogUObjectHash: Compacting FUObjectHashTables data took   2.45ms
[2019.07.22-03.28.48:067][  0]Cmd: MAP CHECKDEP NOCLEARLOG
[2019.07.22-03.28.48:067][  0]MapCheck: 맵 체크 완료: 오류 0 회, 경고 0 회, 소요 시간 0.113ms.
[2019.07.22-03.28.48:067][  0]LogFileHelpers: Loading map 'ThirdPersonExampleMap' took 0.333
[2019.07.22-03.28.48:190][  0]LogSlate: Updating window title bar state: overlay mode, drag disabled, window buttons hidden, title bar hidden
[2019.07.22-03.28.48:200][  0]LogSlate: Updating window title bar state: overlay mode, drag disabled, window buttons hidden, title bar hidden
[2019.07.22-03.28.48:207][  0]LogSlate: Updating window title bar state: overlay mode, drag disabled, window buttons hidden, title bar hidden
[2019.07.22-03.28.48:215][  0]LogSlate: Updating window title bar state: overlay mode, drag disabled, window buttons hidden, title bar hidden
[2019.07.22-03.28.48:224][  0]LogCollectionManager: Loaded 0 collections in 0.003382 seconds
[2019.07.22-03.28.48:254][  0]LogFileCache: Scanning file cache for directory 'D:/Work/Unreal Projects/Sample/Demo1/Demo_Lan/Saved/Collections/' took 0.01s
[2019.07.22-03.28.48:254][  0]LogFileCache: Scanning file cache for directory 'D:/Work/Unreal Projects/Sample/Demo1/Demo_Lan/Content/Developers/clove/Collections/' took 0.00s
[2019.07.22-03.28.48:254][  0]LogFileCache: Scanning file cache for directory 'D:/Work/Unreal Projects/Sample/Demo1/Demo_Lan/Content/Collections/' took 0.01s
[2019.07.22-03.28.48:254][  0]LogCollectionManager: Rebuilt the GUID cache for 0 collections in 0.000000 seconds
[2019.07.22-03.28.48:262][  0]LogContentBrowser: Native class hierarchy populated in 0.0077 seconds. Added 2732 classes and 659 folders.
[2019.07.22-03.28.48:273][  0]LogContentBrowser: Native class hierarchy updated for 'WidgetCarousel' in 0.0003 seconds. Added 0 classes and 0 folders.
[2019.07.22-03.28.48:275][  0]LogPakFile: Registered encryption key '00000000000000000000000000000000': 0 pak files mounted, 0 remain pending
[2019.07.22-03.28.48:275][  0]LogPakFile: Registered encryption key '00000000000000000000000000000000': 0 pak files mounted, 0 remain pending
[2019.07.22-03.28.48:276][  0]LogPakFile: Registered encryption key '00000000000000000000000000000000': 0 pak files mounted, 0 remain pending
[2019.07.22-03.28.48:276][  0]LogPakFile: Registered encryption key '00000000000000000000000000000000': 0 pak files mounted, 0 remain pending
[2019.07.22-03.28.48:277][  0]LogPakFile: Registered encryption key '00000000000000000000000000000000': 0 pak files mounted, 0 remain pending
[2019.07.22-03.28.48:277][  0]LogPakFile: Registered encryption key '00000000000000000000000000000000': 0 pak files mounted, 0 remain pending
[2019.07.22-03.28.48:278][  0]LogPakFile: Registered encryption key '00000000000000000000000000000000': 0 pak files mounted, 0 remain pending
[2019.07.22-03.28.48:278][  0]LogPakFile: Registered encryption key '00000000000000000000000000000000': 0 pak files mounted, 0 remain pending
[2019.07.22-03.28.48:279][  0]LogPakFile: Registered encryption key '00000000000000000000000000000000': 0 pak files mounted, 0 remain pending
[2019.07.22-03.28.48:279][  0]LogPakFile: Registered encryption key '00000000000000000000000000000000': 0 pak files mounted, 0 remain pending
[2019.07.22-03.28.48:280][  0]LogPakFile: Registered encryption key '00000000000000000000000000000000': 0 pak files mounted, 0 remain pending
[2019.07.22-03.28.48:280][  0]LogPakFile: Registered encryption key '00000000000000000000000000000000': 0 pak files mounted, 0 remain pending
[2019.07.22-03.28.48:280][  0]LogPakFile: Registered encryption key '00000000000000000000000000000000': 0 pak files mounted, 0 remain pending
[2019.07.22-03.28.48:281][  0]LogPakFile: Registered encryption key '00000000000000000000000000000000': 0 pak files mounted, 0 remain pending
[2019.07.22-03.28.48:281][  0]LogPakFile: Registered encryption key '00000000000000000000000000000000': 0 pak files mounted, 0 remain pending
[2019.07.22-03.28.48:282][  0]LogPakFile: Registered encryption key '00000000000000000000000000000000': 0 pak files mounted, 0 remain pending
[2019.07.22-03.28.48:282][  0]LogPakFile: Registered encryption key '00000000000000000000000000000000': 0 pak files mounted, 0 remain pending
[2019.07.22-03.28.48:283][  0]LogPakFile: Registered encryption key '00000000000000000000000000000000': 0 pak files mounted, 0 remain pending
[2019.07.22-03.28.48:283][  0]LogPakFile: Registered encryption key '00000000000000000000000000000000': 0 pak files mounted, 0 remain pending
[2019.07.22-03.28.48:283][  0]LogPakFile: Registered encryption key '00000000000000000000000000000000': 0 pak files mounted, 0 remain pending
[2019.07.22-03.28.48:284][  0]LogPakFile: Registered encryption key '00000000000000000000000000000000': 0 pak files mounted, 0 remain pending
[2019.07.22-03.28.48:284][  0]LogPakFile: Registered encryption key '00000000000000000000000000000000': 0 pak files mounted, 0 remain pending
[2019.07.22-03.28.48:285][  0]LogPakFile: Registered encryption key '00000000000000000000000000000000': 0 pak files mounted, 0 remain pending
[2019.07.22-03.28.48:285][  0]LogPakFile: Registered encryption key '00000000000000000000000000000000': 0 pak files mounted, 0 remain pending
[2019.07.22-03.28.48:286][  0]LogPakFile: Registered encryption key '00000000000000000000000000000000': 0 pak files mounted, 0 remain pending
[2019.07.22-03.28.48:286][  0]LogPakFile: Registered encryption key '00000000000000000000000000000000': 0 pak files mounted, 0 remain pending
[2019.07.22-03.28.48:328][  0]LogContentBrowser: Native class hierarchy updated for 'AddContentDialog' in 0.0002 seconds. Added 0 classes and 0 folders.
[2019.07.22-03.28.48:336][  0]LogContentBrowser: Native class hierarchy updated for 'SceneOutliner' in 0.0003 seconds. Added 1 classes and 2 folders.
[2019.07.22-03.28.48:379][  0]LogSlate: Took 0.000159 seconds to synchronously load lazily loaded font '../../../Engine/Content/Slate/Fonts/Roboto-Regular.ttf' (155K)
[2019.07.22-03.28.48:419][  0]LogSlate: Took 0.002399 seconds to synchronously load lazily loaded font '../../../Engine/Content/Editor/Slate/Fonts/NanumGothic.ttf' (4243K)
[2019.07.22-03.28.50:023][  0]LogSlate: Only BGRA pngs, bmps or icos are supported in by External Image Picker
[2019.07.22-03.28.50:093][  0]LogContentBrowser: Native class hierarchy updated for 'HierarchicalLODOutliner' in 0.0003 seconds. Added 0 classes and 0 folders.
[2019.07.22-03.28.50:093][  0]LogLoad: (Engine Initialization) Total time: 10.62 seconds
[2019.07.22-03.28.50:093][  0]LogLoad: (Engine Initialization) Total Blueprint compile time: 0.00 seconds
[2019.07.22-03.28.50:107][  0]LogWindowsTextInputMethodSystem: Display: IME system now activated using TSF (Microsoft 입력기).
[2019.07.22-03.28.50:288][  0]LogAssetRegistry: Asset discovery search completed in 6.4007 seconds
[2019.07.22-03.28.50:291][  0]LogCollectionManager: Rebuilt the object cache for 0 collections in 0.000001 seconds (found 0 objects)
[2019.07.22-03.28.50:291][  0]LogCollectionManager: Fixed up redirectors for 0 collections in 0.000061 seconds (updated 0 objects)
[2019.07.22-03.28.50:292][  0]LogContentStreaming: Texture pool size now 1000 MB
[2019.07.22-03.28.50:308][  0]LogRenderer: Reallocating scene render targets to support 64x64 Format 10 NumSamples 1 (Frame:1).
[2019.07.22-03.28.50:308][  0]LogSlate: Took 0.002992 seconds to synchronously load lazily loaded font '../../../Engine/Content/Editor/Slate/Fonts/NanumGothicBold.ttf' (4188K)
[2019.07.22-03.28.50:308][  0]LogSlate: Took 0.000206 seconds to synchronously load lazily loaded font '../../../Engine/Content/Slate/Fonts/Roboto-Bold.ttf' (160K)
[2019.07.22-03.28.50:315][  0]LogSlate: Took 0.000215 seconds to synchronously load lazily loaded font '../../../Engine/Content/Editor/Slate/Fonts/FontAwesome.ttf' (139K)
[2019.07.22-03.28.50:402][  0]LogRenderer: Reallocating scene render targets to support 804x388 Format 10 NumSamples 1 (Frame:1).
[2019.07.22-03.28.50:402][  0]LogSlate: Took 0.000146 seconds to synchronously load lazily loaded font '../../../Engine/Content/Slate/Fonts/Roboto-Light.ttf' (167K)
[2019.07.22-03.29.03:922][883]LogSlate: FSceneViewport::OnFocusLost() reason 0
[2019.07.22-03.29.04:104][883]LogTemp: Repeating last play command: 선택된 뷰포트
[2019.07.22-03.29.04:113][883]LogBlueprintUserMessages: Early PlayInEditor Detection: Level '/Game/ThirdPersonBP/Maps/ThirdPersonExampleMap.ThirdPersonExampleMap:PersistentLevel' has LevelScriptBlueprint '/Game/ThirdPersonBP/Maps/ThirdPersonExampleMap.ThirdPersonExampleMap:PersistentLevel.ThirdPersonExampleMap' with GeneratedClass '/Game/ThirdPersonBP/Maps/ThirdPersonExampleMap.ThirdPersonExampleMap_C' with ClassGeneratedBy '/Game/ThirdPersonBP/Maps/ThirdPersonExampleMap.ThirdPersonExampleMap:PersistentLevel.ThirdPersonExampleMap'
[2019.07.22-03.29.04:113][883]LogPlayLevel: PlayLevel: No blueprints needed recompiling
[2019.07.22-03.29.04:114][883]PIE: New page: PIE 세션: ThirdPersonExampleMap (2019. 7. 22. 오후 9:29:04)
[2019.07.22-03.29.04:137][883]LogPlayLevel: Creating play world package: /Game/ThirdPersonBP/Maps/UEDPIE_1_ThirdPersonExampleMap
[2019.07.22-03.29.04:154][883]LogPlayLevel: PIE: StaticDuplicateObject took: (0.017238s)
[2019.07.22-03.29.04:155][883]LogAIModule: Creating AISystem for world ThirdPersonExampleMap
[2019.07.22-03.29.04:155][883]LogPlayLevel: PIE: World Init took: (0.000703s)
[2019.07.22-03.29.04:155][883]LogPlayLevel: PIE: Created PIE world by copying editor world from /Game/ThirdPersonBP/Maps/ThirdPersonExampleMap.ThirdPersonExampleMap to /Game/ThirdPersonBP/Maps/UEDPIE_1_ThirdPersonExampleMap.ThirdPersonExampleMap (0.018274s)
[2019.07.22-03.29.04:181][883]LogUObjectHash: Compacting FUObjectHashTables data took   1.96ms
[2019.07.22-03.29.04:200][883]LogInit: XAudio2 using '스피커(2- APix)' : 2 channels at 48 kHz using 16 bits per sample (channel mask 0x3)
[2019.07.22-03.29.04:210][883]LogInit: FAudioDevice initialized.
[2019.07.22-03.29.04:253][883]LogLoad: Game class is 'ThirdPersonGameMode_C'
[2019.07.22-03.29.04:256][883]LogWorld: Bringing World /Game/ThirdPersonBP/Maps/UEDPIE_1_ThirdPersonExampleMap.ThirdPersonExampleMap up for play (max tick rate 0) at 2019.07.22-12.29.04
[2019.07.22-03.29.04:257][883]LogWorld: Bringing up level for play took: 0.002633
[2019.07.22-03.29.04:278][883]LogContentBrowser: Native class hierarchy updated for 'MovieSceneCapture' in 0.0003 seconds. Added 20 classes and 0 folders.
[2019.07.22-03.29.04:279][883]LogTemp: Display: ParseSettings for GameNetDriver
[2019.07.22-03.29.04:279][883]LogTemp: Display: ParseSettings for IpNetDriver_0
[2019.07.22-03.29.04:279][883]LogTemp: Display: ParseSettings for GameNetDriver
[2019.07.22-03.29.04:279][883]LogNet: ReplicationDriverClass is null! Not using ReplicationDriver.
[2019.07.22-03.29.04:279][883]PacketHandlerLog: DDoS detection status: detection enabled: 0 analytics enabled: 0
[2019.07.22-03.29.04:279][883]LogInit: WinSock: Socket queue 131072 / 131072
[2019.07.22-03.29.04:280][883]LogInit: WinSock: I am DESKTOP-6CMJAGG (192.168.56.1:0)
[2019.07.22-03.29.04:281][883]PacketHandlerLog: Loaded PacketHandler component: Engine.EngineHandlerComponentFactory (StatelessConnectHandlerComponent)
[2019.07.22-03.29.04:281][883]LogNet: GameNetDriver IpNetDriver_0 IpNetDriver listening on port 17777
[2019.07.22-03.29.04:281][883]PIE: /Game/ThirdPersonBP/Maps/UEDPIE_1_ThirdPersonExampleMap 에 대한 에디터에서 플레이 시작 시간: -0.822
[2019.07.22-03.29.04:285][883]LogSlate: FSceneViewport::OnFocusLost() reason 2
[2019.07.22-03.29.04:296][883]LogSlate: Updating window title bar state: overlay mode, drag disabled, window buttons hidden, title bar hidden
[2019.07.22-03.29.04:334][883]LogNet: Browse: 127.0.0.1:17777//Game/ThirdPersonBP/Maps/ThirdPersonExampleMap
[2019.07.22-03.29.04:334][883]LogTemp: Display: ParseSettings for GameNetDriver
[2019.07.22-03.29.04:334][883]LogTemp: Display: ParseSettings for IpNetDriver_1
[2019.07.22-03.29.04:334][883]LogTemp: Display: ParseSettings for PendingNetDriver
[2019.07.22-03.29.04:334][883]LogInit: WinSock: Socket queue 32768 / 32768
[2019.07.22-03.29.04:335][883]PacketHandlerLog: Loaded PacketHandler component: Engine.EngineHandlerComponentFactory (StatelessConnectHandlerComponent)
[2019.07.22-03.29.04:335][883]LogNet: Game client on port 17777, rate 10000
[2019.07.22-03.29.04:336][883]PIE: /Game/ThirdPersonBP/Maps/ThirdPersonExampleMap 에 대한 에디터에서 플레이 시작 시간: -0.767
[2019.07.22-03.29.04:340][883]LogBlueprintUserMessages: Late PlayInEditor Detection: Level '/Game/ThirdPersonBP/Maps/ThirdPersonExampleMap.ThirdPersonExampleMap:PersistentLevel' has LevelScriptBlueprint '/Game/ThirdPersonBP/Maps/ThirdPersonExampleMap.ThirdPersonExampleMap:PersistentLevel.ThirdPersonExampleMap' with GeneratedClass '/Game/ThirdPersonBP/Maps/ThirdPersonExampleMap.ThirdPersonExampleMap_C' with ClassGeneratedBy '/Game/ThirdPersonBP/Maps/ThirdPersonExampleMap.ThirdPersonExampleMap:PersistentLevel.ThirdPersonExampleMap'
[2019.07.22-03.29.04:340][883]LogNet: NotifyAcceptingConnection accepted from: 127.0.0.1:57109
[2019.07.22-03.29.04:340][883]LogHandshake: SendConnectChallenge. Timestamp: 0.333334, Cookie: 055152172061033245235151043215009133007183079146247060148150
[2019.07.22-03.29.04:350][883]LogHandshake: SendChallengeResponse. Timestamp: 0.333334, Cookie: 055152172061033245235151043215009133007183079146247060148150
[2019.07.22-03.29.04:375][884]LogNet: NotifyAcceptingConnection accepted from: 127.0.0.1:57109
[2019.07.22-03.29.04:376][884]LogHandshake: SendChallengeAck. InCookie: 055152172061033245235151043215009133007183079146247060148150
[2019.07.22-03.29.04:376][884]LogNet: Server accepting post-challenge connection from: 127.0.0.1:57109
[2019.07.22-03.29.04:376][884]PacketHandlerLog: Loaded PacketHandler component: Engine.EngineHandlerComponentFactory (StatelessConnectHandlerComponent)
[2019.07.22-03.29.04:376][884]LogNet: NotifyAcceptedConnection: Name: ThirdPersonExampleMap, TimeStamp: 07/22/19 12:29:04, [UNetConnection] RemoteAddr: 127.0.0.1:57109, Name: IpConnection_1, Driver: GameNetDriver IpNetDriver_0, IsServer: YES, PC: NULL, Owner: NULL, UniqueId: INVALID
[2019.07.22-03.29.04:376][884]LogNet: AddClientConnection: Added client connection: [UNetConnection] RemoteAddr: 127.0.0.1:57109, Name: IpConnection_1, Driver: GameNetDriver IpNetDriver_0, IsServer: YES, PC: NULL, Owner: NULL, UniqueId: INVALID
[2019.07.22-03.29.04:377][884]LogNetVersion: Demo_Lan 1.0.0.0, NetCL: 5660361, EngineNetVer: 10, GameNetVer: 0 (Checksum: 104345347)
[2019.07.22-03.29.04:377][884]LogNet: UPendingNetGame::SendInitialJoin: Sending hello. [UNetConnection] RemoteAddr: 127.0.0.1:17777, Name: IpConnection_0, Driver: PendingNetDriver IpNetDriver_1, IsServer: NO, PC: NULL, Owner: NULL, UniqueId: INVALID
[2019.07.22-03.29.04:471][885]LogNet: NotifyAcceptingChannel Control 0 server World /Game/ThirdPersonBP/Maps/UEDPIE_1_ThirdPersonExampleMap.ThirdPersonExampleMap: Accepted
[2019.07.22-03.29.04:471][885]LogNet: Remote platform little endian=1
[2019.07.22-03.29.04:471][885]LogNet: This platform little endian=1
[2019.07.22-03.29.04:522][886]LogNet: Login request: /Game/ThirdPersonBP/Maps/ThirdPersonExampleMap?Name=DESKTOP-6CMJAGG-22C2758B422F2DFC452B1F94F8210235 userId: NULL:DESKTOP-6CMJAGG-22C2758B422F2DFC452B1F94F8210235 platform: NULL
[2019.07.22-03.29.04:523][886]LogNet: Welcomed by server (Level: /Game/ThirdPersonBP/Maps/UEDPIE_1_ThirdPersonExampleMap, Game: /Game/ThirdPersonBP/Blueprints/ThirdPersonGameMode.ThirdPersonGameMode_C)
[2019.07.22-03.29.04:590][886]LogLoad: LoadMap: 127.0.0.1:17777//Game/ThirdPersonBP/Maps/UEDPIE_1_ThirdPersonExampleMap?game=/Game/ThirdPersonBP/Blueprints/ThirdPersonGameMode.ThirdPersonGameMode_C
[2019.07.22-03.29.04:616][886]LogUObjectHash: Compacting FUObjectHashTables data took   1.66ms
[2019.07.22-03.29.04:631][886]LogAIModule: Creating AISystem for world ThirdPersonExampleMap
[2019.07.22-03.29.04:632][886]LogTemp: Display: ParseSettings for GameNetDriver
[2019.07.22-03.29.04:638][886]LogWorld: Bringing World /Game/ThirdPersonBP/Maps/UEDPIE_2_ThirdPersonExampleMap.ThirdPersonExampleMap up for play (max tick rate 0) at 2019.07.22-12.29.04
[2019.07.22-03.29.04:638][886]LogWorld: Bringing up level for play took: 0.005992
[2019.07.22-03.29.04:638][886]LogLoad: Took 0.047587 seconds to LoadMap(/Game/ThirdPersonBP/Maps/UEDPIE_1_ThirdPersonExampleMap)
[2019.07.22-03.29.04:651][887]LogNet: Client netspeed is 10000
[2019.07.22-03.29.04:651][887]LogNet: Join request: /Game/ThirdPersonBP/Maps/ThirdPersonExampleMap?Name=DESKTOP-6CMJAGG-22C2758B422F2DFC452B1F94F8210235?SplitscreenCount=1
[2019.07.22-03.29.04:651][887]LogOnlineSession: Warning: OSS: No game present to join for session (GameSession)
[2019.07.22-03.29.04:653][887]LogNet: Join succeeded: DESKTOP-6CMJAGG-22C2
[2019.07.22-03.29.04:662][888]LogRenderer: Reallocating scene render targets to support 1272x688 Format 10 NumSamples 1 (Frame:1).
[2019.07.22-03.29.04:693][888]LogOnlineSession: Warning: OSS: No game present to join for session (GameSession)
[2019.07.22-03.29.04:693][888]LogOnlineSession: Warning: OSS: No game present to join for session (GameSession)
[2019.07.22-03.29.07:559][208]LogSlate: FSceneViewport::OnFocusLost() reason 2
[2019.07.22-03.29.09:979][483]LogBlueprintUserMessages: Early EndPlayMap Detection: Level '/Game/ThirdPersonBP/Maps/ThirdPersonExampleMap.ThirdPersonExampleMap:PersistentLevel' has LevelScriptBlueprint '/Game/ThirdPersonBP/Maps/ThirdPersonExampleMap.ThirdPersonExampleMap:PersistentLevel.ThirdPersonExampleMap' with GeneratedClass '/Game/ThirdPersonBP/Maps/ThirdPersonExampleMap.ThirdPersonExampleMap_C' with ClassGeneratedBy '/Game/ThirdPersonBP/Maps/ThirdPersonExampleMap.ThirdPersonExampleMap:PersistentLevel.ThirdPersonExampleMap'
[2019.07.22-03.29.09:979][483]LogSlate: Updating window title bar state: overlay mode, drag disabled, window buttons hidden, title bar hidden
[2019.07.22-03.29.09:986][483]LogSlate: Window 'Demo_Lan 게임 미리보기 Client 1 (64-비트/PCD3D_SM5)' being destroyed
[2019.07.22-03.29.10:024][483]LogNet: World NetDriver shutdown IpNetDriver_1 [GameNetDriver]
[2019.07.22-03.29.10:024][483]LogNet: DestroyNamedNetDriver IpNetDriver_1 [GameNetDriver]
[2019.07.22-03.29.10:024][483]LogNet: UNetConnection::Close: [UNetConnection] RemoteAddr: 127.0.0.1:17777, Name: IpConnection_0, Driver: GameNetDriver IpNetDriver_1, IsServer: NO, PC: PlayerController_1, Owner: PlayerController_1, UniqueId: NULL:DESKTOP-6CMJAGG-22C2758B422F2DFC452B1F94F8210235, Channels: 11, Time: 2019.07.22-03.29.10
[2019.07.22-03.29.10:024][483]LogNet: UChannel::Close: Sending CloseBunch. ChIndex == 0. Name: [UChannel] ChIndex: 0, Closing: 0 [UNetConnection] RemoteAddr: 127.0.0.1:17777, Name: IpConnection_0, Driver: GameNetDriver IpNetDriver_1, IsServer: NO, PC: PlayerController_1, Owner: PlayerController_1, UniqueId: NULL:DESKTOP-6CMJAGG-22C2758B422F2DFC452B1F94F8210235
[2019.07.22-03.29.10:024][483]LogExit: GameNetDriver IpNetDriver_1 shut down
[2019.07.22-03.29.10:025][483]LogOnlineSession: Warning: OSS: No game present to leave for session (GameSession)
[2019.07.22-03.29.10:025][483]LogSlate: Updating window title bar state: overlay mode, drag disabled, window buttons hidden, title bar hidden
[2019.07.22-03.29.10:050][483]LogNet: World NetDriver shutdown IpNetDriver_0 [GameNetDriver]
[2019.07.22-03.29.10:050][483]LogNet: DestroyNamedNetDriver IpNetDriver_0 [GameNetDriver]
[2019.07.22-03.29.10:050][483]LogNet: UNetConnection::Cleanup: Closing open connection. [UNetConnection] RemoteAddr: 127.0.0.1:57109, Name: IpConnection_1, Driver: GameNetDriver IpNetDriver_0, IsServer: YES, PC: PlayerController_1, Owner: PlayerController_1, UniqueId: NULL:DESKTOP-6CMJAGG-22C2758B422F2DFC452B1F94F8210235
[2019.07.22-03.29.10:050][483]LogNet: UNetConnection::Close: [UNetConnection] RemoteAddr: 127.0.0.1:57109, Name: IpConnection_1, Driver: GameNetDriver IpNetDriver_0, IsServer: YES, PC: PlayerController_1, Owner: PlayerController_1, UniqueId: NULL:DESKTOP-6CMJAGG-22C2758B422F2DFC452B1F94F8210235, Channels: 11, Time: 2019.07.22-03.29.10
[2019.07.22-03.29.10:050][483]LogNet: UChannel::Close: Sending CloseBunch. ChIndex == 0. Name: [UChannel] ChIndex: 0, Closing: 0 [UNetConnection] RemoteAddr: 127.0.0.1:57109, Name: IpConnection_1, Driver: GameNetDriver IpNetDriver_0, IsServer: YES, PC: PlayerController_1, Owner: PlayerController_1, UniqueId: NULL:DESKTOP-6CMJAGG-22C2758B422F2DFC452B1F94F8210235
[2019.07.22-03.29.10:050][483]LogExit: GameNetDriver IpNetDriver_0 shut down
[2019.07.22-03.29.10:051][483]LogPlayLevel: Display: Shutting down PIE online subsystems
[2019.07.22-03.29.10:051][483]LogBlueprintUserMessages: Late EndPlayMap Detection: Level '/Game/ThirdPersonBP/Maps/ThirdPersonExampleMap.ThirdPersonExampleMap:PersistentLevel' has LevelScriptBlueprint '/Game/ThirdPersonBP/Maps/ThirdPersonExampleMap.ThirdPersonExampleMap:PersistentLevel.ThirdPersonExampleMap' with GeneratedClass '/Game/ThirdPersonBP/Maps/ThirdPersonExampleMap.ThirdPersonExampleMap_C' with ClassGeneratedBy '/Game/ThirdPersonBP/Maps/ThirdPersonExampleMap.ThirdPersonExampleMap:PersistentLevel.ThirdPersonExampleMap'
[2019.07.22-03.29.10:075][483]LogSlate: Updating window title bar state: overlay mode, drag disabled, window buttons hidden, title bar hidden
[2019.07.22-03.29.10:078][483]LogUObjectHash: Compacting FUObjectHashTables data took   1.68ms
[2019.07.22-03.29.10:088][484]LogPlayLevel: Display: Destroying online subsystem :Context_3
[2019.07.22-03.29.10:088][484]LogPlayLevel: Display: Destroying online subsystem :Context_2
[2019.07.22-03.29.11:690][674]LogEditorViewport: Clicking on Actor (LMB): StaticMeshActor (Floor)
[2019.07.22-03.29.12:531][766]LogSlate: FSceneViewport::OnFocusLost() reason 2
[2019.07.22-03.29.13:815][916]LogUObjectHash: Compacting FUObjectHashTables data took   0.74ms
[2019.07.22-03.29.27:776][411]LogSlate: FSceneViewport::OnFocusLost() reason 0
[2019.07.22-03.29.28:918][547]LogSlate: Took 0.000167 seconds to synchronously load lazily loaded font '../../../Engine/Content/Slate/Fonts/Roboto-Light.ttf' (167K)
[2019.07.22-03.29.28:961][547]LogAIModule: Creating AISystem for world menu
[2019.07.22-03.29.28:989][547]LogAssetEditorManager: Opening Asset editor for World /Game/Dev/Map/menu.menu
[2019.07.22-03.29.29:013][547]LogUObjectHash: Compacting FUObjectHashTables data took   1.97ms
[2019.07.22-03.29.29:014][547]Cmd: MAP LOAD FILE="D:/Work/Unreal Projects/Sample/Demo1/Demo_Lan/Content/Dev/Map/menu.umap" TEMPLATE=0 SHOWPROGRESS=1 FEATURELEVEL=3
[2019.07.22-03.29.29:014][547]LightingResults: New page: 라이팅 빌드
[2019.07.22-03.29.29:015][547]LoadErrors: New page: 맵 로드중: menu.umap
[2019.07.22-03.29.29:015][547]MapCheck: New page: 맵 체크
[2019.07.22-03.29.29:015][547]LightingResults: New page: 라이팅 빌드
[2019.07.22-03.29.29:037][547]LogUObjectHash: Compacting FUObjectHashTables data took   1.80ms
[2019.07.22-03.29.29:042][547]LogEditorServer: Finished looking for orphan Actors (0.000 secs)
[2019.07.22-03.29.29:065][547]LogUObjectHash: Compacting FUObjectHashTables data took   1.52ms
[2019.07.22-03.29.29:075][547]Cmd: MAP CHECKDEP NOCLEARLOG
[2019.07.22-03.29.29:076][547]MapCheck: 맵 체크 완료: 오류 0 회, 경고 0 회, 소요 시간 0.079ms.
[2019.07.22-03.29.29:076][547]LogFileHelpers: Loading map 'menu' took 0.062
[2019.07.22-03.29.30:539][717]LogSlate: FSceneViewport::OnFocusLost() reason 0
[2019.07.22-03.29.30:638][729]LogTemp: Repeating last play command: 독립형 게임
[2019.07.22-03.29.30:664][729]LogUObjectHash: Compacting FUObjectHashTables data took   0.63ms
